[ 2016-07-10T16:36:13+08:00 ] 0.0.0.0 /edu/admin.php
INFO: [ app_begin ] --START--
INFO: ReadHtmlCache Behavior ::run [ RunTime:0.019320s ]
INFO: [ app_begin ] --END-- [ RunTime:0.025989s ]

[ 2016-07-10T16:36:13+08:00 ] 0.0.0.0 /edu/admin.php/Public/login.html
INFO: [ route_check ] --START--
INFO: CheckRoute Behavior ::run [ RunTime:0.001625s ]
INFO: [ route_check ] --END-- [ RunTime:0.001790s ]
INFO: [ app_begin ] --START--
INFO: ReadHtmlCache Behavior ::run [ RunTime:0.000879s ]
INFO: [ app_begin ] --END-- [ RunTime:0.001069s ]
INFO: [ view_parse ] --START--
NOTIC: [8] Undefined index: errorinfo D:\wamp\www\edu\Admin\Runtime\Cache\754afcf016435756ef11c645ae70896ba2ab8d15.file.login.html.php 第 74 行.
NOTIC: [8] Trying to get property of non-object D:\wamp\www\edu\Admin\Runtime\Cache\754afcf016435756ef11c645ae70896ba2ab8d15.file.login.html.php 第 74 行.
INFO: ParseTemplate Behavior ::run [ RunTime:0.169388s ]
INFO: [ view_parse ] --END-- [ RunTime:0.169562s ]
INFO: [ view_filter ] --START--
INFO: ContentReplace Behavior ::run [ RunTime:0.001385s ]
INFO: TokenBuild Behavior ::run [ RunTime:0.001331s ]
INFO: WriteHtmlCache Behavior ::run [ RunTime:0.000612s ]
INFO: ShowRuntime Behavior ::run [ RunTime:0.000943s ]
INFO: [ view_filter ] --END-- [ RunTime:0.004785s ]
INFO: [ view_end ] --START--
INFO: ShowPageTrace Behavior ::run [ RunTime:0.000909s ]
INFO: [ view_end ] --END-- [ RunTime:0.001081s ]

[ 2016-07-10T16:36:15+08:00 ] 0.0.0.0 /edu/admin.php/Public/verify/
INFO: [ route_check ] --START--
INFO: CheckRoute Behavior ::run [ RunTime:0.087355s ]
INFO: [ route_check ] --END-- [ RunTime:0.087526s ]
INFO: [ app_begin ] --START--
INFO: ReadHtmlCache Behavior ::run [ RunTime:0.000882s ]
INFO: [ app_begin ] --END-- [ RunTime:0.001018s ]

[ 2016-07-10T16:36:35+08:00 ] 0.0.0.0 /edu/admin.php/Public/checkLogin
INFO: [ route_check ] --START--
INFO: CheckRoute Behavior ::run [ RunTime:0.000965s ]
INFO: [ route_check ] --END-- [ RunTime:0.001128s ]
INFO: [ app_begin ] --START--
INFO: ReadHtmlCache Behavior ::run [ RunTime:0.000755s ]
INFO: [ app_begin ] --END-- [ RunTime:0.000891s ]
SQL: SHOW COLUMNS FROM `edu_users` [ RunTime:0.005317s ]
SQL: SELECT * FROM `edu_users` WHERE ( username = 'admin' ) LIMIT 1   [ RunTime:0.000440s ]
SQL: SELECT * FROM `edu_users` WHERE ( `id` = 55 ) LIMIT 1   [ RunTime:0.000340s ]
SQL: UPDATE `edu_users` SET `username`='admin',`userpass`='21232f297a57a5a743894a0e4a801fc3',`name`='管理员',`sex`=1,`age`=20,`email`='996204024@qq.com',`class`='74',`picture`='577f104a1cbbe.jpg',`level`=10,`point`=999,`addtime`=1467820800,`introduce`='无',`logintime`=1468043340,`logouttime`=1468043425,`loginnum`=5 WHERE ( `id` = 55 ) [ RunTime:0.000601s ]
SQL: select n.mname,n.aname from edu_userrole ur,edu_role_node rn,edu_node n where ur.rid=rn.rid and rn.nid=n.id and ur.uid=55 [ RunTime:0.000476s ]
SQL: SHOW COLUMNS FROM `edu_userrole` [ RunTime:0.005084s ]
SQL: SELECT * FROM `edu_userrole` WHERE ( uid='55' )  [ RunTime:0.000313s ]
NOTIC: [2] Invalid argument supplied for foreach() D:\wamp\www\edu\Admin\Lib\Action\PublicAction.class.php 第 53 行.

[ 2016-07-10T16:36:36+08:00 ] 0.0.0.0 /edu/admin.php/Index/index.html
INFO: [ route_check ] --START--
INFO: CheckRoute Behavior ::run [ RunTime:0.000970s ]
INFO: [ route_check ] --END-- [ RunTime:0.001130s ]
INFO: [ app_begin ] --START--
INFO: ReadHtmlCache Behavior ::run [ RunTime:0.000805s ]
INFO: [ app_begin ] --END-- [ RunTime:0.000938s ]
SQL: SHOW COLUMNS FROM `edu_users` [ RunTime:0.005701s ]
SQL: SELECT * FROM `edu_users` WHERE ( `id` = 55 ) LIMIT 1   [ RunTime:0.000401s ]
SQL: SELECT COUNT(*) AS tp_count FROM `edu_users` WHERE (  (`addtime` BETWEEN '1468043425' AND '1468139795' ) ) LIMIT 1   [ RunTime:0.000282s ]
SQL: SHOW COLUMNS FROM `edu_video` [ RunTime:0.006229s ]
SQL: SELECT COUNT(*) AS tp_count FROM `edu_video` WHERE ( status=1 ) LIMIT 1   [ RunTime:0.000347s ]
SQL: SHOW COLUMNS FROM `edu_library` [ RunTime:0.005661s ]
SQL: SELECT COUNT(*) AS tp_count FROM `edu_library` WHERE ( status=1 ) LIMIT 1   [ RunTime:0.000357s ]
SQL: SHOW COLUMNS FROM `edu_clicknum` [ RunTime:0.004925s ]
SQL: SELECT * FROM `edu_clicknum` WHERE ( `id` = 1 ) LIMIT 1   [ RunTime:0.000376s ]
INFO: [ view_parse ] --START--
INFO: ParseTemplate Behavior ::run [ RunTime:0.042483s ]
INFO: [ view_parse ] --END-- [ RunTime:0.042654s ]
INFO: [ view_filter ] --START--
INFO: ContentReplace Behavior ::run [ RunTime:0.001253s ]
INFO: TokenBuild Behavior ::run [ RunTime:0.000689s ]
INFO: WriteHtmlCache Behavior ::run [ RunTime:0.000487s ]
INFO: ShowRuntime Behavior ::run [ RunTime:0.000768s ]
INFO: [ view_filter ] --END-- [ RunTime:0.003652s ]
INFO: [ view_end ] --START--
INFO: ShowPageTrace Behavior ::run [ RunTime:0.000807s ]
INFO: [ view_end ] --END-- [ RunTime:0.000935s ]

[ 2016-07-10T16:36:50+08:00 ] 0.0.0.0 /edu/admin.php/Index/index.html
INFO: [ route_check ] --START--
INFO: CheckRoute Behavior ::run [ RunTime:0.001152s ]
INFO: [ route_check ] --END-- [ RunTime:0.001394s ]
INFO: [ app_begin ] --START--
INFO: ReadHtmlCache Behavior ::run [ RunTime:0.000760s ]
INFO: [ app_begin ] --END-- [ RunTime:0.000892s ]
SQL: SHOW COLUMNS FROM `edu_users` [ RunTime:0.006395s ]
SQL: SELECT * FROM `edu_users` WHERE ( `id` = 55 ) LIMIT 1   [ RunTime:0.000472s ]
SQL: SELECT COUNT(*) AS tp_count FROM `edu_users` WHERE (  (`addtime` BETWEEN '1468043425' AND '1468139795' ) ) LIMIT 1   [ RunTime:0.000393s ]
SQL: SHOW COLUMNS FROM `edu_video` [ RunTime:0.005643s ]
SQL: SELECT COUNT(*) AS tp_count FROM `edu_video` WHERE ( status=1 ) LIMIT 1   [ RunTime:0.000347s ]
SQL: SHOW COLUMNS FROM `edu_library` [ RunTime:0.006088s ]
SQL: SELECT COUNT(*) AS tp_count FROM `edu_library` WHERE ( status=1 ) LIMIT 1   [ RunTime:0.000341s ]
SQL: SHOW COLUMNS FROM `edu_clicknum` [ RunTime:0.004660s ]
SQL: SELECT * FROM `edu_clicknum` WHERE ( `id` = 1 ) LIMIT 1   [ RunTime:0.000311s ]
INFO: [ view_parse ] --START--
INFO: ParseTemplate Behavior ::run [ RunTime:0.014371s ]
INFO: [ view_parse ] --END-- [ RunTime:0.014545s ]
INFO: [ view_filter ] --START--
INFO: ContentReplace Behavior ::run [ RunTime:0.000690s ]
INFO: TokenBuild Behavior ::run [ RunTime:0.000648s ]
INFO: WriteHtmlCache Behavior ::run [ RunTime:0.000527s ]
INFO: ShowRuntime Behavior ::run [ RunTime:0.000769s ]
INFO: [ view_filter ] --END-- [ RunTime:0.002994s ]
INFO: [ view_end ] --START--
INFO: ShowPageTrace Behavior ::run [ RunTime:0.000837s ]
INFO: [ view_end ] --END-- [ RunTime:0.001048s ]

[ 2016-07-10T16:37:20+08:00 ] 0.0.0.0 /edu/admin.php/Library/index?_=1468139839886
INFO: [ route_check ] --START--
INFO: CheckRoute Behavior ::run [ RunTime:0.001219s ]
INFO: [ route_check ] --END-- [ RunTime:0.001398s ]
INFO: [ app_begin ] --START--
INFO: ReadHtmlCache Behavior ::run [ RunTime:0.001743s ]
INFO: [ app_begin ] --END-- [ RunTime:0.001922s ]
SQL: SELECT COUNT(*) AS tp_count FROM `edu_library` LIMIT 1   [ RunTime:0.000293s ]
SQL: SELECT * FROM `edu_library` ORDER BY id desc LIMIT 0,10   [ RunTime:0.000483s ]
SQL: SHOW COLUMNS FROM `edu_users` [ RunTime:0.005370s ]
SQL: SHOW COLUMNS FROM `edu_cat` [ RunTime:0.005040s ]
SQL: SELECT `username` FROM `edu_users` WHERE ( `id` = 55 ) LIMIT 1   [ RunTime:0.000340s ]
SQL: SELECT `name` FROM `edu_cat` WHERE ( `id` = 23 ) LIMIT 1   [ RunTime:0.000327s ]
NOTIC: [8] Undefined variable: search D:\wamp\www\edu\Admin\Lib\Action\CommonAction.class.php 第 310 行.
NOTIC: [8] Undefined index: values D:\wamp\www\edu\Admin\Lib\Action\CommonAction.class.php 第 311 行.
NOTIC: [8] Undefined index: id D:\wamp\www\edu\Admin\Lib\Action\CatAction.class.php 第 179 行.
SQL: SELECT `id`,`name`,`path` FROM `edu_cat` ORDER BY concat(path,id)  [ RunTime:0.000549s ]
INFO: [ view_parse ] --START--
NOTIC: [2] filemtime(): stat failed for ./Admin/Runtime/Cache\68b8faa12b2473ad5f86c5375814ba75b59cef6d.file.index.html.php D:\wamp\www\edu\ThinkPHP\Extend\Vendor\Smarty\sysplugins\smarty_resource.php 第 683 行.
NOTIC: [2] unlink(./Admin/Runtime/Cache\68b8faa12b2473ad5f86c5375814ba75b59cef6d.file.index.html.php): No such file or directory D:\wamp\www\edu\ThinkPHP\Extend\Vendor\Smarty\sysplugins\smarty_internal_write_file.php 第 49 行.
NOTIC: [8] Undefined index: _order D:\wamp\www\edu\Admin\Runtime\Cache\9b58476071dcf322d7a032b16e5bfba3e2c4a166.file.pagerForm.html.php 第 32 行.
NOTIC: [8] Undefined index: _sort D:\wamp\www\edu\Admin\Runtime\Cache\9b58476071dcf322d7a032b16e5bfba3e2c4a166.file.pagerForm.html.php 第 34 行.
NOTIC: [8] Undefined index: title D:\wamp\www\edu\Admin\Runtime\Cache\68b8faa12b2473ad5f86c5375814ba75b59cef6d.file.index.html.php 第 49 行.
NOTIC: [8] Undefined index: username D:\wamp\www\edu\Admin\Runtime\Cache\68b8faa12b2473ad5f86c5375814ba75b59cef6d.file.index.html.php 第 53 行.
NOTIC: [8] Undefined index: _sort D:\wamp\www\edu\Admin\Runtime\Cache\68b8faa12b2473ad5f86c5375814ba75b59cef6d.file.index.html.php 第 79 行.
INFO: ParseTemplate Behavior ::run [ RunTime:0.417968s ]
INFO: [ view_parse ] --END-- [ RunTime:0.418092s ]
INFO: [ view_filter ] --START--
INFO: ContentReplace Behavior ::run [ RunTime:0.000858s ]
INFO: TokenBuild Behavior ::run [ RunTime:0.000740s ]
INFO: WriteHtmlCache Behavior ::run [ RunTime:0.000626s ]
INFO: ShowRuntime Behavior ::run [ RunTime:0.000837s ]
INFO: [ view_filter ] --END-- [ RunTime:0.003365s ]
INFO: [ view_end ] --START--
INFO: ShowPageTrace Behavior ::run [ RunTime:0.000897s ]
INFO: [ view_end ] --END-- [ RunTime:0.001004s ]

[ 2016-07-10T16:37:28+08:00 ] 0.0.0.0 /edu/admin.php/Video/index?_=1468139848358
INFO: [ route_check ] --START--
INFO: CheckRoute Behavior ::run [ RunTime:0.002266s ]
INFO: [ route_check ] --END-- [ RunTime:0.002719s ]
INFO: [ app_begin ] --START--
INFO: ReadHtmlCache Behavior ::run [ RunTime:0.001125s ]
INFO: [ app_begin ] --END-- [ RunTime:0.001483s ]
SQL: SHOW COLUMNS FROM `edu_video` [ RunTime:0.005348s ]
SQL: SELECT COUNT(*) AS tp_count FROM `edu_video` LIMIT 1   [ RunTime:0.000290s ]
SQL: SELECT * FROM `edu_video` ORDER BY id desc LIMIT 0,10   [ RunTime:0.000463s ]
SQL: SHOW COLUMNS FROM `edu_users` [ RunTime:0.005293s ]
SQL: SHOW COLUMNS FROM `edu_cat` [ RunTime:0.006357s ]
SQL: SELECT `username` FROM `edu_users` WHERE ( `id` = 55 ) LIMIT 1   [ RunTime:0.000333s ]
SQL: SELECT `name` FROM `edu_cat` WHERE ( `id` = 2 ) LIMIT 1   [ RunTime:0.000286s ]
SQL: SELECT `username` FROM `edu_users` WHERE ( `id` = 0 ) LIMIT 1   [ RunTime:0.000295s ]
SQL: SELECT `name` FROM `edu_cat` WHERE ( `id` = 0 ) LIMIT 1   [ RunTime:0.000252s ]
SQL: SELECT `username` FROM `edu_users` WHERE ( `id` = 0 ) LIMIT 1   [ RunTime:0.000265s ]
SQL: SELECT `name` FROM `edu_cat` WHERE ( `id` = 0 ) LIMIT 1   [ RunTime:0.000260s ]
NOTIC: [8] Undefined variable: search D:\wamp\www\edu\Admin\Lib\Action\CommonAction.class.php 第 310 行.
NOTIC: [8] Undefined index: values D:\wamp\www\edu\Admin\Lib\Action\CommonAction.class.php 第 311 行.
NOTIC: [8] Undefined index: id D:\wamp\www\edu\Admin\Lib\Action\CatAction.class.php 第 179 行.
SQL: SELECT `id`,`name`,`path` FROM `edu_cat` ORDER BY concat(path,id)  [ RunTime:0.000451s ]
INFO: [ view_parse ] --START--
NOTIC: [8] Undefined index: _order D:\wamp\www\edu\Admin\Runtime\Cache\9b58476071dcf322d7a032b16e5bfba3e2c4a166.file.pagerForm.html.php 第 32 行.
NOTIC: [8] Undefined index: _sort D:\wamp\www\edu\Admin\Runtime\Cache\9b58476071dcf322d7a032b16e5bfba3e2c4a166.file.pagerForm.html.php 第 34 行.
NOTIC: [8] Undefined index: videoname D:\wamp\www\edu\Admin\Runtime\Cache\8bda5c121dc61930d0dd84fa7a1d8506b8232520.file.index.html.php 第 49 行.
NOTIC: [8] Undefined index: username D:\wamp\www\edu\Admin\Runtime\Cache\8bda5c121dc61930d0dd84fa7a1d8506b8232520.file.index.html.php 第 53 行.
NOTIC: [8] Undefined index: _sort D:\wamp\www\edu\Admin\Runtime\Cache\8bda5c121dc61930d0dd84fa7a1d8506b8232520.file.index.html.php 第 79 行.
INFO: ParseTemplate Behavior ::run [ RunTime:0.041392s ]
INFO: [ view_parse ] --END-- [ RunTime:0.041521s ]
INFO: [ view_filter ] --START--
INFO: ContentReplace Behavior ::run [ RunTime:0.000807s ]
INFO: TokenBuild Behavior ::run [ RunTime:0.000710s ]
INFO: WriteHtmlCache Behavior ::run [ RunTime:0.000503s ]
INFO: ShowRuntime Behavior ::run [ RunTime:0.000818s ]
INFO: [ view_filter ] --END-- [ RunTime:0.003148s ]
INFO: [ view_end ] --START--
INFO: ShowPageTrace Behavior ::run [ RunTime:0.000797s ]
INFO: [ view_end ] --END-- [ RunTime:0.000927s ]

[ 2016-07-10T16:37:29+08:00 ] 0.0.0.0 /edu/admin.php/Note/index?_=1468139849718
INFO: [ route_check ] --START--
INFO: CheckRoute Behavior ::run [ RunTime:0.001446s ]
INFO: [ route_check ] --END-- [ RunTime:0.001745s ]
INFO: [ app_begin ] --START--
INFO: ReadHtmlCache Behavior ::run [ RunTime:0.001353s ]
INFO: [ app_begin ] --END-- [ RunTime:0.001627s ]
SQL: SHOW COLUMNS FROM `edu_note` [ RunTime:0.004181s ]
ERR: 1146:Table 'edu002.edu_note' doesn't exist
 [ SQL语句 ] : SHOW COLUMNS FROM `edu_note`
NOTIC: [2] Invalid argument supplied for foreach() D:\wamp\www\edu\Admin\Lib\Action\CommonAction.class.php 第 219 行.
SQL: SELECT COUNT(*) AS tp_count FROM `edu_note` LIMIT 1   [ RunTime:0.000445s ]
ERR: 1146:Table 'edu002.edu_note' doesn't exist
 [ SQL语句 ] : SELECT COUNT(*) AS tp_count FROM `edu_note` LIMIT 1  
SQL: SELECT * FROM `edu_note` ORDER BY id desc LIMIT 0,10   [ RunTime:0.000533s ]
ERR: 1146:Table 'edu002.edu_note' doesn't exist
 [ SQL语句 ] : SELECT * FROM `edu_note` ORDER BY id desc LIMIT 0,10  
SQL: SHOW COLUMNS FROM `edu_users` [ RunTime:0.007459s ]
SQL: SHOW COLUMNS FROM `edu_video` [ RunTime:0.005382s ]
NOTIC: [2] Invalid argument supplied for foreach() D:\wamp\www\edu\Admin\Lib\Action\NoteAction.class.php 第 48 行.
NOTIC: [8] Undefined variable: search D:\wamp\www\edu\Admin\Lib\Action\CommonAction.class.php 第 310 行.
NOTIC: [8] Undefined index: values D:\wamp\www\edu\Admin\Lib\Action\CommonAction.class.php 第 311 行.
NOTIC: [8] Undefined index: id D:\wamp\www\edu\Admin\Lib\Action\CatAction.class.php 第 179 行.
SQL: SHOW COLUMNS FROM `edu_cat` [ RunTime:0.005280s ]
SQL: SELECT `id`,`name`,`path` FROM `edu_cat` ORDER BY concat(path,id)  [ RunTime:0.000529s ]
INFO: [ view_parse ] --START--
NOTIC: [8] Undefined index: _order D:\wamp\www\edu\Admin\Runtime\Cache\9b58476071dcf322d7a032b16e5bfba3e2c4a166.file.pagerForm.html.php 第 32 行.
NOTIC: [8] Undefined index: _sort D:\wamp\www\edu\Admin\Runtime\Cache\9b58476071dcf322d7a032b16e5bfba3e2c4a166.file.pagerForm.html.php 第 34 行.
NOTIC: [8] Undefined index: username D:\wamp\www\edu\Admin\Runtime\Cache\70cb5ef87f46d5a940520e4b1135932a2e33cb13.file.index.html.php 第 42 行.
NOTIC: [8] Undefined index: videoname D:\wamp\www\edu\Admin\Runtime\Cache\70cb5ef87f46d5a940520e4b1135932a2e33cb13.file.index.html.php 第 46 行.
NOTIC: [8] Undefined index: content D:\wamp\www\edu\Admin\Runtime\Cache\70cb5ef87f46d5a940520e4b1135932a2e33cb13.file.index.html.php 第 50 行.
NOTIC: [8] Undefined index: _sort D:\wamp\www\edu\Admin\Runtime\Cache\70cb5ef87f46d5a940520e4b1135932a2e33cb13.file.index.html.php 第 76 行.
INFO: ParseTemplate Behavior ::run [ RunTime:0.028338s ]
INFO: [ view_parse ] --END-- [ RunTime:0.028478s ]
INFO: [ view_filter ] --START--
INFO: ContentReplace Behavior ::run [ RunTime:0.000845s ]
INFO: TokenBuild Behavior ::run [ RunTime:0.000734s ]
INFO: WriteHtmlCache Behavior ::run [ RunTime:0.000726s ]
INFO: ShowRuntime Behavior ::run [ RunTime:0.001162s ]
INFO: [ view_filter ] --END-- [ RunTime:0.003945s ]
INFO: [ view_end ] --START--
INFO: ShowPageTrace Behavior ::run [ RunTime:0.000955s ]
INFO: [ view_end ] --END-- [ RunTime:0.001144s ]

[ 2016-07-10T16:37:32+08:00 ] 0.0.0.0 /edu/admin.php/Videocom/index?_=1468139851988
INFO: [ route_check ] --START--
INFO: CheckRoute Behavior ::run [ RunTime:0.001862s ]
INFO: [ route_check ] --END-- [ RunTime:0.002188s ]
INFO: [ app_begin ] --START--
INFO: ReadHtmlCache Behavior ::run [ RunTime:0.001704s ]
INFO: [ app_begin ] --END-- [ RunTime:0.001953s ]
SQL: SHOW COLUMNS FROM `edu_videocom` [ RunTime:0.024660s ]
ERR: 1146:Table 'edu002.edu_videocom' doesn't exist
 [ SQL语句 ] : SHOW COLUMNS FROM `edu_videocom`
NOTIC: [2] Invalid argument supplied for foreach() D:\wamp\www\edu\Admin\Lib\Action\CommonAction.class.php 第 219 行.
SQL: SELECT COUNT(*) AS tp_count FROM `edu_videocom` LIMIT 1   [ RunTime:0.000485s ]
ERR: 1146:Table 'edu002.edu_videocom' doesn't exist
 [ SQL语句 ] : SELECT COUNT(*) AS tp_count FROM `edu_videocom` LIMIT 1  
SQL: SELECT * FROM `edu_videocom` ORDER BY id desc LIMIT 0,10   [ RunTime:0.000401s ]
ERR: 1146:Table 'edu002.edu_videocom' doesn't exist
 [ SQL语句 ] : SELECT * FROM `edu_videocom` ORDER BY id desc LIMIT 0,10  
SQL: SHOW COLUMNS FROM `edu_users` [ RunTime:0.014076s ]
SQL: SHOW COLUMNS FROM `edu_video` [ RunTime:0.004746s ]
NOTIC: [2] Invalid argument supplied for foreach() D:\wamp\www\edu\Admin\Lib\Action\VideocomAction.class.php 第 44 行.
NOTIC: [8] Undefined variable: search D:\wamp\www\edu\Admin\Lib\Action\CommonAction.class.php 第 310 行.
NOTIC: [8] Undefined index: values D:\wamp\www\edu\Admin\Lib\Action\CommonAction.class.php 第 311 行.
NOTIC: [8] Undefined index: id D:\wamp\www\edu\Admin\Lib\Action\CatAction.class.php 第 179 行.
SQL: SHOW COLUMNS FROM `edu_cat` [ RunTime:0.005653s ]
SQL: SELECT `id`,`name`,`path` FROM `edu_cat` ORDER BY concat(path,id)  [ RunTime:0.000832s ]
INFO: [ view_parse ] --START--
NOTIC: [2] filemtime(): stat failed for ./Admin/Runtime/Cache\37234747af1fd3b523b774613f3a3ed77e2225b6.file.index.html.php D:\wamp\www\edu\ThinkPHP\Extend\Vendor\Smarty\sysplugins\smarty_resource.php 第 683 行.
NOTIC: [2] unlink(./Admin/Runtime/Cache\37234747af1fd3b523b774613f3a3ed77e2225b6.file.index.html.php): No such file or directory D:\wamp\www\edu\ThinkPHP\Extend\Vendor\Smarty\sysplugins\smarty_internal_write_file.php 第 49 行.
NOTIC: [8] Undefined index: _order D:\wamp\www\edu\Admin\Runtime\Cache\9b58476071dcf322d7a032b16e5bfba3e2c4a166.file.pagerForm.html.php 第 32 行.
NOTIC: [8] Undefined index: _sort D:\wamp\www\edu\Admin\Runtime\Cache\9b58476071dcf322d7a032b16e5bfba3e2c4a166.file.pagerForm.html.php 第 34 行.
NOTIC: [8] Undefined index: username D:\wamp\www\edu\Admin\Runtime\Cache\37234747af1fd3b523b774613f3a3ed77e2225b6.file.index.html.php 第 42 行.
NOTIC: [8] Undefined index: videoname D:\wamp\www\edu\Admin\Runtime\Cache\37234747af1fd3b523b774613f3a3ed77e2225b6.file.index.html.php 第 46 行.
NOTIC: [8] Undefined index: _sort D:\wamp\www\edu\Admin\Runtime\Cache\37234747af1fd3b523b774613f3a3ed77e2225b6.file.index.html.php 第 71 行.
NOTIC: [8] Undefined index: _sort D:\wamp\www\edu\Admin\Runtime\Cache\37234747af1fd3b523b774613f3a3ed77e2225b6.file.index.html.php 第 77 行.
INFO: ParseTemplate Behavior ::run [ RunTime:0.133915s ]
INFO: [ view_parse ] --END-- [ RunTime:0.134076s ]
INFO: [ view_filter ] --START--
INFO: ContentReplace Behavior ::run [ RunTime:0.000841s ]
INFO: TokenBuild Behavior ::run [ RunTime:0.000728s ]
INFO: WriteHtmlCache Behavior ::run [ RunTime:0.000562s ]
INFO: ShowRuntime Behavior ::run [ RunTime:0.001432s ]
INFO: [ view_filter ] --END-- [ RunTime:0.003958s ]
INFO: [ view_end ] --START--
INFO: ShowPageTrace Behavior ::run [ RunTime:0.001287s ]
INFO: [ view_end ] --END-- [ RunTime:0.001489s ]

[ 2016-07-10T16:37:33+08:00 ] 0.0.0.0 /edu/admin.php/Libcom/index?_=1468139852826
INFO: [ route_check ] --START--
INFO: CheckRoute Behavior ::run [ RunTime:0.002440s ]
INFO: [ route_check ] --END-- [ RunTime:0.002878s ]
INFO: [ app_begin ] --START--
INFO: ReadHtmlCache Behavior ::run [ RunTime:0.001555s ]
INFO: [ app_begin ] --END-- [ RunTime:0.001785s ]
SQL: SHOW COLUMNS FROM `edu_libcom` [ RunTime:0.019788s ]
ERR: 1146:Table 'edu002.edu_libcom' doesn't exist
 [ SQL语句 ] : SHOW COLUMNS FROM `edu_libcom`
NOTIC: [2] Invalid argument supplied for foreach() D:\wamp\www\edu\Admin\Lib\Action\CommonAction.class.php 第 219 行.
SQL: SELECT COUNT(*) AS tp_count FROM `edu_libcom` LIMIT 1   [ RunTime:0.000386s ]
ERR: 1146:Table 'edu002.edu_libcom' doesn't exist
 [ SQL语句 ] : SELECT COUNT(*) AS tp_count FROM `edu_libcom` LIMIT 1  
SQL: SELECT * FROM `edu_libcom` ORDER BY id desc LIMIT 0,10   [ RunTime:0.000364s ]
ERR: 1146:Table 'edu002.edu_libcom' doesn't exist
 [ SQL语句 ] : SELECT * FROM `edu_libcom` ORDER BY id desc LIMIT 0,10  
SQL: SHOW COLUMNS FROM `edu_users` [ RunTime:0.005176s ]
SQL: SHOW COLUMNS FROM `edu_library` [ RunTime:0.007761s ]
NOTIC: [2] Invalid argument supplied for foreach() D:\wamp\www\edu\Admin\Lib\Action\LibcomAction.class.php 第 43 行.
NOTIC: [8] Undefined variable: search D:\wamp\www\edu\Admin\Lib\Action\CommonAction.class.php 第 310 行.
NOTIC: [8] Undefined index: values D:\wamp\www\edu\Admin\Lib\Action\CommonAction.class.php 第 311 行.
NOTIC: [8] Undefined index: id D:\wamp\www\edu\Admin\Lib\Action\CatAction.class.php 第 179 行.
SQL: SHOW COLUMNS FROM `edu_cat` [ RunTime:0.005603s ]
SQL: SELECT `id`,`name`,`path` FROM `edu_cat` ORDER BY concat(path,id)  [ RunTime:0.000415s ]
INFO: [ view_parse ] --START--
NOTIC: [2] filemtime(): stat failed for ./Admin/Runtime/Cache\f563976a4deb5ca30924030bf3e94275b7217d7c.file.index.html.php D:\wamp\www\edu\ThinkPHP\Extend\Vendor\Smarty\sysplugins\smarty_resource.php 第 683 行.
NOTIC: [2] unlink(./Admin/Runtime/Cache\f563976a4deb5ca30924030bf3e94275b7217d7c.file.index.html.php): No such file or directory D:\wamp\www\edu\ThinkPHP\Extend\Vendor\Smarty\sysplugins\smarty_internal_write_file.php 第 49 行.
NOTIC: [8] Undefined index: _order D:\wamp\www\edu\Admin\Runtime\Cache\9b58476071dcf322d7a032b16e5bfba3e2c4a166.file.pagerForm.html.php 第 32 行.
NOTIC: [8] Undefined index: _sort D:\wamp\www\edu\Admin\Runtime\Cache\9b58476071dcf322d7a032b16e5bfba3e2c4a166.file.pagerForm.html.php 第 34 行.
NOTIC: [8] Undefined index: username D:\wamp\www\edu\Admin\Runtime\Cache\f563976a4deb5ca30924030bf3e94275b7217d7c.file.index.html.php 第 42 行.
NOTIC: [8] Undefined index: title D:\wamp\www\edu\Admin\Runtime\Cache\f563976a4deb5ca30924030bf3e94275b7217d7c.file.index.html.php 第 46 行.
NOTIC: [8] Undefined index: _sort D:\wamp\www\edu\Admin\Runtime\Cache\f563976a4deb5ca30924030bf3e94275b7217d7c.file.index.html.php 第 71 行.
NOTIC: [8] Undefined index: _sort D:\wamp\www\edu\Admin\Runtime\Cache\f563976a4deb5ca30924030bf3e94275b7217d7c.file.index.html.php 第 77 行.
INFO: ParseTemplate Behavior ::run [ RunTime:0.149423s ]
INFO: [ view_parse ] --END-- [ RunTime:0.149551s ]
INFO: [ view_filter ] --START--
INFO: ContentReplace Behavior ::run [ RunTime:0.000858s ]
INFO: TokenBuild Behavior ::run [ RunTime:0.000891s ]
INFO: WriteHtmlCache Behavior ::run [ RunTime:0.000597s ]
INFO: ShowRuntime Behavior ::run [ RunTime:0.000878s ]
INFO: [ view_filter ] --END-- [ RunTime:0.003584s ]
INFO: [ view_end ] --START--
INFO: ShowPageTrace Behavior ::run [ RunTime:0.001243s ]
INFO: [ view_end ] --END-- [ RunTime:0.001369s ]

[ 2016-07-10T16:37:33+08:00 ] 0.0.0.0 /edu/admin.php/Notecom/index?_=1468139853522
INFO: [ route_check ] --START--
INFO: CheckRoute Behavior ::run [ RunTime:0.002140s ]
INFO: [ route_check ] --END-- [ RunTime:0.002474s ]
INFO: [ app_begin ] --START--
INFO: ReadHtmlCache Behavior ::run [ RunTime:0.001528s ]
INFO: [ app_begin ] --END-- [ RunTime:0.001773s ]
SQL: SHOW COLUMNS FROM `edu_notecom` [ RunTime:0.030912s ]
ERR: 1146:Table 'edu002.edu_notecom' doesn't exist
 [ SQL语句 ] : SHOW COLUMNS FROM `edu_notecom`
NOTIC: [2] Invalid argument supplied for foreach() D:\wamp\www\edu\Admin\Lib\Action\CommonAction.class.php 第 219 行.
SQL: SELECT COUNT(*) AS tp_count FROM `edu_notecom` LIMIT 1   [ RunTime:0.000512s ]
ERR: 1146:Table 'edu002.edu_notecom' doesn't exist
 [ SQL语句 ] : SELECT COUNT(*) AS tp_count FROM `edu_notecom` LIMIT 1  
SQL: SELECT * FROM `edu_notecom` ORDER BY id desc LIMIT 0,10   [ RunTime:0.000419s ]
ERR: 1146:Table 'edu002.edu_notecom' doesn't exist
 [ SQL语句 ] : SELECT * FROM `edu_notecom` ORDER BY id desc LIMIT 0,10  
SQL: SHOW COLUMNS FROM `edu_users` [ RunTime:0.006916s ]
SQL: SHOW COLUMNS FROM `edu_note` [ RunTime:0.004597s ]
ERR: 1146:Table 'edu002.edu_note' doesn't exist
 [ SQL语句 ] : SHOW COLUMNS FROM `edu_note`
NOTIC: [2] Invalid argument supplied for foreach() D:\wamp\www\edu\Admin\Lib\Action\NotecomAction.class.php 第 53 行.
NOTIC: [8] Undefined variable: search D:\wamp\www\edu\Admin\Lib\Action\CommonAction.class.php 第 310 行.
NOTIC: [8] Undefined index: values D:\wamp\www\edu\Admin\Lib\Action\CommonAction.class.php 第 311 行.
NOTIC: [8] Undefined index: id D:\wamp\www\edu\Admin\Lib\Action\CatAction.class.php 第 179 行.
SQL: SHOW COLUMNS FROM `edu_cat` [ RunTime:0.004889s ]
SQL: SELECT `id`,`name`,`path` FROM `edu_cat` ORDER BY concat(path,id)  [ RunTime:0.000408s ]
INFO: [ view_parse ] --START--
NOTIC: [2] filemtime(): stat failed for ./Admin/Runtime/Cache\970a8fd0f63477752f121f7b80819114ba67e68f.file.index.html.php D:\wamp\www\edu\ThinkPHP\Extend\Vendor\Smarty\sysplugins\smarty_resource.php 第 683 行.
NOTIC: [2] unlink(./Admin/Runtime/Cache\970a8fd0f63477752f121f7b80819114ba67e68f.file.index.html.php): No such file or directory D:\wamp\www\edu\ThinkPHP\Extend\Vendor\Smarty\sysplugins\smarty_internal_write_file.php 第 49 行.
NOTIC: [8] Undefined index: _order D:\wamp\www\edu\Admin\Runtime\Cache\9b58476071dcf322d7a032b16e5bfba3e2c4a166.file.pagerForm.html.php 第 32 行.
NOTIC: [8] Undefined index: _sort D:\wamp\www\edu\Admin\Runtime\Cache\9b58476071dcf322d7a032b16e5bfba3e2c4a166.file.pagerForm.html.php 第 34 行.
NOTIC: [8] Undefined index: username D:\wamp\www\edu\Admin\Runtime\Cache\970a8fd0f63477752f121f7b80819114ba67e68f.file.index.html.php 第 42 行.
NOTIC: [8] Undefined index: title D:\wamp\www\edu\Admin\Runtime\Cache\970a8fd0f63477752f121f7b80819114ba67e68f.file.index.html.php 第 46 行.
NOTIC: [8] Undefined index: _sort D:\wamp\www\edu\Admin\Runtime\Cache\970a8fd0f63477752f121f7b80819114ba67e68f.file.index.html.php 第 71 行.
NOTIC: [8] Undefined index: _sort D:\wamp\www\edu\Admin\Runtime\Cache\970a8fd0f63477752f121f7b80819114ba67e68f.file.index.html.php 第 77 行.
INFO: ParseTemplate Behavior ::run [ RunTime:0.127514s ]
INFO: [ view_parse ] --END-- [ RunTime:0.127657s ]
INFO: [ view_filter ] --START--
INFO: ContentReplace Behavior ::run [ RunTime:0.000871s ]
INFO: TokenBuild Behavior ::run [ RunTime:0.000736s ]
INFO: WriteHtmlCache Behavior ::run [ RunTime:0.000576s ]
INFO: ShowRuntime Behavior ::run [ RunTime:0.000859s ]
INFO: [ view_filter ] --END-- [ RunTime:0.003402s ]
INFO: [ view_end ] --START--
INFO: ShowPageTrace Behavior ::run [ RunTime:0.000955s ]
INFO: [ view_end ] --END-- [ RunTime:0.001071s ]

[ 2016-07-10T16:37:36+08:00 ] 0.0.0.0 /edu/admin.php/Cat/index?_=1468139856333
INFO: [ route_check ] --START--
INFO: CheckRoute Behavior ::run [ RunTime:0.002023s ]
INFO: [ route_check ] --END-- [ RunTime:0.002344s ]
INFO: [ app_begin ] --START--
INFO: ReadHtmlCache Behavior ::run [ RunTime:0.001327s ]
INFO: [ app_begin ] --END-- [ RunTime:0.001590s ]
SQL: SHOW COLUMNS FROM `edu_cat` [ RunTime:0.007773s ]
SQL: SELECT COUNT(*) AS tp_count FROM `edu_cat` WHERE ( `pid` = '0' ) LIMIT 1   [ RunTime:0.000429s ]
SQL: SELECT * FROM `edu_cat` WHERE ( `pid` = '0' ) ORDER BY id asc LIMIT 0,15   [ RunTime:0.001738s ]
SQL: SHOW COLUMNS FROM `edu_users` [ RunTime:0.008510s ]
NOTIC: [8] Undefined index: uid D:\wamp\www\edu\Admin\Lib\Action\CatAction.class.php 第 125 行.
SQL: SELECT `username` FROM `edu_users` LIMIT 1   [ RunTime:0.000396s ]
NOTIC: [8] Undefined index: uid D:\wamp\www\edu\Admin\Lib\Action\CatAction.class.php 第 125 行.
SQL: SELECT `username` FROM `edu_users` LIMIT 1   [ RunTime:0.000295s ]
NOTIC: [8] Undefined index: uid D:\wamp\www\edu\Admin\Lib\Action\CatAction.class.php 第 125 行.
SQL: SELECT `username` FROM `edu_users` LIMIT 1   [ RunTime:0.000273s ]
NOTIC: [8] Undefined index: uid D:\wamp\www\edu\Admin\Lib\Action\CatAction.class.php 第 125 行.
SQL: SELECT `username` FROM `edu_users` LIMIT 1   [ RunTime:0.000288s ]
NOTIC: [8] Undefined index: uid D:\wamp\www\edu\Admin\Lib\Action\CatAction.class.php 第 125 行.
SQL: SELECT `username` FROM `edu_users` LIMIT 1   [ RunTime:0.000247s ]
NOTIC: [8] Undefined index: uid D:\wamp\www\edu\Admin\Lib\Action\CatAction.class.php 第 125 行.
SQL: SELECT `username` FROM `edu_users` LIMIT 1   [ RunTime:0.000239s ]
NOTIC: [8] Undefined index: uid D:\wamp\www\edu\Admin\Lib\Action\CatAction.class.php 第 125 行.
SQL: SELECT `username` FROM `edu_users` LIMIT 1   [ RunTime:0.000230s ]
NOTIC: [8] Undefined index: uid D:\wamp\www\edu\Admin\Lib\Action\CatAction.class.php 第 125 行.
SQL: SELECT `username` FROM `edu_users` LIMIT 1   [ RunTime:0.001247s ]
NOTIC: [8] Undefined index: cid D:\wamp\www\edu\Admin\Lib\Action\CatAction.class.php 第 81 行.
NOTIC: [8] Undefined variable: search D:\wamp\www\edu\Admin\Lib\Action\CatAction.class.php 第 101 行.
NOTIC: [8] Undefined index: values D:\wamp\www\edu\Admin\Lib\Action\CatAction.class.php 第 102 行.
INFO: [ view_parse ] --START--
NOTIC: [8] Undefined index: _order D:\wamp\www\edu\Admin\Runtime\Cache\9b58476071dcf322d7a032b16e5bfba3e2c4a166.file.pagerForm.html.php 第 32 行.
NOTIC: [8] Undefined index: _sort D:\wamp\www\edu\Admin\Runtime\Cache\9b58476071dcf322d7a032b16e5bfba3e2c4a166.file.pagerForm.html.php 第 34 行.
NOTIC: [8] Undefined index: menu D:\wamp\www\edu\Admin\Runtime\Cache\d7064a106058fb5b4a68cbe3af83faa3c0c13d62.file.index.html.php 第 43 行.
NOTIC: [8] Trying to get property of non-object D:\wamp\www\edu\Admin\Runtime\Cache\d7064a106058fb5b4a68cbe3af83faa3c0c13d62.file.index.html.php 第 43 行.
NOTIC: [8] Undefined index: _sort D:\wamp\www\edu\Admin\Runtime\Cache\d7064a106058fb5b4a68cbe3af83faa3c0c13d62.file.index.html.php 第 71 行.
INFO: ParseTemplate Behavior ::run [ RunTime:0.020615s ]
INFO: [ view_parse ] --END-- [ RunTime:0.020767s ]
INFO: [ view_filter ] --START--
INFO: ContentReplace Behavior ::run [ RunTime:0.000665s ]
INFO: TokenBuild Behavior ::run [ RunTime:0.000743s ]
INFO: WriteHtmlCache Behavior ::run [ RunTime:0.000475s ]
INFO: ShowRuntime Behavior ::run [ RunTime:0.000766s ]
INFO: [ view_filter ] --END-- [ RunTime:0.003014s ]
INFO: [ view_end ] --START--
INFO: ShowPageTrace Behavior ::run [ RunTime:0.000796s ]
INFO: [ view_end ] --END-- [ RunTime:0.000922s ]

[ 2016-07-10T16:37:37+08:00 ] 0.0.0.0 /edu/admin.php/Cat/add?_=1468139857621
INFO: [ route_check ] --START--
INFO: CheckRoute Behavior ::run [ RunTime:0.000961s ]
INFO: [ route_check ] --END-- [ RunTime:0.001150s ]
INFO: [ app_begin ] --START--
INFO: ReadHtmlCache Behavior ::run [ RunTime:0.000775s ]
INFO: [ app_begin ] --END-- [ RunTime:0.000903s ]
NOTIC: [8] Undefined index: id D:\wamp\www\edu\Admin\Lib\Action\CatAction.class.php 第 179 行.
SQL: SHOW COLUMNS FROM `edu_cat` [ RunTime:0.010297s ]
SQL: SELECT `id`,`name`,`path` FROM `edu_cat` ORDER BY concat(path,id)  [ RunTime:0.000526s ]
INFO: [ view_parse ] --START--
INFO: ParseTemplate Behavior ::run [ RunTime:0.040946s ]
INFO: [ view_parse ] --END-- [ RunTime:0.041153s ]
INFO: [ view_filter ] --START--
INFO: ContentReplace Behavior ::run [ RunTime:0.000628s ]
INFO: TokenBuild Behavior ::run [ RunTime:0.000631s ]
INFO: WriteHtmlCache Behavior ::run [ RunTime:0.000547s ]
INFO: ShowRuntime Behavior ::run [ RunTime:0.001396s ]
INFO: [ view_filter ] --END-- [ RunTime:0.003578s ]
INFO: [ view_end ] --START--
INFO: ShowPageTrace Behavior ::run [ RunTime:0.000808s ]
INFO: [ view_end ] --END-- [ RunTime:0.000930s ]

[ 2016-07-10T16:37:41+08:00 ] 0.0.0.0 /edu/admin.php/Test/index?_=1468139861456
INFO: [ route_check ] --START--
INFO: CheckRoute Behavior ::run [ RunTime:0.001002s ]
INFO: [ route_check ] --END-- [ RunTime:0.001245s ]
INFO: [ app_begin ] --START--
INFO: ReadHtmlCache Behavior ::run [ RunTime:0.000799s ]
INFO: [ app_begin ] --END-- [ RunTime:0.000910s ]
SQL: SHOW COLUMNS FROM `edu_test` [ RunTime:0.005231s ]
SQL: SELECT COUNT(*) AS tp_count FROM `edu_test` LIMIT 1   [ RunTime:0.000343s ]
SQL: SELECT * FROM `edu_test` ORDER BY id desc LIMIT 0,10   [ RunTime:0.000423s ]
SQL: SHOW COLUMNS FROM `edu_cat` [ RunTime:0.005528s ]
SQL: SELECT `name` FROM `edu_cat` WHERE ( `id` = 6 ) LIMIT 1   [ RunTime:0.000400s ]
SQL: SELECT `name` FROM `edu_cat` WHERE ( `id` = 7 ) LIMIT 1   [ RunTime:0.000317s ]
NOTIC: [8] Undefined variable: search D:\wamp\www\edu\Admin\Lib\Action\CommonAction.class.php 第 310 行.
NOTIC: [8] Undefined index: values D:\wamp\www\edu\Admin\Lib\Action\CommonAction.class.php 第 311 行.
NOTIC: [8] Undefined index: id D:\wamp\www\edu\Admin\Lib\Action\CatAction.class.php 第 179 行.
SQL: SELECT `id`,`name`,`path` FROM `edu_cat` ORDER BY concat(path,id)  [ RunTime:0.000433s ]
INFO: [ view_parse ] --START--
NOTIC: [8] Undefined index: _order D:\wamp\www\edu\Admin\Runtime\Cache\9b58476071dcf322d7a032b16e5bfba3e2c4a166.file.pagerForm.html.php 第 32 行.
NOTIC: [8] Undefined index: _sort D:\wamp\www\edu\Admin\Runtime\Cache\9b58476071dcf322d7a032b16e5bfba3e2c4a166.file.pagerForm.html.php 第 34 行.
NOTIC: [8] Undefined index: title D:\wamp\www\edu\Admin\Runtime\Cache\27936ffbb68ef4d959ca7516f4b36f2666750584.file.index.html.php 第 44 行.
NOTIC: [8] Undefined index: _sort D:\wamp\www\edu\Admin\Runtime\Cache\27936ffbb68ef4d959ca7516f4b36f2666750584.file.index.html.php 第 75 行.
INFO: ParseTemplate Behavior ::run [ RunTime:0.019720s ]
INFO: [ view_parse ] --END-- [ RunTime:0.019846s ]
INFO: [ view_filter ] --START--
INFO: ContentReplace Behavior ::run [ RunTime:0.000647s ]
INFO: TokenBuild Behavior ::run [ RunTime:0.000663s ]
INFO: WriteHtmlCache Behavior ::run [ RunTime:0.000507s ]
INFO: ShowRuntime Behavior ::run [ RunTime:0.000808s ]
INFO: [ view_filter ] --END-- [ RunTime:0.002933s ]
INFO: [ view_end ] --START--
INFO: ShowPageTrace Behavior ::run [ RunTime:0.000799s ]
INFO: [ view_end ] --END-- [ RunTime:0.000906s ]

[ 2016-07-10T16:37:44+08:00 ] 0.0.0.0 /edu/admin.php/Test/add?_=1468139864447
INFO: [ route_check ] --START--
INFO: CheckRoute Behavior ::run [ RunTime:0.000944s ]
INFO: [ route_check ] --END-- [ RunTime:0.001119s ]
INFO: [ app_begin ] --START--
INFO: ReadHtmlCache Behavior ::run [ RunTime:0.000785s ]
INFO: [ app_begin ] --END-- [ RunTime:0.000913s ]
NOTIC: [8] Undefined index: id D:\wamp\www\edu\Admin\Lib\Action\CatAction.class.php 第 179 行.
SQL: SHOW COLUMNS FROM `edu_cat` [ RunTime:0.007842s ]
SQL: SELECT `id`,`name`,`path` FROM `edu_cat` ORDER BY concat(path,id)  [ RunTime:0.000599s ]
INFO: [ view_parse ] --START--
INFO: ParseTemplate Behavior ::run [ RunTime:0.031791s ]
INFO: [ view_parse ] --END-- [ RunTime:0.032025s ]
INFO: [ view_filter ] --START--
INFO: ContentReplace Behavior ::run [ RunTime:0.000872s ]
INFO: TokenBuild Behavior ::run [ RunTime:0.000952s ]
INFO: WriteHtmlCache Behavior ::run [ RunTime:0.000649s ]
INFO: ShowRuntime Behavior ::run [ RunTime:0.001165s ]
INFO: [ view_filter ] --END-- [ RunTime:0.004228s ]
INFO: [ view_end ] --START--
INFO: ShowPageTrace Behavior ::run [ RunTime:0.001167s ]
INFO: [ view_end ] --END-- [ RunTime:0.001382s ]

[ 2016-07-10T16:38:01+08:00 ] 0.0.0.0 /edu/admin.php/Message/index?_=1468139881024
INFO: [ route_check ] --START--
INFO: CheckRoute Behavior ::run [ RunTime:0.001436s ]
INFO: [ route_check ] --END-- [ RunTime:0.001724s ]
INFO: [ app_begin ] --START--
INFO: ReadHtmlCache Behavior ::run [ RunTime:0.001305s ]
INFO: [ app_begin ] --END-- [ RunTime:0.001533s ]
SQL: SHOW COLUMNS FROM `bbs_message` [ RunTime:0.006779s ]
SQL: SELECT COUNT(*) AS tp_count FROM `bbs_message` LIMIT 1   [ RunTime:0.000276s ]
SQL: SELECT * FROM `bbs_message` ORDER BY id desc LIMIT 0,10   [ RunTime:0.000388s ]
NOTIC: [2] Invalid argument supplied for foreach() D:\wamp\www\edu\Admin\Lib\Action\MessageAction.class.php 第 37 行.
NOTIC: [8] Undefined variable: search D:\wamp\www\edu\Admin\Lib\Action\CommonAction.class.php 第 310 行.
NOTIC: [8] Undefined index: values D:\wamp\www\edu\Admin\Lib\Action\CommonAction.class.php 第 311 行.
NOTIC: [8] Undefined index: id D:\wamp\www\edu\Admin\Lib\Action\CatAction.class.php 第 179 行.
SQL: SHOW COLUMNS FROM `edu_cat` [ RunTime:0.009022s ]
SQL: SELECT `id`,`name`,`path` FROM `edu_cat` ORDER BY concat(path,id)  [ RunTime:0.001064s ]
INFO: [ view_parse ] --START--
NOTIC: [8] Undefined index: _order D:\wamp\www\edu\Admin\Runtime\Cache\9b58476071dcf322d7a032b16e5bfba3e2c4a166.file.pagerForm.html.php 第 32 行.
NOTIC: [8] Undefined index: _sort D:\wamp\www\edu\Admin\Runtime\Cache\9b58476071dcf322d7a032b16e5bfba3e2c4a166.file.pagerForm.html.php 第 34 行.
NOTIC: [8] Undefined index: username D:\wamp\www\edu\Admin\Runtime\Cache\d41b26d9f8479f15a77017d0a5c1f090a400739b.file.index.html.php 第 48 行.
NOTIC: [8] Undefined index: title D:\wamp\www\edu\Admin\Runtime\Cache\d41b26d9f8479f15a77017d0a5c1f090a400739b.file.index.html.php 第 53 行.
NOTIC: [8] Undefined index: isbest D:\wamp\www\edu\Admin\Runtime\Cache\d41b26d9f8479f15a77017d0a5c1f090a400739b.file.index.html.php 第 61 行.
NOTIC: [8] Undefined index: ishot D:\wamp\www\edu\Admin\Runtime\Cache\d41b26d9f8479f15a77017d0a5c1f090a400739b.file.index.html.php 第 65 行.
NOTIC: [8] Undefined index: status D:\wamp\www\edu\Admin\Runtime\Cache\d41b26d9f8479f15a77017d0a5c1f090a400739b.file.index.html.php 第 70 行.
NOTIC: [8] Undefined index: status D:\wamp\www\edu\Admin\Runtime\Cache\d41b26d9f8479f15a77017d0a5c1f090a400739b.file.index.html.php 第 71 行.
NOTIC: [8] Undefined index: status D:\wamp\www\edu\Admin\Runtime\Cache\d41b26d9f8479f15a77017d0a5c1f090a400739b.file.index.html.php 第 72 行.
NOTIC: [8] Undefined index: _sort D:\wamp\www\edu\Admin\Runtime\Cache\d41b26d9f8479f15a77017d0a5c1f090a400739b.file.index.html.php 第 99 行.
NOTIC: [8] Undefined index: _order D:\wamp\www\edu\Admin\Runtime\Cache\d41b26d9f8479f15a77017d0a5c1f090a400739b.file.index.html.php 第 107 行.
INFO: ParseTemplate Behavior ::run [ RunTime:0.053466s ]
INFO: [ view_parse ] --END-- [ RunTime:0.053600s ]
INFO: [ view_filter ] --START--
INFO: ContentReplace Behavior ::run [ RunTime:0.000725s ]
INFO: TokenBuild Behavior ::run [ RunTime:0.001979s ]
INFO: WriteHtmlCache Behavior ::run [ RunTime:0.001251s ]
INFO: ShowRuntime Behavior ::run [ RunTime:0.001639s ]
INFO: [ view_filter ] --END-- [ RunTime:0.006479s ]
INFO: [ view_end ] --START--
INFO: ShowPageTrace Behavior ::run [ RunTime:0.001265s ]
INFO: [ view_end ] --END-- [ RunTime:0.001497s ]

[ 2016-07-10T16:38:02+08:00 ] 0.0.0.0 /edu/admin.php/Comm/index?_=1468139882452
INFO: [ route_check ] --START--
INFO: CheckRoute Behavior ::run [ RunTime:0.001155s ]
INFO: [ route_check ] --END-- [ RunTime:0.001382s ]
INFO: [ app_begin ] --START--
INFO: ReadHtmlCache Behavior ::run [ RunTime:0.000806s ]
INFO: [ app_begin ] --END-- [ RunTime:0.000930s ]
SQL: SHOW COLUMNS FROM `bbs_comm` [ RunTime:0.008798s ]
NOTIC: [8] Undefined index: pid D:\wamp\www\edu\Admin\Lib\Action\CommAction.class.php 第 33 行.
NOTIC: [8] Undefined index: mid D:\wamp\www\edu\Admin\Lib\Action\CommAction.class.php 第 36 行.
SQL: SELECT COUNT(*) AS tp_count FROM `bbs_comm` LIMIT 1   [ RunTime:0.000812s ]
SQL: SELECT * FROM `bbs_comm` ORDER BY id desc LIMIT 0,10   [ RunTime:0.015269s ]
SQL: SHOW COLUMNS FROM `edu_users` [ RunTime:0.007864s ]
SQL: SHOW COLUMNS FROM `bbs_message` [ RunTime:0.007382s ]
NOTIC: [2] Invalid argument supplied for foreach() D:\wamp\www\edu\Admin\Lib\Action\CommAction.class.php 第 51 行.
NOTIC: [8] Undefined variable: search D:\wamp\www\edu\Admin\Lib\Action\CommonAction.class.php 第 310 行.
NOTIC: [8] Undefined index: values D:\wamp\www\edu\Admin\Lib\Action\CommonAction.class.php 第 311 行.
NOTIC: [8] Undefined index: id D:\wamp\www\edu\Admin\Lib\Action\CatAction.class.php 第 179 行.
SQL: SHOW COLUMNS FROM `edu_cat` [ RunTime:0.008738s ]
SQL: SELECT `id`,`name`,`path` FROM `edu_cat` ORDER BY concat(path,id)  [ RunTime:0.000454s ]
INFO: [ view_parse ] --START--
NOTIC: [2] filemtime(): stat failed for ./Admin/Runtime/Cache\d41d68eccd71b44950df9b5a3e329bad32a8e71c.file.index.html.php D:\wamp\www\edu\ThinkPHP\Extend\Vendor\Smarty\sysplugins\smarty_resource.php 第 683 行.
NOTIC: [2] unlink(./Admin/Runtime/Cache\d41d68eccd71b44950df9b5a3e329bad32a8e71c.file.index.html.php): No such file or directory D:\wamp\www\edu\ThinkPHP\Extend\Vendor\Smarty\sysplugins\smarty_internal_write_file.php 第 49 行.
NOTIC: [8] Undefined index: _order D:\wamp\www\edu\Admin\Runtime\Cache\9b58476071dcf322d7a032b16e5bfba3e2c4a166.file.pagerForm.html.php 第 32 行.
NOTIC: [8] Undefined index: _sort D:\wamp\www\edu\Admin\Runtime\Cache\9b58476071dcf322d7a032b16e5bfba3e2c4a166.file.pagerForm.html.php 第 34 行.
NOTIC: [8] Undefined index: username D:\wamp\www\edu\Admin\Runtime\Cache\d41d68eccd71b44950df9b5a3e329bad32a8e71c.file.index.html.php 第 42 行.
NOTIC: [8] Undefined index: title D:\wamp\www\edu\Admin\Runtime\Cache\d41d68eccd71b44950df9b5a3e329bad32a8e71c.file.index.html.php 第 46 行.
NOTIC: [8] Undefined index: pid D:\wamp\www\edu\Admin\Runtime\Cache\d41d68eccd71b44950df9b5a3e329bad32a8e71c.file.index.html.php 第 51 行.
NOTIC: [8] Undefined index: pid D:\wamp\www\edu\Admin\Runtime\Cache\d41d68eccd71b44950df9b5a3e329bad32a8e71c.file.index.html.php 第 52 行.
NOTIC: [8] Undefined index: pid D:\wamp\www\edu\Admin\Runtime\Cache\d41d68eccd71b44950df9b5a3e329bad32a8e71c.file.index.html.php 第 53 行.
NOTIC: [8] Undefined index: _sort D:\wamp\www\edu\Admin\Runtime\Cache\d41d68eccd71b44950df9b5a3e329bad32a8e71c.file.index.html.php 第 77 行.
NOTIC: [8] Undefined index: _sort D:\wamp\www\edu\Admin\Runtime\Cache\d41d68eccd71b44950df9b5a3e329bad32a8e71c.file.index.html.php 第 83 行.
INFO: ParseTemplate Behavior ::run [ RunTime:0.234589s ]
INFO: [ view_parse ] --END-- [ RunTime:0.234725s ]
INFO: [ view_filter ] --START--
INFO: ContentReplace Behavior ::run [ RunTime:0.000881s ]
INFO: TokenBuild Behavior ::run [ RunTime:0.000709s ]
INFO: WriteHtmlCache Behavior ::run [ RunTime:0.000536s ]
INFO: ShowRuntime Behavior ::run [ RunTime:0.000834s ]
INFO: [ view_filter ] --END-- [ RunTime:0.003310s ]
INFO: [ view_end ] --START--
INFO: ShowPageTrace Behavior ::run [ RunTime:0.000871s ]
INFO: [ view_end ] --END-- [ RunTime:0.000992s ]

[ 2016-07-10T16:38:07+08:00 ] 0.0.0.0 /edu/admin.php/Question/index?_=1468139887442
INFO: [ route_check ] --START--
INFO: CheckRoute Behavior ::run [ RunTime:0.001749s ]
INFO: [ route_check ] --END-- [ RunTime:0.001998s ]
INFO: [ app_begin ] --START--
INFO: ReadHtmlCache Behavior ::run [ RunTime:0.001425s ]
INFO: [ app_begin ] --END-- [ RunTime:0.001659s ]
SQL: SHOW COLUMNS FROM `bbs_question` [ RunTime:0.025473s ]
SQL: SELECT COUNT(*) AS tp_count FROM `bbs_question` LIMIT 1   [ RunTime:0.000277s ]
SQL: SELECT * FROM `bbs_question` ORDER BY id desc LIMIT 0,10   [ RunTime:0.000325s ]
SQL: SHOW COLUMNS FROM `edu_users` [ RunTime:0.007804s ]
NOTIC: [2] Invalid argument supplied for foreach() D:\wamp\www\edu\Admin\Lib\Action\QuestionAction.class.php 第 41 行.
NOTIC: [8] Undefined variable: search D:\wamp\www\edu\Admin\Lib\Action\CommonAction.class.php 第 310 行.
NOTIC: [8] Undefined index: values D:\wamp\www\edu\Admin\Lib\Action\CommonAction.class.php 第 311 行.
NOTIC: [8] Undefined index: id D:\wamp\www\edu\Admin\Lib\Action\CatAction.class.php 第 179 行.
SQL: SHOW COLUMNS FROM `edu_cat` [ RunTime:0.008661s ]
SQL: SELECT `id`,`name`,`path` FROM `edu_cat` ORDER BY concat(path,id)  [ RunTime:0.000728s ]
INFO: [ view_parse ] --START--
NOTIC: [8] Undefined index: _order D:\wamp\www\edu\Admin\Runtime\Cache\9b58476071dcf322d7a032b16e5bfba3e2c4a166.file.pagerForm.html.php 第 32 行.
NOTIC: [8] Undefined index: _sort D:\wamp\www\edu\Admin\Runtime\Cache\9b58476071dcf322d7a032b16e5bfba3e2c4a166.file.pagerForm.html.php 第 34 行.
NOTIC: [8] Undefined index: username D:\wamp\www\edu\Admin\Runtime\Cache\a1b73bccc17fa5f267e56a2dea8ae1d2f7345e00.file.index.html.php 第 47 行.
NOTIC: [8] Undefined index: tname D:\wamp\www\edu\Admin\Runtime\Cache\a1b73bccc17fa5f267e56a2dea8ae1d2f7345e00.file.index.html.php 第 52 行.
NOTIC: [8] Undefined index: content D:\wamp\www\edu\Admin\Runtime\Cache\a1b73bccc17fa5f267e56a2dea8ae1d2f7345e00.file.index.html.php 第 57 行.
NOTIC: [8] Undefined index: ss D:\wamp\www\edu\Admin\Runtime\Cache\a1b73bccc17fa5f267e56a2dea8ae1d2f7345e00.file.index.html.php 第 66 行.
NOTIC: [8] Undefined index: ss D:\wamp\www\edu\Admin\Runtime\Cache\a1b73bccc17fa5f267e56a2dea8ae1d2f7345e00.file.index.html.php 第 67 行.
NOTIC: [8] Undefined index: ss D:\wamp\www\edu\Admin\Runtime\Cache\a1b73bccc17fa5f267e56a2dea8ae1d2f7345e00.file.index.html.php 第 68 行.
NOTIC: [8] Undefined index: _order D:\wamp\www\edu\Admin\Runtime\Cache\a1b73bccc17fa5f267e56a2dea8ae1d2f7345e00.file.index.html.php 第 92 行.
INFO: ParseTemplate Behavior ::run [ RunTime:0.053637s ]
INFO: [ view_parse ] --END-- [ RunTime:0.053831s ]
INFO: [ view_filter ] --START--
INFO: ContentReplace Behavior ::run [ RunTime:0.000910s ]
INFO: TokenBuild Behavior ::run [ RunTime:0.000949s ]
INFO: WriteHtmlCache Behavior ::run [ RunTime:0.000642s ]
INFO: ShowRuntime Behavior ::run [ RunTime:0.001684s ]
INFO: [ view_filter ] --END-- [ RunTime:0.004790s ]
INFO: [ view_end ] --START--
INFO: ShowPageTrace Behavior ::run [ RunTime:0.001542s ]
INFO: [ view_end ] --END-- [ RunTime:0.001828s ]

