[ 2016-02-05T10:45:50+08:00 ] 127.0.0.1 /admin.php
INFO: [ app_begin ] --START--
INFO: ReadHtmlCache Behavior ::run [ RunTime:0.001000s ]
INFO: [ app_begin ] --END-- [ RunTime:0.001000s ]

[ 2016-02-05T10:45:50+08:00 ] 127.0.0.1 /admin.php/Public/login.html
INFO: [ route_check ] --START--
INFO: CheckRoute Behavior ::run [ RunTime:0.001000s ]
INFO: [ route_check ] --END-- [ RunTime:0.001000s ]
INFO: [ app_begin ] --START--
INFO: ReadHtmlCache Behavior ::run [ RunTime:0.000000s ]
INFO: [ app_begin ] --END-- [ RunTime:0.000000s ]
INFO: [ view_parse ] --START--
NOTIC: [2] filemtime(): stat failed for ./Admin/Runtime/Cache\754afcf016435756ef11c645ae70896ba2ab8d15.file.login.html.php D:\phpStudy\WWW\ThinkPHP\Extend\Vendor\Smarty\sysplugins\smarty_resource.php Á¨¨ 683 Ë°å.
NOTIC: [2] unlink(./Admin/Runtime/Cache\754afcf016435756ef11c645ae70896ba2ab8d15.file.login.html.php): No such file or directory D:\phpStudy\WWW\ThinkPHP\Extend\Vendor\Smarty\sysplugins\smarty_internal_write_file.php Á¨¨ 49 Ë°å.
NOTIC: [8] Undefined index: errorinfo D:\phpStudy\WWW\Admin\Runtime\Cache\754afcf016435756ef11c645ae70896ba2ab8d15.file.login.html.php Á¨¨ 74 Ë°å.
NOTIC: [8] Trying to get property of non-object D:\phpStudy\WWW\Admin\Runtime\Cache\754afcf016435756ef11c645ae70896ba2ab8d15.file.login.html.php Á¨¨ 74 Ë°å.
INFO: ParseTemplate Behavior ::run [ RunTime:0.061004s ]
INFO: [ view_parse ] --END-- [ RunTime:0.061004s ]
INFO: [ view_filter ] --START--
INFO: ContentReplace Behavior ::run [ RunTime:0.000000s ]
INFO: TokenBuild Behavior ::run [ RunTime:0.000000s ]
INFO: WriteHtmlCache Behavior ::run [ RunTime:0.001000s ]
INFO: ShowRuntime Behavior ::run [ RunTime:0.000000s ]
INFO: [ view_filter ] --END-- [ RunTime:0.001000s ]
INFO: [ view_end ] --START--
INFO: ShowPageTrace Behavior ::run [ RunTime:0.001000s ]
INFO: [ view_end ] --END-- [ RunTime:0.001000s ]

[ 2016-02-05T10:45:50+08:00 ] 127.0.0.1 /admin.php/Public/verify/
INFO: [ route_check ] --START--
INFO: CheckRoute Behavior ::run [ RunTime:0.000000s ]
INFO: [ route_check ] --END-- [ RunTime:0.000000s ]
INFO: [ app_begin ] --START--
INFO: ReadHtmlCache Behavior ::run [ RunTime:0.000000s ]
INFO: [ app_begin ] --END-- [ RunTime:0.000000s ]

[ 2016-02-05T10:45:59+08:00 ] 127.0.0.1 /admin.php/Public/checkLogin
INFO: [ route_check ] --START--
INFO: CheckRoute Behavior ::run [ RunTime:0.001000s ]
INFO: [ route_check ] --END-- [ RunTime:0.001000s ]
INFO: [ app_begin ] --START--
INFO: ReadHtmlCache Behavior ::run [ RunTime:0.001000s ]
INFO: [ app_begin ] --END-- [ RunTime:0.001000s ]
SQL: SHOW COLUMNS FROM `edu_users` [ RunTime:0.003000s ]
SQL: SELECT * FROM `edu_users` WHERE ( username = 'admin' ) LIMIT 1   [ RunTime:0.001000s ]
SQL: SELECT * FROM `edu_users` WHERE ( `id` = 55 ) LIMIT 1   [ RunTime:0.000000s ]
SQL: UPDATE `edu_users` SET `username`='admin',`userpass`='21232f297a57a5a743894a0e4a801fc3',`name`='ÁÆ°ÁêÜÂë\ò',`sex`=1,`age`=22,`email`='admin@admin.com',`class`='74',`picture`='530e9f9d3b45b.jpg',`level`=10,`point`=999,`addtime`=1393430863,`introduce`='Êó\†',`logintime`=1453208448,`logouttime`=1453310061,`loginnum`=34 WHERE ( `id` = 55 ) [ RunTime:0.000000s ]
SQL: select n.mname,n.aname from edu_userrole ur,edu_role_node rn,edu_node n where ur.rid=rn.rid and rn.nid=n.id and ur.uid=55 [ RunTime:0.000000s ]
SQL: SHOW COLUMNS FROM `edu_userrole` [ RunTime:0.005001s ]
SQL: SELECT * FROM `edu_userrole` WHERE ( uid='55' )  [ RunTime:0.001000s ]

[ 2016-02-05T10:45:59+08:00 ] 127.0.0.1 /admin.php/Index/index.html
INFO: [ route_check ] --START--
INFO: CheckRoute Behavior ::run [ RunTime:0.001000s ]
INFO: [ route_check ] --END-- [ RunTime:0.001000s ]
INFO: [ app_begin ] --START--
INFO: ReadHtmlCache Behavior ::run [ RunTime:0.001000s ]
INFO: [ app_begin ] --END-- [ RunTime:0.001000s ]
SQL: SHOW COLUMNS FROM `edu_users` [ RunTime:0.006000s ]
SQL: SELECT * FROM `edu_users` WHERE ( `id` = 55 ) LIMIT 1   [ RunTime:0.001000s ]
SQL: SELECT COUNT(*) AS tp_count FROM `edu_users` WHERE (  (`addtime` BETWEEN '1453310061' AND '1454640359' ) ) LIMIT 1   [ RunTime:0.001000s ]
SQL: SHOW COLUMNS FROM `edu_video` [ RunTime:0.004000s ]
SQL: SELECT COUNT(*) AS tp_count FROM `edu_video` WHERE ( status=1 ) LIMIT 1   [ RunTime:0.001000s ]
SQL: SHOW COLUMNS FROM `edu_library` [ RunTime:0.004001s ]
SQL: SELECT COUNT(*) AS tp_count FROM `edu_library` WHERE ( status=1 ) LIMIT 1   [ RunTime:0.000000s ]
SQL: SHOW COLUMNS FROM `edu_clicknum` [ RunTime:0.004000s ]
SQL: SELECT * FROM `edu_clicknum` WHERE ( `id` = 1 ) LIMIT 1   [ RunTime:0.000000s ]
INFO: [ view_parse ] --START--
NOTIC: [2] filemtime(): stat failed for ./Admin/Runtime/Cache\46433abaf19f4a45af2d886fe791fa1fa6390c68.file.index.html.php D:\phpStudy\WWW\ThinkPHP\Extend\Vendor\Smarty\sysplugins\smarty_resource.php Á¨¨ 683 Ë°å.
NOTIC: [2] unlink(./Admin/Runtime/Cache\46433abaf19f4a45af2d886fe791fa1fa6390c68.file.index.html.php): No such file or directory D:\phpStudy\WWW\ThinkPHP\Extend\Vendor\Smarty\sysplugins\smarty_internal_write_file.php Á¨¨ 49 Ë°å.
INFO: ParseTemplate Behavior ::run [ RunTime:0.081005s ]
INFO: [ view_parse ] --END-- [ RunTime:0.081005s ]
INFO: [ view_filter ] --START--
INFO: ContentReplace Behavior ::run [ RunTime:0.000000s ]
INFO: TokenBuild Behavior ::run [ RunTime:0.001000s ]
INFO: WriteHtmlCache Behavior ::run [ RunTime:0.000000s ]
INFO: ShowRuntime Behavior ::run [ RunTime:0.000000s ]
INFO: [ view_filter ] --END-- [ RunTime:0.001000s ]
INFO: [ view_end ] --START--
INFO: ShowPageTrace Behavior ::run [ RunTime:0.001000s ]
INFO: [ view_end ] --END-- [ RunTime:0.001000s ]

[ 2016-02-05T10:46:06+08:00 ] 127.0.0.1 /admin.php/Video/index?_=1454640365998
INFO: [ route_check ] --START--
INFO: CheckRoute Behavior ::run [ RunTime:0.000000s ]
INFO: [ route_check ] --END-- [ RunTime:0.000000s ]
INFO: [ app_begin ] --START--
INFO: ReadHtmlCache Behavior ::run [ RunTime:0.000000s ]
INFO: [ app_begin ] --END-- [ RunTime:0.001000s ]
SQL: SHOW COLUMNS FROM `edu_video` [ RunTime:0.004001s ]
SQL: SELECT COUNT(*) AS tp_count FROM `edu_video` LIMIT 1   [ RunTime:0.000000s ]
SQL: SELECT * FROM `edu_video` ORDER BY id desc LIMIT 0,10   [ RunTime:0.001000s ]
SQL: SHOW COLUMNS FROM `edu_users` [ RunTime:0.003000s ]
SQL: SHOW COLUMNS FROM `edu_cat` [ RunTime:0.003000s ]
SQL: SELECT `username` FROM `edu_users` WHERE ( `id` = 63 ) LIMIT 1   [ RunTime:0.000000s ]
SQL: SELECT `name` FROM `edu_cat` WHERE ( `id` = 11 ) LIMIT 1   [ RunTime:0.000000s ]
SQL: SELECT `username` FROM `edu_users` WHERE ( `id` = 65 ) LIMIT 1   [ RunTime:0.000000s ]
SQL: SELECT `name` FROM `edu_cat` WHERE ( `id` = 26 ) LIMIT 1   [ RunTime:0.001000s ]
SQL: SELECT `username` FROM `edu_users` WHERE ( `id` = 65 ) LIMIT 1   [ RunTime:0.000000s ]
SQL: SELECT `name` FROM `edu_cat` WHERE ( `id` = 13 ) LIMIT 1   [ RunTime:0.000000s ]
SQL: SELECT `username` FROM `edu_users` WHERE ( `id` = 65 ) LIMIT 1   [ RunTime:0.000000s ]
SQL: SELECT `name` FROM `edu_cat` WHERE ( `id` = 17 ) LIMIT 1   [ RunTime:0.000000s ]
SQL: SELECT `username` FROM `edu_users` WHERE ( `id` = 93 ) LIMIT 1   [ RunTime:0.000000s ]
SQL: SELECT `name` FROM `edu_cat` WHERE ( `id` = 29 ) LIMIT 1   [ RunTime:0.000000s ]
SQL: SELECT `username` FROM `edu_users` WHERE ( `id` = 75 ) LIMIT 1   [ RunTime:0.000000s ]
SQL: SELECT `name` FROM `edu_cat` WHERE ( `id` = 29 ) LIMIT 1   [ RunTime:0.000000s ]
SQL: SELECT `username` FROM `edu_users` WHERE ( `id` = 75 ) LIMIT 1   [ RunTime:0.000000s ]
SQL: SELECT `name` FROM `edu_cat` WHERE ( `id` = 19 ) LIMIT 1   [ RunTime:0.000000s ]
SQL: SELECT `username` FROM `edu_users` WHERE ( `id` = 70 ) LIMIT 1   [ RunTime:0.001000s ]
SQL: SELECT `name` FROM `edu_cat` WHERE ( `id` = 17 ) LIMIT 1   [ RunTime:0.000000s ]
SQL: SELECT `username` FROM `edu_users` WHERE ( `id` = 69 ) LIMIT 1   [ RunTime:0.000000s ]
SQL: SELECT `name` FROM `edu_cat` WHERE ( `id` = 13 ) LIMIT 1   [ RunTime:0.000000s ]
SQL: SELECT `username` FROM `edu_users` WHERE ( `id` = 69 ) LIMIT 1   [ RunTime:0.000000s ]
SQL: SELECT `name` FROM `edu_cat` WHERE ( `id` = 23 ) LIMIT 1   [ RunTime:0.000000s ]
NOTIC: [8] Undefined variable: search D:\phpStudy\WWW\Admin\Lib\Action\CommonAction.class.php Á¨¨ 310 Ë°å.
NOTIC: [8] Undefined index: values D:\phpStudy\WWW\Admin\Lib\Action\CommonAction.class.php Á¨¨ 311 Ë°å.
NOTIC: [8] Undefined index: id D:\phpStudy\WWW\Admin\Lib\Action\CatAction.class.php Á¨¨ 179 Ë°å.
SQL: SELECT `id`,`name`,`path` FROM `edu_cat` ORDER BY concat(path,id)  [ RunTime:0.000000s ]
INFO: [ view_parse ] --START--
NOTIC: [2] filemtime(): stat failed for ./Admin/Runtime/Cache\8bda5c121dc61930d0dd84fa7a1d8506b8232520.file.index.html.php D:\phpStudy\WWW\ThinkPHP\Extend\Vendor\Smarty\sysplugins\smarty_resource.php Á¨¨ 683 Ë°å.
NOTIC: [2] unlink(./Admin/Runtime/Cache\8bda5c121dc61930d0dd84fa7a1d8506b8232520.file.index.html.php): No such file or directory D:\phpStudy\WWW\ThinkPHP\Extend\Vendor\Smarty\sysplugins\smarty_internal_write_file.php Á¨¨ 49 Ë°å.
NOTIC: [2] filemtime(): stat failed for ./Admin/Runtime/Cache\9b58476071dcf322d7a032b16e5bfba3e2c4a166.file.pagerForm.html.php D:\phpStudy\WWW\ThinkPHP\Extend\Vendor\Smarty\sysplugins\smarty_resource.php Á¨¨ 683 Ë°å.
NOTIC: [2] unlink(./Admin/Runtime/Cache\9b58476071dcf322d7a032b16e5bfba3e2c4a166.file.pagerForm.html.php): No such file or directory D:\phpStudy\WWW\ThinkPHP\Extend\Vendor\Smarty\sysplugins\smarty_internal_write_file.php Á¨¨ 49 Ë°å.
NOTIC: [8] Undefined index: _order D:\phpStudy\WWW\Admin\Runtime\Cache\9b58476071dcf322d7a032b16e5bfba3e2c4a166.file.pagerForm.html.php Á¨¨ 32 Ë°å.
NOTIC: [8] Undefined index: _sort D:\phpStudy\WWW\Admin\Runtime\Cache\9b58476071dcf322d7a032b16e5bfba3e2c4a166.file.pagerForm.html.php Á¨¨ 34 Ë°å.
NOTIC: [8] Undefined index: videoname D:\phpStudy\WWW\Admin\Runtime\Cache\8bda5c121dc61930d0dd84fa7a1d8506b8232520.file.index.html.php Á¨¨ 49 Ë°å.
NOTIC: [8] Undefined index: username D:\phpStudy\WWW\Admin\Runtime\Cache\8bda5c121dc61930d0dd84fa7a1d8506b8232520.file.index.html.php Á¨¨ 53 Ë°å.
NOTIC: [8] Undefined index: _sort D:\phpStudy\WWW\Admin\Runtime\Cache\8bda5c121dc61930d0dd84fa7a1d8506b8232520.file.index.html.php Á¨¨ 79 Ë°å.
INFO: ParseTemplate Behavior ::run [ RunTime:0.072004s ]
INFO: [ view_parse ] --END-- [ RunTime:0.072004s ]
INFO: [ view_filter ] --START--
INFO: ContentReplace Behavior ::run [ RunTime:0.000000s ]
INFO: TokenBuild Behavior ::run [ RunTime:0.001000s ]
INFO: WriteHtmlCache Behavior ::run [ RunTime:0.000000s ]
INFO: ShowRuntime Behavior ::run [ RunTime:0.000000s ]
INFO: [ view_filter ] --END-- [ RunTime:0.001000s ]
INFO: [ view_end ] --START--
INFO: ShowPageTrace Behavior ::run [ RunTime:0.001000s ]
INFO: [ view_end ] --END-- [ RunTime:0.001000s ]

[ 2016-02-05T10:46:08+08:00 ] 127.0.0.1 /admin.php/Note/index?_=1454640367950
INFO: [ route_check ] --START--
INFO: CheckRoute Behavior ::run [ RunTime:0.001000s ]
INFO: [ route_check ] --END-- [ RunTime:0.001000s ]
INFO: [ app_begin ] --START--
INFO: ReadHtmlCache Behavior ::run [ RunTime:0.000000s ]
INFO: [ app_begin ] --END-- [ RunTime:0.000000s ]
SQL: SHOW COLUMNS FROM `edu_note` [ RunTime:0.003000s ]
ERR: 1146:Table 'edu002.edu_note' doesn't exist
 [ SQLËØ≠Âè• ] : SHOW COLUMNS FROM `edu_note`
NOTIC: [2] Invalid argument supplied for foreach() D:\phpStudy\WWW\Admin\Lib\Action\CommonAction.class.php Á¨¨ 219 Ë°å.
SQL: SELECT COUNT(*) AS tp_count FROM `edu_note` LIMIT 1   [ RunTime:0.001000s ]
ERR: 1146:Table 'edu002.edu_note' doesn't exist
 [ SQLËØ≠Âè• ] : SELECT COUNT(*) AS tp_count FROM `edu_note` LIMIT 1  
SQL: SELECT * FROM `edu_note` ORDER BY id desc LIMIT 0,10   [ RunTime:0.000000s ]
ERR: 1146:Table 'edu002.edu_note' doesn't exist
 [ SQLËØ≠Âè• ] : SELECT * FROM `edu_note` ORDER BY id desc LIMIT 0,10  
SQL: SHOW COLUMNS FROM `edu_users` [ RunTime:0.004001s ]
SQL: SHOW COLUMNS FROM `edu_video` [ RunTime:0.004000s ]
NOTIC: [2] Invalid argument supplied for foreach() D:\phpStudy\WWW\Admin\Lib\Action\NoteAction.class.php Á¨¨ 48 Ë°å.
NOTIC: [8] Undefined variable: search D:\phpStudy\WWW\Admin\Lib\Action\CommonAction.class.php Á¨¨ 310 Ë°å.
NOTIC: [8] Undefined index: values D:\phpStudy\WWW\Admin\Lib\Action\CommonAction.class.php Á¨¨ 311 Ë°å.
NOTIC: [8] Undefined index: id D:\phpStudy\WWW\Admin\Lib\Action\CatAction.class.php Á¨¨ 179 Ë°å.
SQL: SHOW COLUMNS FROM `edu_cat` [ RunTime:0.004000s ]
SQL: SELECT `id`,`name`,`path` FROM `edu_cat` ORDER BY concat(path,id)  [ RunTime:0.001000s ]
INFO: [ view_parse ] --START--
NOTIC: [2] filemtime(): stat failed for ./Admin/Runtime/Cache\70cb5ef87f46d5a940520e4b1135932a2e33cb13.file.index.html.php D:\phpStudy\WWW\ThinkPHP\Extend\Vendor\Smarty\sysplugins\smarty_resource.php Á¨¨ 683 Ë°å.
NOTIC: [2] unlink(./Admin/Runtime/Cache\70cb5ef87f46d5a940520e4b1135932a2e33cb13.file.index.html.php): No such file or directory D:\phpStudy\WWW\ThinkPHP\Extend\Vendor\Smarty\sysplugins\smarty_internal_write_file.php Á¨¨ 49 Ë°å.
NOTIC: [8] Undefined index: _order D:\phpStudy\WWW\Admin\Runtime\Cache\9b58476071dcf322d7a032b16e5bfba3e2c4a166.file.pagerForm.html.php Á¨¨ 32 Ë°å.
NOTIC: [8] Undefined index: _sort D:\phpStudy\WWW\Admin\Runtime\Cache\9b58476071dcf322d7a032b16e5bfba3e2c4a166.file.pagerForm.html.php Á¨¨ 34 Ë°å.
NOTIC: [8] Undefined index: username D:\phpStudy\WWW\Admin\Runtime\Cache\70cb5ef87f46d5a940520e4b1135932a2e33cb13.file.index.html.php Á¨¨ 42 Ë°å.
NOTIC: [8] Undefined index: videoname D:\phpStudy\WWW\Admin\Runtime\Cache\70cb5ef87f46d5a940520e4b1135932a2e33cb13.file.index.html.php Á¨¨ 46 Ë°å.
NOTIC: [8] Undefined index: content D:\phpStudy\WWW\Admin\Runtime\Cache\70cb5ef87f46d5a940520e4b1135932a2e33cb13.file.index.html.php Á¨¨ 50 Ë°å.
NOTIC: [8] Undefined index: _sort D:\phpStudy\WWW\Admin\Runtime\Cache\70cb5ef87f46d5a940520e4b1135932a2e33cb13.file.index.html.php Á¨¨ 76 Ë°å.
INFO: ParseTemplate Behavior ::run [ RunTime:0.055003s ]
INFO: [ view_parse ] --END-- [ RunTime:0.055003s ]
INFO: [ view_filter ] --START--
INFO: ContentReplace Behavior ::run [ RunTime:0.000000s ]
INFO: TokenBuild Behavior ::run [ RunTime:0.001000s ]
INFO: WriteHtmlCache Behavior ::run [ RunTime:0.000000s ]
INFO: ShowRuntime Behavior ::run [ RunTime:0.001001s ]
INFO: [ view_filter ] --END-- [ RunTime:0.002001s ]
INFO: [ view_end ] --START--
INFO: ShowPageTrace Behavior ::run [ RunTime:0.000000s ]
INFO: [ view_end ] --END-- [ RunTime:0.000000s ]

[ 2016-02-05T10:46:09+08:00 ] 127.0.0.1 /admin.php/Video/index?_=1454640369047
INFO: [ route_check ] --START--
INFO: CheckRoute Behavior ::run [ RunTime:0.001000s ]
INFO: [ route_check ] --END-- [ RunTime:0.001000s ]
INFO: [ app_begin ] --START--
INFO: ReadHtmlCache Behavior ::run [ RunTime:0.000000s ]
INFO: [ app_begin ] --END-- [ RunTime:0.000000s ]
SQL: SHOW COLUMNS FROM `edu_video` [ RunTime:0.004000s ]
SQL: SELECT COUNT(*) AS tp_count FROM `edu_video` LIMIT 1   [ RunTime:0.000000s ]
SQL: SELECT * FROM `edu_video` ORDER BY id desc LIMIT 0,10   [ RunTime:0.000000s ]
SQL: SHOW COLUMNS FROM `edu_users` [ RunTime:0.004000s ]
SQL: SHOW COLUMNS FROM `edu_cat` [ RunTime:0.005000s ]
SQL: SELECT `username` FROM `edu_users` WHERE ( `id` = 63 ) LIMIT 1   [ RunTime:0.000000s ]
SQL: SELECT `name` FROM `edu_cat` WHERE ( `id` = 11 ) LIMIT 1   [ RunTime:0.000000s ]
SQL: SELECT `username` FROM `edu_users` WHERE ( `id` = 65 ) LIMIT 1   [ RunTime:0.000000s ]
SQL: SELECT `name` FROM `edu_cat` WHERE ( `id` = 26 ) LIMIT 1   [ RunTime:0.001000s ]
SQL: SELECT `username` FROM `edu_users` WHERE ( `id` = 65 ) LIMIT 1   [ RunTime:0.000000s ]
SQL: SELECT `name` FROM `edu_cat` WHERE ( `id` = 13 ) LIMIT 1   [ RunTime:0.000000s ]
SQL: SELECT `username` FROM `edu_users` WHERE ( `id` = 65 ) LIMIT 1   [ RunTime:0.000000s ]
SQL: SELECT `name` FROM `edu_cat` WHERE ( `id` = 17 ) LIMIT 1   [ RunTime:0.000000s ]
SQL: SELECT `username` FROM `edu_users` WHERE ( `id` = 93 ) LIMIT 1   [ RunTime:0.000000s ]
SQL: SELECT `name` FROM `edu_cat` WHERE ( `id` = 29 ) LIMIT 1   [ RunTime:0.001000s ]
SQL: SELECT `username` FROM `edu_users` WHERE ( `id` = 75 ) LIMIT 1   [ RunTime:0.000000s ]
SQL: SELECT `name` FROM `edu_cat` WHERE ( `id` = 29 ) LIMIT 1   [ RunTime:0.000000s ]
SQL: SELECT `username` FROM `edu_users` WHERE ( `id` = 75 ) LIMIT 1   [ RunTime:0.000000s ]
SQL: SELECT `name` FROM `edu_cat` WHERE ( `id` = 19 ) LIMIT 1   [ RunTime:0.001000s ]
SQL: SELECT `username` FROM `edu_users` WHERE ( `id` = 70 ) LIMIT 1   [ RunTime:0.000000s ]
SQL: SELECT `name` FROM `edu_cat` WHERE ( `id` = 17 ) LIMIT 1   [ RunTime:0.000000s ]
SQL: SELECT `username` FROM `edu_users` WHERE ( `id` = 69 ) LIMIT 1   [ RunTime:0.000000s ]
SQL: SELECT `name` FROM `edu_cat` WHERE ( `id` = 13 ) LIMIT 1   [ RunTime:0.001001s ]
SQL: SELECT `username` FROM `edu_users` WHERE ( `id` = 69 ) LIMIT 1   [ RunTime:0.000000s ]
SQL: SELECT `name` FROM `edu_cat` WHERE ( `id` = 23 ) LIMIT 1   [ RunTime:0.000000s ]
NOTIC: [8] Undefined variable: search D:\phpStudy\WWW\Admin\Lib\Action\CommonAction.class.php Á¨¨ 310 Ë°å.
NOTIC: [8] Undefined index: values D:\phpStudy\WWW\Admin\Lib\Action\CommonAction.class.php Á¨¨ 311 Ë°å.
NOTIC: [8] Undefined index: id D:\phpStudy\WWW\Admin\Lib\Action\CatAction.class.php Á¨¨ 179 Ë°å.
SQL: SELECT `id`,`name`,`path` FROM `edu_cat` ORDER BY concat(path,id)  [ RunTime:0.001000s ]
INFO: [ view_parse ] --START--
NOTIC: [8] Undefined index: _order D:\phpStudy\WWW\Admin\Runtime\Cache\9b58476071dcf322d7a032b16e5bfba3e2c4a166.file.pagerForm.html.php Á¨¨ 32 Ë°å.
NOTIC: [8] Undefined index: _sort D:\phpStudy\WWW\Admin\Runtime\Cache\9b58476071dcf322d7a032b16e5bfba3e2c4a166.file.pagerForm.html.php Á¨¨ 34 Ë°å.
NOTIC: [8] Undefined index: videoname D:\phpStudy\WWW\Admin\Runtime\Cache\8bda5c121dc61930d0dd84fa7a1d8506b8232520.file.index.html.php Á¨¨ 49 Ë°å.
NOTIC: [8] Undefined index: username D:\phpStudy\WWW\Admin\Runtime\Cache\8bda5c121dc61930d0dd84fa7a1d8506b8232520.file.index.html.php Á¨¨ 53 Ë°å.
NOTIC: [8] Undefined index: _sort D:\phpStudy\WWW\Admin\Runtime\Cache\8bda5c121dc61930d0dd84fa7a1d8506b8232520.file.index.html.php Á¨¨ 79 Ë°å.
INFO: ParseTemplate Behavior ::run [ RunTime:0.011000s ]
INFO: [ view_parse ] --END-- [ RunTime:0.011000s ]
INFO: [ view_filter ] --START--
INFO: ContentReplace Behavior ::run [ RunTime:0.000000s ]
INFO: TokenBuild Behavior ::run [ RunTime:0.000000s ]
INFO: WriteHtmlCache Behavior ::run [ RunTime:0.000000s ]
INFO: ShowRuntime Behavior ::run [ RunTime:0.001000s ]
INFO: [ view_filter ] --END-- [ RunTime:0.001000s ]
INFO: [ view_end ] --START--
INFO: ShowPageTrace Behavior ::run [ RunTime:0.000000s ]
INFO: [ view_end ] --END-- [ RunTime:0.000000s ]

[ 2016-02-05T10:49:41+08:00 ] 127.0.0.1 /admin.php/Users/index?_=1454640581174
INFO: [ route_check ] --START--
INFO: CheckRoute Behavior ::run [ RunTime:0.001000s ]
INFO: [ route_check ] --END-- [ RunTime:0.001000s ]
INFO: [ app_begin ] --START--
INFO: ReadHtmlCache Behavior ::run [ RunTime:0.001000s ]
INFO: [ app_begin ] --END-- [ RunTime:0.001000s ]
SQL: SELECT COUNT(*) AS tp_count FROM `edu_users` LIMIT 1   [ RunTime:0.000000s ]
SQL: SELECT * FROM `edu_users` ORDER BY id desc LIMIT 0,10   [ RunTime:0.001000s ]
NOTIC: [8] Undefined variable: search D:\phpStudy\WWW\Admin\Lib\Action\CommonAction.class.php Á¨¨ 310 Ë°å.
NOTIC: [8] Undefined index: values D:\phpStudy\WWW\Admin\Lib\Action\CommonAction.class.php Á¨¨ 311 Ë°å.
NOTIC: [8] Undefined index: id D:\phpStudy\WWW\Admin\Lib\Action\CatAction.class.php Á¨¨ 179 Ë°å.
SQL: SHOW COLUMNS FROM `edu_cat` [ RunTime:0.003000s ]
SQL: SELECT `id`,`name`,`path` FROM `edu_cat` ORDER BY concat(path,id)  [ RunTime:0.000000s ]
INFO: [ view_parse ] --START--
NOTIC: [2] filemtime(): stat failed for ./Admin/Runtime/Cache\837fee60bdf7e913281f29dca31b23be38bc311f.file.index.html.php D:\phpStudy\WWW\ThinkPHP\Extend\Vendor\Smarty\sysplugins\smarty_resource.php Á¨¨ 683 Ë°å.
NOTIC: [2] unlink(./Admin/Runtime/Cache\837fee60bdf7e913281f29dca31b23be38bc311f.file.index.html.php): No such file or directory D:\phpStudy\WWW\ThinkPHP\Extend\Vendor\Smarty\sysplugins\smarty_internal_write_file.php Á¨¨ 49 Ë°å.
NOTIC: [8] Undefined index: _order D:\phpStudy\WWW\Admin\Runtime\Cache\9b58476071dcf322d7a032b16e5bfba3e2c4a166.file.pagerForm.html.php Á¨¨ 32 Ë°å.
NOTIC: [8] Undefined index: _sort D:\phpStudy\WWW\Admin\Runtime\Cache\9b58476071dcf322d7a032b16e5bfba3e2c4a166.file.pagerForm.html.php Á¨¨ 34 Ë°å.
NOTIC: [8] Undefined index: username D:\phpStudy\WWW\Admin\Runtime\Cache\837fee60bdf7e913281f29dca31b23be38bc311f.file.index.html.php Á¨¨ 45 Ë°å.
NOTIC: [8] Undefined index: _sort D:\phpStudy\WWW\Admin\Runtime\Cache\837fee60bdf7e913281f29dca31b23be38bc311f.file.index.html.php Á¨¨ 72 Ë°å.
INFO: ParseTemplate Behavior ::run [ RunTime:0.063004s ]
INFO: [ view_parse ] --END-- [ RunTime:0.063004s ]
INFO: [ view_filter ] --START--
INFO: ContentReplace Behavior ::run [ RunTime:0.000000s ]
INFO: TokenBuild Behavior ::run [ RunTime:0.001000s ]
INFO: WriteHtmlCache Behavior ::run [ RunTime:0.000000s ]
INFO: ShowRuntime Behavior ::run [ RunTime:0.000000s ]
INFO: [ view_filter ] --END-- [ RunTime:0.001000s ]
INFO: [ view_end ] --START--
INFO: ShowPageTrace Behavior ::run [ RunTime:0.001000s ]
INFO: [ view_end ] --END-- [ RunTime:0.001000s ]

[ 2016-02-05T10:49:57+08:00 ] 127.0.0.1 /admin.php/Users/edit/id/95/navTabId/listusers?_=1454640597045
INFO: [ route_check ] --START--
INFO: CheckRoute Behavior ::run [ RunTime:0.001000s ]
INFO: [ route_check ] --END-- [ RunTime:0.001000s ]
INFO: [ app_begin ] --START--
INFO: ReadHtmlCache Behavior ::run [ RunTime:0.001000s ]
INFO: [ app_begin ] --END-- [ RunTime:0.001000s ]
NOTIC: [8] Undefined index: _type D:\phpStudy\WWW\ThinkPHP\Lib\Core\Model.class.php Á¨¨ 583 Ë°å.
NOTIC: [8192] mysql_escape_string(): This function is deprecated; use mysql_real_escape_string() instead. D:\phpStudy\WWW\ThinkPHP\Lib\Driver\Db\DbMysql.class.php Á¨¨ 333 Ë°å.
SQL: SELECT * FROM `edu_users` WHERE ( `id` = '95' ) LIMIT 1   [ RunTime:0.000000s ]
INFO: [ view_parse ] --START--
NOTIC: [2] filemtime(): stat failed for ./Admin/Runtime/Cache\813286553215f7acb05ba233f7b65fc0b58978cf.file.edit.html.php D:\phpStudy\WWW\ThinkPHP\Extend\Vendor\Smarty\sysplugins\smarty_resource.php Á¨¨ 683 Ë°å.
NOTIC: [2] unlink(./Admin/Runtime/Cache\813286553215f7acb05ba233f7b65fc0b58978cf.file.edit.html.php): No such file or directory D:\phpStudy\WWW\ThinkPHP\Extend\Vendor\Smarty\sysplugins\smarty_internal_write_file.php Á¨¨ 49 Ë°å.
INFO: ParseTemplate Behavior ::run [ RunTime:0.054003s ]
INFO: [ view_parse ] --END-- [ RunTime:0.054003s ]
INFO: [ view_filter ] --START--
INFO: ContentReplace Behavior ::run [ RunTime:0.000000s ]
INFO: TokenBuild Behavior ::run [ RunTime:0.001000s ]
INFO: WriteHtmlCache Behavior ::run [ RunTime:0.001000s ]
INFO: ShowRuntime Behavior ::run [ RunTime:0.001000s ]
INFO: [ view_filter ] --END-- [ RunTime:0.004000s ]
INFO: [ view_end ] --START--
INFO: ShowPageTrace Behavior ::run [ RunTime:0.001000s ]
INFO: [ view_end ] --END-- [ RunTime:0.001000s ]

[ 2016-02-05T10:50:15+08:00 ] 127.0.0.1 /admin.php/Users/index
INFO: [ route_check ] --START--
INFO: CheckRoute Behavior ::run [ RunTime:0.001000s ]
INFO: [ route_check ] --END-- [ RunTime:0.001000s ]
INFO: [ app_begin ] --START--
INFO: ReadHtmlCache Behavior ::run [ RunTime:0.001000s ]
INFO: [ app_begin ] --END-- [ RunTime:0.001000s ]
SQL: SELECT COUNT(*) AS tp_count FROM `edu_users` LIMIT 1   [ RunTime:0.000000s ]
SQL: SELECT * FROM `edu_users` ORDER BY id desc LIMIT 30,10   [ RunTime:0.000000s ]
NOTIC: [8] Undefined variable: search D:\phpStudy\WWW\Admin\Lib\Action\CommonAction.class.php Á¨¨ 310 Ë°å.
NOTIC: [8] Undefined index: values D:\phpStudy\WWW\Admin\Lib\Action\CommonAction.class.php Á¨¨ 311 Ë°å.
NOTIC: [8] Undefined index: id D:\phpStudy\WWW\Admin\Lib\Action\CatAction.class.php Á¨¨ 179 Ë°å.
SQL: SHOW COLUMNS FROM `edu_cat` [ RunTime:0.004000s ]
SQL: SELECT `id`,`name`,`path` FROM `edu_cat` ORDER BY concat(path,id)  [ RunTime:0.000000s ]
INFO: [ view_parse ] --START--
INFO: ParseTemplate Behavior ::run [ RunTime:0.012001s ]
INFO: [ view_parse ] --END-- [ RunTime:0.012001s ]
INFO: [ view_filter ] --START--
INFO: ContentReplace Behavior ::run [ RunTime:0.001000s ]
INFO: TokenBuild Behavior ::run [ RunTime:0.000000s ]
INFO: WriteHtmlCache Behavior ::run [ RunTime:0.000000s ]
INFO: ShowRuntime Behavior ::run [ RunTime:0.001000s ]
INFO: [ view_filter ] --END-- [ RunTime:0.002000s ]
INFO: [ view_end ] --START--
INFO: ShowPageTrace Behavior ::run [ RunTime:0.000000s ]
INFO: [ view_end ] --END-- [ RunTime:0.000000s ]

[ 2016-02-05T10:52:00+08:00 ] 127.0.0.1 /admin.php/Test/add?_=1454640720424
INFO: [ route_check ] --START--
INFO: CheckRoute Behavior ::run [ RunTime:0.001000s ]
INFO: [ route_check ] --END-- [ RunTime:0.001000s ]
INFO: [ app_begin ] --START--
INFO: ReadHtmlCache Behavior ::run [ RunTime:0.001000s ]
INFO: [ app_begin ] --END-- [ RunTime:0.001000s ]
NOTIC: [8] Undefined index: id D:\phpStudy\WWW\Admin\Lib\Action\CatAction.class.php Á¨¨ 179 Ë°å.
SQL: SHOW COLUMNS FROM `edu_cat` [ RunTime:0.003000s ]
SQL: SELECT `id`,`name`,`path` FROM `edu_cat` ORDER BY concat(path,id)  [ RunTime:0.001000s ]
INFO: [ view_parse ] --START--
NOTIC: [2] filemtime(): stat failed for ./Admin/Runtime/Cache\ba411e36c4770066e0ee00a198b4897e5702beb0.file.add.html.php D:\phpStudy\WWW\ThinkPHP\Extend\Vendor\Smarty\sysplugins\smarty_resource.php Á¨¨ 683 Ë°å.
NOTIC: [2] unlink(./Admin/Runtime/Cache\ba411e36c4770066e0ee00a198b4897e5702beb0.file.add.html.php): No such file or directory D:\phpStudy\WWW\ThinkPHP\Extend\Vendor\Smarty\sysplugins\smarty_internal_write_file.php Á¨¨ 49 Ë°å.
INFO: ParseTemplate Behavior ::run [ RunTime:0.040003s ]
INFO: [ view_parse ] --END-- [ RunTime:0.040003s ]
INFO: [ view_filter ] --START--
INFO: ContentReplace Behavior ::run [ RunTime:0.001000s ]
INFO: TokenBuild Behavior ::run [ RunTime:0.000000s ]
INFO: WriteHtmlCache Behavior ::run [ RunTime:0.001000s ]
INFO: ShowRuntime Behavior ::run [ RunTime:0.000000s ]
INFO: [ view_filter ] --END-- [ RunTime:0.002000s ]
INFO: [ view_end ] --START--
INFO: ShowPageTrace Behavior ::run [ RunTime:0.001000s ]
INFO: [ view_end ] --END-- [ RunTime:0.001000s ]

[ 2016-02-05T10:52:06+08:00 ] 127.0.0.1 /admin.php/Test/insert/navTabId/listtest/callbackType/closeCurrent
INFO: [ route_check ] --START--
INFO: CheckRoute Behavior ::run [ RunTime:0.001000s ]
INFO: [ route_check ] --END-- [ RunTime:0.001000s ]
INFO: [ app_begin ] --START--
INFO: ReadHtmlCache Behavior ::run [ RunTime:0.001000s ]
INFO: [ app_begin ] --END-- [ RunTime:0.001000s ]
SQL: SHOW COLUMNS FROM `edu_test` [ RunTime:0.005000s ]
SQL: INSERT INTO `edu_test` (`tid`,`title`,`addtime`) VALUES (10,'ssss',1454640726) [ RunTime:0.000000s ]
NOTIC: [8] Undefined index: forwardUrl D:\phpStudy\WWW\ThinkPHP\Lib\Core\Action.class.php Á¨¨ 327 Ë°å.

[ 2016-02-05T10:52:08+08:00 ] 127.0.0.1 /admin.php/Test/index?_=1454640728844
INFO: [ route_check ] --START--
INFO: CheckRoute Behavior ::run [ RunTime:0.001000s ]
INFO: [ route_check ] --END-- [ RunTime:0.001000s ]
INFO: [ app_begin ] --START--
INFO: ReadHtmlCache Behavior ::run [ RunTime:0.001000s ]
INFO: [ app_begin ] --END-- [ RunTime:0.001000s ]
SQL: SHOW COLUMNS FROM `edu_test` [ RunTime:0.005001s ]
SQL: SELECT COUNT(*) AS tp_count FROM `edu_test` LIMIT 1   [ RunTime:0.001000s ]
SQL: SELECT * FROM `edu_test` ORDER BY id desc LIMIT 0,10   [ RunTime:0.000000s ]
SQL: SHOW COLUMNS FROM `edu_cat` [ RunTime:0.006000s ]
SQL: SELECT `name` FROM `edu_cat` WHERE ( `id` = 10 ) LIMIT 1   [ RunTime:0.000000s ]
SQL: SELECT `name` FROM `edu_cat` WHERE ( `id` = 28 ) LIMIT 1   [ RunTime:0.000000s ]
SQL: SELECT `name` FROM `edu_cat` WHERE ( `id` = 6 ) LIMIT 1   [ RunTime:0.000000s ]
SQL: SELECT `name` FROM `edu_cat` WHERE ( `id` = 7 ) LIMIT 1   [ RunTime:0.000000s ]
SQL: SELECT `name` FROM `edu_cat` WHERE ( `id` = 6 ) LIMIT 1   [ RunTime:0.000000s ]
SQL: SELECT `name` FROM `edu_cat` WHERE ( `id` = 29 ) LIMIT 1   [ RunTime:0.001000s ]
SQL: SELECT `name` FROM `edu_cat` WHERE ( `id` = 28 ) LIMIT 1   [ RunTime:0.000000s ]
SQL: SELECT `name` FROM `edu_cat` WHERE ( `id` = 9 ) LIMIT 1   [ RunTime:0.000000s ]
SQL: SELECT `name` FROM `edu_cat` WHERE ( `id` = 25 ) LIMIT 1   [ RunTime:0.000000s ]
SQL: SELECT `name` FROM `edu_cat` WHERE ( `id` = 14 ) LIMIT 1   [ RunTime:0.000000s ]
NOTIC: [8] Undefined variable: search D:\phpStudy\WWW\Admin\Lib\Action\CommonAction.class.php Á¨¨ 310 Ë°å.
NOTIC: [8] Undefined index: values D:\phpStudy\WWW\Admin\Lib\Action\CommonAction.class.php Á¨¨ 311 Ë°å.
NOTIC: [8] Undefined index: id D:\phpStudy\WWW\Admin\Lib\Action\CatAction.class.php Á¨¨ 179 Ë°å.
SQL: SELECT `id`,`name`,`path` FROM `edu_cat` ORDER BY concat(path,id)  [ RunTime:0.000000s ]
INFO: [ view_parse ] --START--
NOTIC: [2] filemtime(): stat failed for ./Admin/Runtime/Cache\27936ffbb68ef4d959ca7516f4b36f2666750584.file.index.html.php D:\phpStudy\WWW\ThinkPHP\Extend\Vendor\Smarty\sysplugins\smarty_resource.php Á¨¨ 683 Ë°å.
NOTIC: [2] unlink(./Admin/Runtime/Cache\27936ffbb68ef4d959ca7516f4b36f2666750584.file.index.html.php): No such file or directory D:\phpStudy\WWW\ThinkPHP\Extend\Vendor\Smarty\sysplugins\smarty_internal_write_file.php Á¨¨ 49 Ë°å.
NOTIC: [8] Undefined index: _order D:\phpStudy\WWW\Admin\Runtime\Cache\9b58476071dcf322d7a032b16e5bfba3e2c4a166.file.pagerForm.html.php Á¨¨ 32 Ë°å.
NOTIC: [8] Undefined index: _sort D:\phpStudy\WWW\Admin\Runtime\Cache\9b58476071dcf322d7a032b16e5bfba3e2c4a166.file.pagerForm.html.php Á¨¨ 34 Ë°å.
NOTIC: [8] Undefined index: title D:\phpStudy\WWW\Admin\Runtime\Cache\27936ffbb68ef4d959ca7516f4b36f2666750584.file.index.html.php Á¨¨ 44 Ë°å.
NOTIC: [8] Undefined index: _sort D:\phpStudy\WWW\Admin\Runtime\Cache\27936ffbb68ef4d959ca7516f4b36f2666750584.file.index.html.php Á¨¨ 75 Ë°å.
INFO: ParseTemplate Behavior ::run [ RunTime:0.055003s ]
INFO: [ view_parse ] --END-- [ RunTime:0.055003s ]
INFO: [ view_filter ] --START--
INFO: ContentReplace Behavior ::run [ RunTime:0.000000s ]
INFO: TokenBuild Behavior ::run [ RunTime:0.001000s ]
INFO: WriteHtmlCache Behavior ::run [ RunTime:0.000000s ]
INFO: ShowRuntime Behavior ::run [ RunTime:0.000000s ]
INFO: [ view_filter ] --END-- [ RunTime:0.001000s ]
INFO: [ view_end ] --START--
INFO: ShowPageTrace Behavior ::run [ RunTime:0.001000s ]
INFO: [ view_end ] --END-- [ RunTime:0.001000s ]

[ 2016-02-05T10:52:11+08:00 ] 127.0.0.1 /admin.php/Test/add?_=1454640731863
INFO: [ route_check ] --START--
INFO: CheckRoute Behavior ::run [ RunTime:0.002000s ]
INFO: [ route_check ] --END-- [ RunTime:0.002000s ]
INFO: [ app_begin ] --START--
INFO: ReadHtmlCache Behavior ::run [ RunTime:0.001000s ]
INFO: [ app_begin ] --END-- [ RunTime:0.001000s ]
NOTIC: [8] Undefined index: id D:\phpStudy\WWW\Admin\Lib\Action\CatAction.class.php Á¨¨ 179 Ë°å.
SQL: SHOW COLUMNS FROM `edu_cat` [ RunTime:0.005000s ]
SQL: SELECT `id`,`name`,`path` FROM `edu_cat` ORDER BY concat(path,id)  [ RunTime:0.000000s ]
INFO: [ view_parse ] --START--
INFO: ParseTemplate Behavior ::run [ RunTime:0.012001s ]
INFO: [ view_parse ] --END-- [ RunTime:0.012001s ]
INFO: [ view_filter ] --START--
INFO: ContentReplace Behavior ::run [ RunTime:0.000000s ]
INFO: TokenBuild Behavior ::run [ RunTime:0.001000s ]
INFO: WriteHtmlCache Behavior ::run [ RunTime:0.000000s ]
INFO: ShowRuntime Behavior ::run [ RunTime:0.000000s ]
INFO: [ view_filter ] --END-- [ RunTime:0.001000s ]
INFO: [ view_end ] --START--
INFO: ShowPageTrace Behavior ::run [ RunTime:0.001000s ]
INFO: [ view_end ] --END-- [ RunTime:0.001000s ]

[ 2016-02-05T10:52:19+08:00 ] 127.0.0.1 /admin.php/Test/edit/id/24/navTabId/listtest?_=1454640739726
INFO: [ route_check ] --START--
INFO: CheckRoute Behavior ::run [ RunTime:0.003000s ]
INFO: [ route_check ] --END-- [ RunTime:0.003000s ]
INFO: [ app_begin ] --START--
INFO: ReadHtmlCache Behavior ::run [ RunTime:0.001000s ]
INFO: [ app_begin ] --END-- [ RunTime:0.001000s ]
SQL: SHOW COLUMNS FROM `edu_test` [ RunTime:0.005000s ]
SQL: SHOW COLUMNS FROM `edu_cat` [ RunTime:0.004000s ]
SQL: SELECT `id`,`name`,`path` FROM `edu_cat` ORDER BY concat(path,id)  [ RunTime:0.000000s ]
SQL: SELECT * FROM `edu_test` WHERE ( `id` = 24 ) LIMIT 1   [ RunTime:0.000000s ]
INFO: [ view_parse ] --START--
NOTIC: [2] filemtime(): stat failed for ./Admin/Runtime/Cache\1da23b8aa2526fc982d322ab9a4d11ff8823fb4e.file.edit.html.php D:\phpStudy\WWW\ThinkPHP\Extend\Vendor\Smarty\sysplugins\smarty_resource.php Á¨¨ 683 Ë°å.
NOTIC: [2] unlink(./Admin/Runtime/Cache\1da23b8aa2526fc982d322ab9a4d11ff8823fb4e.file.edit.html.php): No such file or directory D:\phpStudy\WWW\ThinkPHP\Extend\Vendor\Smarty\sysplugins\smarty_internal_write_file.php Á¨¨ 49 Ë°å.
INFO: ParseTemplate Behavior ::run [ RunTime:0.040003s ]
INFO: [ view_parse ] --END-- [ RunTime:0.040003s ]
INFO: [ view_filter ] --START--
INFO: ContentReplace Behavior ::run [ RunTime:0.000000s ]
INFO: TokenBuild Behavior ::run [ RunTime:0.001000s ]
INFO: WriteHtmlCache Behavior ::run [ RunTime:0.000000s ]
INFO: ShowRuntime Behavior ::run [ RunTime:0.002000s ]
INFO: [ view_filter ] --END-- [ RunTime:0.003000s ]
INFO: [ view_end ] --START--
INFO: ShowPageTrace Behavior ::run [ RunTime:0.001000s ]
INFO: [ view_end ] --END-- [ RunTime:0.001000s ]

[ 2016-02-05T10:52:22+08:00 ] 127.0.0.1 /admin.php/Test/addquest/tid/24/navTabId/listtest?_=1454640742395
INFO: [ route_check ] --START--
INFO: CheckRoute Behavior ::run [ RunTime:0.001001s ]
INFO: [ route_check ] --END-- [ RunTime:0.001001s ]
INFO: [ app_begin ] --START--
INFO: ReadHtmlCache Behavior ::run [ RunTime:0.001000s ]
INFO: [ app_begin ] --END-- [ RunTime:0.001000s ]
INFO: [ view_parse ] --START--
NOTIC: [2] filemtime(): stat failed for ./Admin/Runtime/Cache\e5c7c151efc81e7e15a280e703fa316f359346cd.file.addquest.html.php D:\phpStudy\WWW\ThinkPHP\Extend\Vendor\Smarty\sysplugins\smarty_resource.php Á¨¨ 683 Ë°å.
NOTIC: [2] unlink(./Admin/Runtime/Cache\e5c7c151efc81e7e15a280e703fa316f359346cd.file.addquest.html.php): No such file or directory D:\phpStudy\WWW\ThinkPHP\Extend\Vendor\Smarty\sysplugins\smarty_internal_write_file.php Á¨¨ 49 Ë°å.
NOTIC: [8] Undefined index: currentPage D:\phpStudy\WWW\Admin\Runtime\Cache\9b58476071dcf322d7a032b16e5bfba3e2c4a166.file.pagerForm.html.php Á¨¨ 28 Ë°å.
NOTIC: [8] Trying to get property of non-object D:\phpStudy\WWW\Admin\Runtime\Cache\9b58476071dcf322d7a032b16e5bfba3e2c4a166.file.pagerForm.html.php Á¨¨ 28 Ë°å.
NOTIC: [8] Undefined index: numPerPage D:\phpStudy\WWW\Admin\Runtime\Cache\9b58476071dcf322d7a032b16e5bfba3e2c4a166.file.pagerForm.html.php Á¨¨ 30 Ë°å.
NOTIC: [8] Trying to get property of non-object D:\phpStudy\WWW\Admin\Runtime\Cache\9b58476071dcf322d7a032b16e5bfba3e2c4a166.file.pagerForm.html.php Á¨¨ 30 Ë°å.
NOTIC: [8] Undefined index: _order D:\phpStudy\WWW\Admin\Runtime\Cache\9b58476071dcf322d7a032b16e5bfba3e2c4a166.file.pagerForm.html.php Á¨¨ 32 Ë°å.
NOTIC: [8] Undefined index: _sort D:\phpStudy\WWW\Admin\Runtime\Cache\9b58476071dcf322d7a032b16e5bfba3e2c4a166.file.pagerForm.html.php Á¨¨ 34 Ë°å.
INFO: ParseTemplate Behavior ::run [ RunTime:0.038002s ]
INFO: [ view_parse ] --END-- [ RunTime:0.038002s ]
INFO: [ view_filter ] --START--
INFO: ContentReplace Behavior ::run [ RunTime:0.001000s ]
INFO: TokenBuild Behavior ::run [ RunTime:0.000000s ]
INFO: WriteHtmlCache Behavior ::run [ RunTime:0.000000s ]
INFO: ShowRuntime Behavior ::run [ RunTime:0.001000s ]
INFO: [ view_filter ] --END-- [ RunTime:0.002000s ]
INFO: [ view_end ] --START--
INFO: ShowPageTrace Behavior ::run [ RunTime:0.000000s ]
INFO: [ view_end ] --END-- [ RunTime:0.000000s ]

[ 2016-02-05T10:52:35+08:00 ] 127.0.0.1 /admin.php/Test/edit/id/23/navTabId/listtest?_=1454640754934
INFO: [ route_check ] --START--
INFO: CheckRoute Behavior ::run [ RunTime:0.001000s ]
INFO: [ route_check ] --END-- [ RunTime:0.001000s ]
INFO: [ app_begin ] --START--
INFO: ReadHtmlCache Behavior ::run [ RunTime:0.001000s ]
INFO: [ app_begin ] --END-- [ RunTime:0.001000s ]
SQL: SHOW COLUMNS FROM `edu_test` [ RunTime:0.003000s ]
SQL: SHOW COLUMNS FROM `edu_cat` [ RunTime:0.005000s ]
SQL: SELECT `id`,`name`,`path` FROM `edu_cat` ORDER BY concat(path,id)  [ RunTime:0.001000s ]
SQL: SELECT * FROM `edu_test` WHERE ( `id` = 23 ) LIMIT 1   [ RunTime:0.000000s ]
INFO: [ view_parse ] --START--
INFO: ParseTemplate Behavior ::run [ RunTime:0.014001s ]
INFO: [ view_parse ] --END-- [ RunTime:0.014001s ]
INFO: [ view_filter ] --START--
INFO: ContentReplace Behavior ::run [ RunTime:0.000000s ]
INFO: TokenBuild Behavior ::run [ RunTime:0.001000s ]
INFO: WriteHtmlCache Behavior ::run [ RunTime:0.000000s ]
INFO: ShowRuntime Behavior ::run [ RunTime:0.001000s ]
INFO: [ view_filter ] --END-- [ RunTime:0.002000s ]
INFO: [ view_end ] --START--
INFO: ShowPageTrace Behavior ::run [ RunTime:0.000000s ]
INFO: [ view_end ] --END-- [ RunTime:0.000000s ]

[ 2016-02-05T10:52:37+08:00 ] 127.0.0.1 /admin.php/Test/detail/id/23/navTabId/listtest?_=1454640757868
INFO: [ route_check ] --START--
INFO: CheckRoute Behavior ::run [ RunTime:0.002000s ]
INFO: [ route_check ] --END-- [ RunTime:0.002000s ]
INFO: [ app_begin ] --START--
INFO: ReadHtmlCache Behavior ::run [ RunTime:0.001001s ]
INFO: [ app_begin ] --END-- [ RunTime:0.001001s ]
SQL: SHOW COLUMNS FROM `edu_quest` [ RunTime:0.003001s ]
SQL: SELECT * FROM `edu_quest` WHERE ( `tid` = '23' )  [ RunTime:0.000000s ]
INFO: [ view_parse ] --START--
NOTIC: [2] filemtime(): stat failed for ./Admin/Runtime/Cache\feddba382169e44d86722fb211e5668382a24e2d.file.detail.html.php D:\phpStudy\WWW\ThinkPHP\Extend\Vendor\Smarty\sysplugins\smarty_resource.php Á¨¨ 683 Ë°å.
NOTIC: [2] unlink(./Admin/Runtime/Cache\feddba382169e44d86722fb211e5668382a24e2d.file.detail.html.php): No such file or directory D:\phpStudy\WWW\ThinkPHP\Extend\Vendor\Smarty\sysplugins\smarty_internal_write_file.php Á¨¨ 49 Ë°å.
NOTIC: [8] Undefined index: currentPage D:\phpStudy\WWW\Admin\Runtime\Cache\9b58476071dcf322d7a032b16e5bfba3e2c4a166.file.pagerForm.html.php Á¨¨ 28 Ë°å.
NOTIC: [8] Trying to get property of non-object D:\phpStudy\WWW\Admin\Runtime\Cache\9b58476071dcf322d7a032b16e5bfba3e2c4a166.file.pagerForm.html.php Á¨¨ 28 Ë°å.
NOTIC: [8] Undefined index: numPerPage D:\phpStudy\WWW\Admin\Runtime\Cache\9b58476071dcf322d7a032b16e5bfba3e2c4a166.file.pagerForm.html.php Á¨¨ 30 Ë°å.
NOTIC: [8] Trying to get property of non-object D:\phpStudy\WWW\Admin\Runtime\Cache\9b58476071dcf322d7a032b16e5bfba3e2c4a166.file.pagerForm.html.php Á¨¨ 30 Ë°å.
NOTIC: [8] Undefined index: _order D:\phpStudy\WWW\Admin\Runtime\Cache\9b58476071dcf322d7a032b16e5bfba3e2c4a166.file.pagerForm.html.php Á¨¨ 32 Ë°å.
NOTIC: [8] Undefined index: _sort D:\phpStudy\WWW\Admin\Runtime\Cache\9b58476071dcf322d7a032b16e5bfba3e2c4a166.file.pagerForm.html.php Á¨¨ 34 Ë°å.
NOTIC: [8] Undefined index: _sort D:\phpStudy\WWW\Admin\Runtime\Cache\feddba382169e44d86722fb211e5668382a24e2d.file.detail.html.php Á¨¨ 38 Ë°å.
NOTIC: [8] Undefined index: numPerPage D:\phpStudy\WWW\Admin\Runtime\Cache\feddba382169e44d86722fb211e5668382a24e2d.file.detail.html.php Á¨¨ 85 Ë°å.
NOTIC: [8] Trying to get property of non-object D:\phpStudy\WWW\Admin\Runtime\Cache\feddba382169e44d86722fb211e5668382a24e2d.file.detail.html.php Á¨¨ 85 Ë°å.
NOTIC: [8] Undefined index: numPerPage D:\phpStudy\WWW\Admin\Runtime\Cache\feddba382169e44d86722fb211e5668382a24e2d.file.detail.html.php Á¨¨ 86 Ë°å.
NOTIC: [8] Trying to get property of non-object D:\phpStudy\WWW\Admin\Runtime\Cache\feddba382169e44d86722fb211e5668382a24e2d.file.detail.html.php Á¨¨ 86 Ë°å.
NOTIC: [8] Undefined index: numPerPage D:\phpStudy\WWW\Admin\Runtime\Cache\feddba382169e44d86722fb211e5668382a24e2d.file.detail.html.php Á¨¨ 87 Ë°å.
NOTIC: [8] Trying to get property of non-object D:\phpStudy\WWW\Admin\Runtime\Cache\feddba382169e44d86722fb211e5668382a24e2d.file.detail.html.php Á¨¨ 87 Ë°å.
NOTIC: [8] Undefined index: numPerPage D:\phpStudy\WWW\Admin\Runtime\Cache\feddba382169e44d86722fb211e5668382a24e2d.file.detail.html.php Á¨¨ 88 Ë°å.
NOTIC: [8] Trying to get property of non-object D:\phpStudy\WWW\Admin\Runtime\Cache\feddba382169e44d86722fb211e5668382a24e2d.file.detail.html.php Á¨¨ 88 Ë°å.
NOTIC: [8] Undefined index: numPerPage D:\phpStudy\WWW\Admin\Runtime\Cache\feddba382169e44d86722fb211e5668382a24e2d.file.detail.html.php Á¨¨ 89 Ë°å.
NOTIC: [8] Trying to get property of non-object D:\phpStudy\WWW\Admin\Runtime\Cache\feddba382169e44d86722fb211e5668382a24e2d.file.detail.html.php Á¨¨ 89 Ë°å.
NOTIC: [8] Undefined index: totalCount D:\phpStudy\WWW\Admin\Runtime\Cache\feddba382169e44d86722fb211e5668382a24e2d.file.detail.html.php Á¨¨ 91 Ë°å.
NOTIC: [8] Trying to get property of non-object D:\phpStudy\WWW\Admin\Runtime\Cache\feddba382169e44d86722fb211e5668382a24e2d.file.detail.html.php Á¨¨ 91 Ë°å.
NOTIC: [8] Undefined index: totalCount D:\phpStudy\WWW\Admin\Runtime\Cache\feddba382169e44d86722fb211e5668382a24e2d.file.detail.html.php Á¨¨ 95 Ë°å.
NOTIC: [8] Trying to get property of non-object D:\phpStudy\WWW\Admin\Runtime\Cache\feddba382169e44d86722fb211e5668382a24e2d.file.detail.html.php Á¨¨ 95 Ë°å.
NOTIC: [8] Undefined index: numPerPage D:\phpStudy\WWW\Admin\Runtime\Cache\feddba382169e44d86722fb211e5668382a24e2d.file.detail.html.php Á¨¨ 96 Ë°å.
NOTIC: [8] Trying to get property of non-object D:\phpStudy\WWW\Admin\Runtime\Cache\feddba382169e44d86722fb211e5668382a24e2d.file.detail.html.php Á¨¨ 96 Ë°å.
NOTIC: [8] Undefined index: currentPage D:\phpStudy\WWW\Admin\Runtime\Cache\feddba382169e44d86722fb211e5668382a24e2d.file.detail.html.php Á¨¨ 97 Ë°å.
NOTIC: [8] Trying to get property of non-object D:\phpStudy\WWW\Admin\Runtime\Cache\feddba382169e44d86722fb211e5668382a24e2d.file.detail.html.php Á¨¨ 97 Ë°å.
INFO: ParseTemplate Behavior ::run [ RunTime:0.054003s ]
INFO: [ view_parse ] --END-- [ RunTime:0.054003s ]
INFO: [ view_filter ] --START--
INFO: ContentReplace Behavior ::run [ RunTime:0.000000s ]
INFO: TokenBuild Behavior ::run [ RunTime:0.001000s ]
INFO: WriteHtmlCache Behavior ::run [ RunTime:0.000000s ]
INFO: ShowRuntime Behavior ::run [ RunTime:0.000000s ]
INFO: [ view_filter ] --END-- [ RunTime:0.002000s ]
INFO: [ view_end ] --START--
INFO: ShowPageTrace Behavior ::run [ RunTime:0.000000s ]
INFO: [ view_end ] --END-- [ RunTime:0.000000s ]

[ 2016-02-05T10:52:41+08:00 ] 127.0.0.1 /admin.php/Test/add?_=1454640760985
INFO: [ route_check ] --START--
INFO: CheckRoute Behavior ::run [ RunTime:0.001000s ]
INFO: [ route_check ] --END-- [ RunTime:0.001000s ]
INFO: [ app_begin ] --START--
INFO: ReadHtmlCache Behavior ::run [ RunTime:0.000000s ]
INFO: [ app_begin ] --END-- [ RunTime:0.001000s ]
NOTIC: [8] Undefined index: id D:\phpStudy\WWW\Admin\Lib\Action\CatAction.class.php Á¨¨ 179 Ë°å.
SQL: SHOW COLUMNS FROM `edu_cat` [ RunTime:0.005000s ]
SQL: SELECT `id`,`name`,`path` FROM `edu_cat` ORDER BY concat(path,id)  [ RunTime:0.000000s ]
INFO: [ view_parse ] --START--
INFO: ParseTemplate Behavior ::run [ RunTime:0.015001s ]
INFO: [ view_parse ] --END-- [ RunTime:0.015001s ]
INFO: [ view_filter ] --START--
INFO: ContentReplace Behavior ::run [ RunTime:0.000000s ]
INFO: TokenBuild Behavior ::run [ RunTime:0.000000s ]
INFO: WriteHtmlCache Behavior ::run [ RunTime:0.000000s ]
INFO: ShowRuntime Behavior ::run [ RunTime:0.000000s ]
INFO: [ view_filter ] --END-- [ RunTime:0.001000s ]
INFO: [ view_end ] --START--
INFO: ShowPageTrace Behavior ::run [ RunTime:0.001000s ]
INFO: [ view_end ] --END-- [ RunTime:0.001000s ]

[ 2016-02-05T10:52:41+08:00 ] 127.0.0.1 /admin.php/Test/index?_=1454640761559
INFO: [ route_check ] --START--
INFO: CheckRoute Behavior ::run [ RunTime:0.001000s ]
INFO: [ route_check ] --END-- [ RunTime:0.001000s ]
INFO: [ app_begin ] --START--
INFO: ReadHtmlCache Behavior ::run [ RunTime:0.001000s ]
INFO: [ app_begin ] --END-- [ RunTime:0.001000s ]
SQL: SHOW COLUMNS FROM `edu_test` [ RunTime:0.004000s ]
SQL: SELECT COUNT(*) AS tp_count FROM `edu_test` LIMIT 1   [ RunTime:0.000000s ]
SQL: SELECT * FROM `edu_test` ORDER BY id desc LIMIT 0,10   [ RunTime:0.000000s ]
SQL: SHOW COLUMNS FROM `edu_cat` [ RunTime:0.003001s ]
SQL: SELECT `name` FROM `edu_cat` WHERE ( `id` = 10 ) LIMIT 1   [ RunTime:0.000000s ]
SQL: SELECT `name` FROM `edu_cat` WHERE ( `id` = 28 ) LIMIT 1   [ RunTime:0.000000s ]
SQL: SELECT `name` FROM `edu_cat` WHERE ( `id` = 6 ) LIMIT 1   [ RunTime:0.000000s ]
SQL: SELECT `name` FROM `edu_cat` WHERE ( `id` = 7 ) LIMIT 1   [ RunTime:0.000000s ]
SQL: SELECT `name` FROM `edu_cat` WHERE ( `id` = 6 ) LIMIT 1   [ RunTime:0.000000s ]
SQL: SELECT `name` FROM `edu_cat` WHERE ( `id` = 29 ) LIMIT 1   [ RunTime:0.000000s ]
SQL: SELECT `name` FROM `edu_cat` WHERE ( `id` = 28 ) LIMIT 1   [ RunTime:0.000000s ]
SQL: SELECT `name` FROM `edu_cat` WHERE ( `id` = 9 ) LIMIT 1   [ RunTime:0.000000s ]
SQL: SELECT `name` FROM `edu_cat` WHERE ( `id` = 25 ) LIMIT 1   [ RunTime:0.001000s ]
SQL: SELECT `name` FROM `edu_cat` WHERE ( `id` = 14 ) LIMIT 1   [ RunTime:0.000000s ]
NOTIC: [8] Undefined variable: search D:\phpStudy\WWW\Admin\Lib\Action\CommonAction.class.php Á¨¨ 310 Ë°å.
NOTIC: [8] Undefined index: values D:\phpStudy\WWW\Admin\Lib\Action\CommonAction.class.php Á¨¨ 311 Ë°å.
NOTIC: [8] Undefined index: id D:\phpStudy\WWW\Admin\Lib\Action\CatAction.class.php Á¨¨ 179 Ë°å.
SQL: SELECT `id`,`name`,`path` FROM `edu_cat` ORDER BY concat(path,id)  [ RunTime:0.000000s ]
INFO: [ view_parse ] --START--
NOTIC: [8] Undefined index: _order D:\phpStudy\WWW\Admin\Runtime\Cache\9b58476071dcf322d7a032b16e5bfba3e2c4a166.file.pagerForm.html.php Á¨¨ 32 Ë°å.
NOTIC: [8] Undefined index: _sort D:\phpStudy\WWW\Admin\Runtime\Cache\9b58476071dcf322d7a032b16e5bfba3e2c4a166.file.pagerForm.html.php Á¨¨ 34 Ë°å.
NOTIC: [8] Undefined index: title D:\phpStudy\WWW\Admin\Runtime\Cache\27936ffbb68ef4d959ca7516f4b36f2666750584.file.index.html.php Á¨¨ 44 Ë°å.
NOTIC: [8] Undefined index: _sort D:\phpStudy\WWW\Admin\Runtime\Cache\27936ffbb68ef4d959ca7516f4b36f2666750584.file.index.html.php Á¨¨ 75 Ë°å.
INFO: ParseTemplate Behavior ::run [ RunTime:0.010001s ]
INFO: [ view_parse ] --END-- [ RunTime:0.010001s ]
INFO: [ view_filter ] --START--
INFO: ContentReplace Behavior ::run [ RunTime:0.000000s ]
INFO: TokenBuild Behavior ::run [ RunTime:0.001000s ]
INFO: WriteHtmlCache Behavior ::run [ RunTime:0.000000s ]
INFO: ShowRuntime Behavior ::run [ RunTime:0.001000s ]
INFO: [ view_filter ] --END-- [ RunTime:0.002000s ]
INFO: [ view_end ] --START--
INFO: ShowPageTrace Behavior ::run [ RunTime:0.001000s ]
INFO: [ view_end ] --END-- [ RunTime:0.001000s ]

[ 2016-02-05T10:52:46+08:00 ] 127.0.0.1 /admin.php/Test/detail/id/18/navTabId/listtest?_=1454640766731
INFO: [ route_check ] --START--
INFO: CheckRoute Behavior ::run [ RunTime:0.001000s ]
INFO: [ route_check ] --END-- [ RunTime:0.001000s ]
INFO: [ app_begin ] --START--
INFO: ReadHtmlCache Behavior ::run [ RunTime:0.001000s ]
INFO: [ app_begin ] --END-- [ RunTime:0.001000s ]
SQL: SHOW COLUMNS FROM `edu_quest` [ RunTime:0.004000s ]
SQL: SELECT * FROM `edu_quest` WHERE ( `tid` = '18' )  [ RunTime:0.000000s ]
INFO: [ view_parse ] --START--
NOTIC: [8] Undefined index: currentPage D:\phpStudy\WWW\Admin\Runtime\Cache\9b58476071dcf322d7a032b16e5bfba3e2c4a166.file.pagerForm.html.php Á¨¨ 28 Ë°å.
NOTIC: [8] Trying to get property of non-object D:\phpStudy\WWW\Admin\Runtime\Cache\9b58476071dcf322d7a032b16e5bfba3e2c4a166.file.pagerForm.html.php Á¨¨ 28 Ë°å.
NOTIC: [8] Undefined index: numPerPage D:\phpStudy\WWW\Admin\Runtime\Cache\9b58476071dcf322d7a032b16e5bfba3e2c4a166.file.pagerForm.html.php Á¨¨ 30 Ë°å.
NOTIC: [8] Trying to get property of non-object D:\phpStudy\WWW\Admin\Runtime\Cache\9b58476071dcf322d7a032b16e5bfba3e2c4a166.file.pagerForm.html.php Á¨¨ 30 Ë°å.
NOTIC: [8] Undefined index: _order D:\phpStudy\WWW\Admin\Runtime\Cache\9b58476071dcf322d7a032b16e5bfba3e2c4a166.file.pagerForm.html.php Á¨¨ 32 Ë°å.
NOTIC: [8] Undefined index: _sort D:\phpStudy\WWW\Admin\Runtime\Cache\9b58476071dcf322d7a032b16e5bfba3e2c4a166.file.pagerForm.html.php Á¨¨ 34 Ë°å.
NOTIC: [8] Undefined index: _sort D:\phpStudy\WWW\Admin\Runtime\Cache\feddba382169e44d86722fb211e5668382a24e2d.file.detail.html.php Á¨¨ 38 Ë°å.
NOTIC: [8] Undefined index: numPerPage D:\phpStudy\WWW\Admin\Runtime\Cache\feddba382169e44d86722fb211e5668382a24e2d.file.detail.html.php Á¨¨ 85 Ë°å.
NOTIC: [8] Trying to get property of non-object D:\phpStudy\WWW\Admin\Runtime\Cache\feddba382169e44d86722fb211e5668382a24e2d.file.detail.html.php Á¨¨ 85 Ë°å.
NOTIC: [8] Undefined index: numPerPage D:\phpStudy\WWW\Admin\Runtime\Cache\feddba382169e44d86722fb211e5668382a24e2d.file.detail.html.php Á¨¨ 86 Ë°å.
NOTIC: [8] Trying to get property of non-object D:\phpStudy\WWW\Admin\Runtime\Cache\feddba382169e44d86722fb211e5668382a24e2d.file.detail.html.php Á¨¨ 86 Ë°å.
NOTIC: [8] Undefined index: numPerPage D:\phpStudy\WWW\Admin\Runtime\Cache\feddba382169e44d86722fb211e5668382a24e2d.file.detail.html.php Á¨¨ 87 Ë°å.
NOTIC: [8] Trying to get property of non-object D:\phpStudy\WWW\Admin\Runtime\Cache\feddba382169e44d86722fb211e5668382a24e2d.file.detail.html.php Á¨¨ 87 Ë°å.
NOTIC: [8] Undefined index: numPerPage D:\phpStudy\WWW\Admin\Runtime\Cache\feddba382169e44d86722fb211e5668382a24e2d.file.detail.html.php Á¨¨ 88 Ë°å.
NOTIC: [8] Trying to get property of non-object D:\phpStudy\WWW\Admin\Runtime\Cache\feddba382169e44d86722fb211e5668382a24e2d.file.detail.html.php Á¨¨ 88 Ë°å.
NOTIC: [8] Undefined index: numPerPage D:\phpStudy\WWW\Admin\Runtime\Cache\feddba382169e44d86722fb211e5668382a24e2d.file.detail.html.php Á¨¨ 89 Ë°å.
NOTIC: [8] Trying to get property of non-object D:\phpStudy\WWW\Admin\Runtime\Cache\feddba382169e44d86722fb211e5668382a24e2d.file.detail.html.php Á¨¨ 89 Ë°å.
NOTIC: [8] Undefined index: totalCount D:\phpStudy\WWW\Admin\Runtime\Cache\feddba382169e44d86722fb211e5668382a24e2d.file.detail.html.php Á¨¨ 91 Ë°å.
NOTIC: [8] Trying to get property of non-object D:\phpStudy\WWW\Admin\Runtime\Cache\feddba382169e44d86722fb211e5668382a24e2d.file.detail.html.php Á¨¨ 91 Ë°å.
NOTIC: [8] Undefined index: totalCount D:\phpStudy\WWW\Admin\Runtime\Cache\feddba382169e44d86722fb211e5668382a24e2d.file.detail.html.php Á¨¨ 95 Ë°å.
NOTIC: [8] Trying to get property of non-object D:\phpStudy\WWW\Admin\Runtime\Cache\feddba382169e44d86722fb211e5668382a24e2d.file.detail.html.php Á¨¨ 95 Ë°å.
NOTIC: [8] Undefined index: numPerPage D:\phpStudy\WWW\Admin\Runtime\Cache\feddba382169e44d86722fb211e5668382a24e2d.file.detail.html.php Á¨¨ 96 Ë°å.
NOTIC: [8] Trying to get property of non-object D:\phpStudy\WWW\Admin\Runtime\Cache\feddba382169e44d86722fb211e5668382a24e2d.file.detail.html.php Á¨¨ 96 Ë°å.
NOTIC: [8] Undefined index: currentPage D:\phpStudy\WWW\Admin\Runtime\Cache\feddba382169e44d86722fb211e5668382a24e2d.file.detail.html.php Á¨¨ 97 Ë°å.
NOTIC: [8] Trying to get property of non-object D:\phpStudy\WWW\Admin\Runtime\Cache\feddba382169e44d86722fb211e5668382a24e2d.file.detail.html.php Á¨¨ 97 Ë°å.
INFO: ParseTemplate Behavior ::run [ RunTime:0.010000s ]
INFO: [ view_parse ] --END-- [ RunTime:0.010000s ]
INFO: [ view_filter ] --START--
INFO: ContentReplace Behavior ::run [ RunTime:0.001001s ]
INFO: TokenBuild Behavior ::run [ RunTime:0.000000s ]
INFO: WriteHtmlCache Behavior ::run [ RunTime:0.000000s ]
INFO: ShowRuntime Behavior ::run [ RunTime:0.000000s ]
INFO: [ view_filter ] --END-- [ RunTime:0.001001s ]
INFO: [ view_end ] --START--
INFO: ShowPageTrace Behavior ::run [ RunTime:0.001000s ]
INFO: [ view_end ] --END-- [ RunTime:0.001000s ]

[ 2016-02-05T10:53:08+08:00 ] 127.0.0.1 /admin.php/Test/index?_=1454640788374
INFO: [ route_check ] --START--
INFO: CheckRoute Behavior ::run [ RunTime:0.001000s ]
INFO: [ route_check ] --END-- [ RunTime:0.001000s ]
INFO: [ app_begin ] --START--
INFO: ReadHtmlCache Behavior ::run [ RunTime:0.001000s ]
INFO: [ app_begin ] --END-- [ RunTime:0.001000s ]
SQL: SHOW COLUMNS FROM `edu_test` [ RunTime:0.004000s ]
SQL: SELECT COUNT(*) AS tp_count FROM `edu_test` LIMIT 1   [ RunTime:0.000000s ]
SQL: SELECT * FROM `edu_test` ORDER BY id desc LIMIT 0,10   [ RunTime:0.001000s ]
SQL: SHOW COLUMNS FROM `edu_cat` [ RunTime:0.003000s ]
SQL: SELECT `name` FROM `edu_cat` WHERE ( `id` = 10 ) LIMIT 1   [ RunTime:0.001000s ]
SQL: SELECT `name` FROM `edu_cat` WHERE ( `id` = 28 ) LIMIT 1   [ RunTime:0.000000s ]
SQL: SELECT `name` FROM `edu_cat` WHERE ( `id` = 6 ) LIMIT 1   [ RunTime:0.000000s ]
SQL: SELECT `name` FROM `edu_cat` WHERE ( `id` = 7 ) LIMIT 1   [ RunTime:0.001000s ]
SQL: SELECT `name` FROM `edu_cat` WHERE ( `id` = 6 ) LIMIT 1   [ RunTime:0.000000s ]
SQL: SELECT `name` FROM `edu_cat` WHERE ( `id` = 29 ) LIMIT 1   [ RunTime:0.000000s ]
SQL: SELECT `name` FROM `edu_cat` WHERE ( `id` = 28 ) LIMIT 1   [ RunTime:0.001000s ]
SQL: SELECT `name` FROM `edu_cat` WHERE ( `id` = 9 ) LIMIT 1   [ RunTime:0.000000s ]
SQL: SELECT `name` FROM `edu_cat` WHERE ( `id` = 25 ) LIMIT 1   [ RunTime:0.000000s ]
SQL: SELECT `name` FROM `edu_cat` WHERE ( `id` = 14 ) LIMIT 1   [ RunTime:0.000000s ]
NOTIC: [8] Undefined variable: search D:\phpStudy\WWW\Admin\Lib\Action\CommonAction.class.php Á¨¨ 310 Ë°å.
NOTIC: [8] Undefined index: values D:\phpStudy\WWW\Admin\Lib\Action\CommonAction.class.php Á¨¨ 311 Ë°å.
NOTIC: [8] Undefined index: id D:\phpStudy\WWW\Admin\Lib\Action\CatAction.class.php Á¨¨ 179 Ë°å.
SQL: SELECT `id`,`name`,`path` FROM `edu_cat` ORDER BY concat(path,id)  [ RunTime:0.000000s ]
INFO: [ view_parse ] --START--
NOTIC: [8] Undefined index: _order D:\phpStudy\WWW\Admin\Runtime\Cache\9b58476071dcf322d7a032b16e5bfba3e2c4a166.file.pagerForm.html.php Á¨¨ 32 Ë°å.
NOTIC: [8] Undefined index: _sort D:\phpStudy\WWW\Admin\Runtime\Cache\9b58476071dcf322d7a032b16e5bfba3e2c4a166.file.pagerForm.html.php Á¨¨ 34 Ë°å.
NOTIC: [8] Undefined index: title D:\phpStudy\WWW\Admin\Runtime\Cache\27936ffbb68ef4d959ca7516f4b36f2666750584.file.index.html.php Á¨¨ 44 Ë°å.
NOTIC: [8] Undefined index: _sort D:\phpStudy\WWW\Admin\Runtime\Cache\27936ffbb68ef4d959ca7516f4b36f2666750584.file.index.html.php Á¨¨ 75 Ë°å.
INFO: ParseTemplate Behavior ::run [ RunTime:0.011001s ]
INFO: [ view_parse ] --END-- [ RunTime:0.011001s ]
INFO: [ view_filter ] --START--
INFO: ContentReplace Behavior ::run [ RunTime:0.000000s ]
INFO: TokenBuild Behavior ::run [ RunTime:0.000000s ]
INFO: WriteHtmlCache Behavior ::run [ RunTime:0.000000s ]
INFO: ShowRuntime Behavior ::run [ RunTime:0.001000s ]
INFO: [ view_filter ] --END-- [ RunTime:0.002000s ]
INFO: [ view_end ] --START--
INFO: ShowPageTrace Behavior ::run [ RunTime:0.000000s ]
INFO: [ view_end ] --END-- [ RunTime:0.000000s ]

[ 2016-02-05T10:53:11+08:00 ] 127.0.0.1 /admin.php/Test/addquest/tid/23/navTabId/listtest?_=1454640791741
INFO: [ route_check ] --START--
INFO: CheckRoute Behavior ::run [ RunTime:0.001000s ]
INFO: [ route_check ] --END-- [ RunTime:0.001000s ]
INFO: [ app_begin ] --START--
INFO: ReadHtmlCache Behavior ::run [ RunTime:0.000000s ]
INFO: [ app_begin ] --END-- [ RunTime:0.000000s ]
INFO: [ view_parse ] --START--
NOTIC: [8] Undefined index: currentPage D:\phpStudy\WWW\Admin\Runtime\Cache\9b58476071dcf322d7a032b16e5bfba3e2c4a166.file.pagerForm.html.php Á¨¨ 28 Ë°å.
NOTIC: [8] Trying to get property of non-object D:\phpStudy\WWW\Admin\Runtime\Cache\9b58476071dcf322d7a032b16e5bfba3e2c4a166.file.pagerForm.html.php Á¨¨ 28 Ë°å.
NOTIC: [8] Undefined index: numPerPage D:\phpStudy\WWW\Admin\Runtime\Cache\9b58476071dcf322d7a032b16e5bfba3e2c4a166.file.pagerForm.html.php Á¨¨ 30 Ë°å.
NOTIC: [8] Trying to get property of non-object D:\phpStudy\WWW\Admin\Runtime\Cache\9b58476071dcf322d7a032b16e5bfba3e2c4a166.file.pagerForm.html.php Á¨¨ 30 Ë°å.
NOTIC: [8] Undefined index: _order D:\phpStudy\WWW\Admin\Runtime\Cache\9b58476071dcf322d7a032b16e5bfba3e2c4a166.file.pagerForm.html.php Á¨¨ 32 Ë°å.
NOTIC: [8] Undefined index: _sort D:\phpStudy\WWW\Admin\Runtime\Cache\9b58476071dcf322d7a032b16e5bfba3e2c4a166.file.pagerForm.html.php Á¨¨ 34 Ë°å.
INFO: ParseTemplate Behavior ::run [ RunTime:0.012001s ]
INFO: [ view_parse ] --END-- [ RunTime:0.012001s ]
INFO: [ view_filter ] --START--
INFO: ContentReplace Behavior ::run [ RunTime:0.000000s ]
INFO: TokenBuild Behavior ::run [ RunTime:0.000000s ]
INFO: WriteHtmlCache Behavior ::run [ RunTime:0.001000s ]
INFO: ShowRuntime Behavior ::run [ RunTime:0.000000s ]
INFO: [ view_filter ] --END-- [ RunTime:0.001000s ]
INFO: [ view_end ] --START--
INFO: ShowPageTrace Behavior ::run [ RunTime:0.001000s ]
INFO: [ view_end ] --END-- [ RunTime:0.001000s ]

[ 2016-02-05T10:58:13+08:00 ] 127.0.0.1 /admin.php/Index/index.html
INFO: [ route_check ] --START--
INFO: CheckRoute Behavior ::run [ RunTime:0.001000s ]
INFO: [ route_check ] --END-- [ RunTime:0.001000s ]
INFO: [ app_begin ] --START--
INFO: ReadHtmlCache Behavior ::run [ RunTime:0.000000s ]
INFO: [ app_begin ] --END-- [ RunTime:0.000000s ]
SQL: SHOW COLUMNS FROM `edu_users` [ RunTime:0.004000s ]
SQL: SELECT * FROM `edu_users` WHERE ( `id` = 55 ) LIMIT 1   [ RunTime:0.001000s ]
SQL: SELECT COUNT(*) AS tp_count FROM `edu_users` WHERE (  (`addtime` BETWEEN '1453310061' AND '1454640359' ) ) LIMIT 1   [ RunTime:0.001000s ]
SQL: SHOW COLUMNS FROM `edu_video` [ RunTime:0.003000s ]
SQL: SELECT COUNT(*) AS tp_count FROM `edu_video` WHERE ( status=1 ) LIMIT 1   [ RunTime:0.000000s ]
SQL: SHOW COLUMNS FROM `edu_library` [ RunTime:0.003001s ]
SQL: SELECT COUNT(*) AS tp_count FROM `edu_library` WHERE ( status=1 ) LIMIT 1   [ RunTime:0.000000s ]
SQL: SHOW COLUMNS FROM `edu_clicknum` [ RunTime:0.003000s ]
SQL: SELECT * FROM `edu_clicknum` WHERE ( `id` = 1 ) LIMIT 1   [ RunTime:0.000000s ]
INFO: [ view_parse ] --START--
INFO: ParseTemplate Behavior ::run [ RunTime:0.073004s ]
INFO: [ view_parse ] --END-- [ RunTime:0.073004s ]
INFO: [ view_filter ] --START--
INFO: ContentReplace Behavior ::run [ RunTime:0.000000s ]
INFO: TokenBuild Behavior ::run [ RunTime:0.001000s ]
INFO: WriteHtmlCache Behavior ::run [ RunTime:0.000000s ]
INFO: ShowRuntime Behavior ::run [ RunTime:0.000000s ]
INFO: [ view_filter ] --END-- [ RunTime:0.001000s ]
INFO: [ view_end ] --START--
INFO: ShowPageTrace Behavior ::run [ RunTime:0.000000s ]
INFO: [ view_end ] --END-- [ RunTime:0.000000s ]

[ 2016-02-05T10:58:34+08:00 ] 127.0.0.1 /admin.php/Users/add?_=1454641114297
INFO: [ route_check ] --START--
INFO: CheckRoute Behavior ::run [ RunTime:0.000000s ]
INFO: [ route_check ] --END-- [ RunTime:0.001000s ]
INFO: [ app_begin ] --START--
INFO: ReadHtmlCache Behavior ::run [ RunTime:0.000000s ]
INFO: [ app_begin ] --END-- [ RunTime:0.000000s ]
NOTIC: [8] Undefined index: id D:\phpStudy\WWW\Admin\Lib\Action\CatAction.class.php Á¨¨ 179 Ë°å.
SQL: SHOW COLUMNS FROM `edu_cat` [ RunTime:0.003000s ]
SQL: SELECT `id`,`name`,`path` FROM `edu_cat` ORDER BY concat(path,id)  [ RunTime:0.000000s ]
INFO: [ view_parse ] --START--
NOTIC: [2] filemtime(): stat failed for ./Admin/Runtime/Cache\97e285a148c459a15a26611875b2ea573004114c.file.add.html.php D:\phpStudy\WWW\ThinkPHP\Extend\Vendor\Smarty\sysplugins\smarty_resource.php Á¨¨ 683 Ë°å.
NOTIC: [2] unlink(./Admin/Runtime/Cache\97e285a148c459a15a26611875b2ea573004114c.file.add.html.php): No such file or directory D:\phpStudy\WWW\ThinkPHP\Extend\Vendor\Smarty\sysplugins\smarty_internal_write_file.php Á¨¨ 49 Ë°å.
INFO: ParseTemplate Behavior ::run [ RunTime:0.042003s ]
INFO: [ view_parse ] --END-- [ RunTime:0.042003s ]
INFO: [ view_filter ] --START--
INFO: ContentReplace Behavior ::run [ RunTime:0.000000s ]
INFO: TokenBuild Behavior ::run [ RunTime:0.000000s ]
INFO: WriteHtmlCache Behavior ::run [ RunTime:0.000000s ]
INFO: ShowRuntime Behavior ::run [ RunTime:0.001000s ]
INFO: [ view_filter ] --END-- [ RunTime:0.002000s ]
INFO: [ view_end ] --START--
INFO: ShowPageTrace Behavior ::run [ RunTime:0.000000s ]
INFO: [ view_end ] --END-- [ RunTime:0.000000s ]

[ 2016-02-05T10:58:37+08:00 ] 127.0.0.1 /admin.php/Index/index.html
INFO: [ route_check ] --START--
INFO: CheckRoute Behavior ::run [ RunTime:0.001000s ]
INFO: [ route_check ] --END-- [ RunTime:0.001000s ]
INFO: [ app_begin ] --START--
INFO: ReadHtmlCache Behavior ::run [ RunTime:0.000000s ]
INFO: [ app_begin ] --END-- [ RunTime:0.000000s ]
SQL: SHOW COLUMNS FROM `edu_users` [ RunTime:0.004000s ]
SQL: SELECT * FROM `edu_users` WHERE ( `id` = 55 ) LIMIT 1   [ RunTime:0.000000s ]
SQL: SELECT COUNT(*) AS tp_count FROM `edu_users` WHERE (  (`addtime` BETWEEN '1453310061' AND '1454640359' ) ) LIMIT 1   [ RunTime:0.001000s ]
SQL: SHOW COLUMNS FROM `edu_video` [ RunTime:0.003000s ]
SQL: SELECT COUNT(*) AS tp_count FROM `edu_video` WHERE ( status=1 ) LIMIT 1   [ RunTime:0.001000s ]
SQL: SHOW COLUMNS FROM `edu_library` [ RunTime:0.003001s ]
SQL: SELECT COUNT(*) AS tp_count FROM `edu_library` WHERE ( status=1 ) LIMIT 1   [ RunTime:0.000000s ]
SQL: SHOW COLUMNS FROM `edu_clicknum` [ RunTime:0.003000s ]
SQL: SELECT * FROM `edu_clicknum` WHERE ( `id` = 1 ) LIMIT 1   [ RunTime:0.000000s ]
INFO: [ view_parse ] --START--
INFO: ParseTemplate Behavior ::run [ RunTime:0.009000s ]
INFO: [ view_parse ] --END-- [ RunTime:0.009000s ]
INFO: [ view_filter ] --START--
INFO: ContentReplace Behavior ::run [ RunTime:0.000000s ]
INFO: TokenBuild Behavior ::run [ RunTime:0.001000s ]
INFO: WriteHtmlCache Behavior ::run [ RunTime:0.000000s ]
INFO: ShowRuntime Behavior ::run [ RunTime:0.000000s ]
INFO: [ view_filter ] --END-- [ RunTime:0.001000s ]
INFO: [ view_end ] --START--
INFO: ShowPageTrace Behavior ::run [ RunTime:0.001000s ]
INFO: [ view_end ] --END-- [ RunTime:0.001000s ]

