[ 2016-11-08T15:30:18+08:00 ] 0.0.0.0 /edu/admin.php
INFO: [ app_begin ] --START--
INFO: ReadHtmlCache Behavior ::run [ RunTime:0.026740s ]
INFO: [ app_begin ] --END-- [ RunTime:0.106764s ]

[ 2016-11-08T15:30:19+08:00 ] 0.0.0.0 /edu/admin.php/Public/login.html
INFO: [ route_check ] --START--
INFO: CheckRoute Behavior ::run [ RunTime:0.008601s ]
INFO: [ route_check ] --END-- [ RunTime:0.008767s ]
INFO: [ app_begin ] --START--
INFO: ReadHtmlCache Behavior ::run [ RunTime:0.001017s ]
INFO: [ app_begin ] --END-- [ RunTime:0.001152s ]
INFO: [ view_parse ] --START--
NOTIC: [8] Undefined index: errorinfo D:\wamp\www\edu\Admin\Runtime\Cache\754afcf016435756ef11c645ae70896ba2ab8d15.file.login.html.php 第 74 行.
NOTIC: [8] Trying to get property of non-object D:\wamp\www\edu\Admin\Runtime\Cache\754afcf016435756ef11c645ae70896ba2ab8d15.file.login.html.php 第 74 行.
INFO: ParseTemplate Behavior ::run [ RunTime:0.400914s ]
INFO: [ view_parse ] --END-- [ RunTime:0.401208s ]
INFO: [ view_filter ] --START--
INFO: ContentReplace Behavior ::run [ RunTime:0.009573s ]
INFO: TokenBuild Behavior ::run [ RunTime:0.002995s ]
INFO: WriteHtmlCache Behavior ::run [ RunTime:0.028336s ]
INFO: ShowRuntime Behavior ::run [ RunTime:0.004540s ]
INFO: [ view_filter ] --END-- [ RunTime:0.045908s ]
INFO: [ view_end ] --START--
INFO: ShowPageTrace Behavior ::run [ RunTime:0.007901s ]
INFO: [ view_end ] --END-- [ RunTime:0.008105s ]

[ 2016-11-08T15:30:20+08:00 ] 0.0.0.0 /edu/admin.php/Public/verify/
INFO: [ route_check ] --START--
INFO: CheckRoute Behavior ::run [ RunTime:0.002370s ]
INFO: [ route_check ] --END-- [ RunTime:0.002617s ]
INFO: [ app_begin ] --START--
INFO: ReadHtmlCache Behavior ::run [ RunTime:0.001264s ]
INFO: [ app_begin ] --END-- [ RunTime:0.001623s ]

[ 2016-11-08T15:35:35+08:00 ] 0.0.0.0 /edu/admin.php
INFO: [ app_begin ] --START--
INFO: ReadHtmlCache Behavior ::run [ RunTime:0.000949s ]
INFO: [ app_begin ] --END-- [ RunTime:0.001103s ]

[ 2016-11-08T15:35:35+08:00 ] 0.0.0.0 /edu/admin.php/Public/login.html
INFO: [ route_check ] --START--
INFO: CheckRoute Behavior ::run [ RunTime:0.001068s ]
INFO: [ route_check ] --END-- [ RunTime:0.001220s ]
INFO: [ app_begin ] --START--
INFO: ReadHtmlCache Behavior ::run [ RunTime:0.000901s ]
INFO: [ app_begin ] --END-- [ RunTime:0.001035s ]
INFO: [ view_parse ] --START--
NOTIC: [8] Undefined index: errorinfo D:\wamp\www\edu\Admin\Runtime\Cache\754afcf016435756ef11c645ae70896ba2ab8d15.file.login.html.php 第 74 行.
NOTIC: [8] Trying to get property of non-object D:\wamp\www\edu\Admin\Runtime\Cache\754afcf016435756ef11c645ae70896ba2ab8d15.file.login.html.php 第 74 行.
INFO: ParseTemplate Behavior ::run [ RunTime:0.014352s ]
INFO: [ view_parse ] --END-- [ RunTime:0.014498s ]
INFO: [ view_filter ] --START--
INFO: ContentReplace Behavior ::run [ RunTime:0.000927s ]
INFO: TokenBuild Behavior ::run [ RunTime:0.000847s ]
INFO: WriteHtmlCache Behavior ::run [ RunTime:0.000626s ]
INFO: ShowRuntime Behavior ::run [ RunTime:0.000943s ]
INFO: [ view_filter ] --END-- [ RunTime:0.003753s ]
INFO: [ view_end ] --START--
INFO: ShowPageTrace Behavior ::run [ RunTime:0.001008s ]
INFO: [ view_end ] --END-- [ RunTime:0.001151s ]

[ 2016-11-08T15:35:35+08:00 ] 0.0.0.0 /edu/admin.php/Public/verify/
INFO: [ route_check ] --START--
INFO: CheckRoute Behavior ::run [ RunTime:0.001243s ]
INFO: [ route_check ] --END-- [ RunTime:0.001423s ]
INFO: [ app_begin ] --START--
INFO: ReadHtmlCache Behavior ::run [ RunTime:0.001141s ]
INFO: [ app_begin ] --END-- [ RunTime:0.001307s ]

[ 2016-11-08T15:36:20+08:00 ] 0.0.0.0 /edu/admin.php/Public/checkLogin
INFO: [ route_check ] --START--
INFO: CheckRoute Behavior ::run [ RunTime:0.002008s ]
INFO: [ route_check ] --END-- [ RunTime:0.002338s ]
INFO: [ app_begin ] --START--
INFO: ReadHtmlCache Behavior ::run [ RunTime:0.001092s ]
INFO: [ app_begin ] --END-- [ RunTime:0.001230s ]
INFO: [ view_parse ] --START--
INFO: ParseTemplate Behavior ::run [ RunTime:0.023385s ]
INFO: [ view_parse ] --END-- [ RunTime:0.023601s ]
INFO: [ view_filter ] --START--
INFO: ContentReplace Behavior ::run [ RunTime:0.000872s ]
INFO: TokenBuild Behavior ::run [ RunTime:0.000835s ]
INFO: WriteHtmlCache Behavior ::run [ RunTime:0.000663s ]
INFO: ShowRuntime Behavior ::run [ RunTime:0.001171s ]
INFO: [ view_filter ] --END-- [ RunTime:0.003916s ]
INFO: [ view_end ] --START--
INFO: ShowPageTrace Behavior ::run [ RunTime:0.001092s ]
INFO: [ view_end ] --END-- [ RunTime:0.001221s ]

[ 2016-11-08T15:36:21+08:00 ] 0.0.0.0 /edu/admin.php/Public/verify/
INFO: [ route_check ] --START--
INFO: CheckRoute Behavior ::run [ RunTime:0.001615s ]
INFO: [ route_check ] --END-- [ RunTime:0.001864s ]
INFO: [ app_begin ] --START--
INFO: ReadHtmlCache Behavior ::run [ RunTime:0.004054s ]
INFO: [ app_begin ] --END-- [ RunTime:0.004416s ]

[ 2016-11-08T15:36:29+08:00 ] 0.0.0.0 /edu/admin.php/Public/checkLogin
INFO: [ route_check ] --START--
INFO: CheckRoute Behavior ::run [ RunTime:0.001148s ]
INFO: [ route_check ] --END-- [ RunTime:0.001299s ]
INFO: [ app_begin ] --START--
INFO: ReadHtmlCache Behavior ::run [ RunTime:0.000935s ]
INFO: [ app_begin ] --END-- [ RunTime:0.001067s ]
SQL: SHOW COLUMNS FROM `edu_users` [ RunTime:0.048691s ]
SQL: SELECT * FROM `edu_users` WHERE ( username = 'admin' ) LIMIT 1   [ RunTime:0.000432s ]
SQL: SELECT * FROM `edu_users` WHERE ( `id` = 55 ) LIMIT 1   [ RunTime:0.000324s ]
SQL: UPDATE `edu_users` SET `username`='admin',`userpass`='21232f297a57a5a743894a0e4a801fc3',`name`='管理员',`sex`=1,`age`=20,`email`='996204024@qq.com',`class`='74',`picture`='577f104a1cbbe.jpg',`level`=10,`point`=999,`addtime`=1467820800,`introduce`='无',`logintime`=1474190981,`logouttime`=1474191274,`loginnum`=11 WHERE ( `id` = 55 ) [ RunTime:0.039794s ]
SQL: select n.mname,n.aname from edu_userrole ur,edu_role_node rn,edu_node n where ur.rid=rn.rid and rn.nid=n.id and ur.uid=55 [ RunTime:0.000493s ]
SQL: SHOW COLUMNS FROM `edu_userrole` [ RunTime:0.004724s ]
SQL: SELECT * FROM `edu_userrole` WHERE ( uid='55' )  [ RunTime:0.000280s ]
NOTIC: [2] Invalid argument supplied for foreach() D:\wamp\www\edu\Admin\Lib\Action\PublicAction.class.php 第 53 行.

[ 2016-11-08T15:36:29+08:00 ] 0.0.0.0 /edu/admin.php/Index/index.html
INFO: [ route_check ] --START--
INFO: CheckRoute Behavior ::run [ RunTime:0.001137s ]
INFO: [ route_check ] --END-- [ RunTime:0.001287s ]
INFO: [ app_begin ] --START--
INFO: ReadHtmlCache Behavior ::run [ RunTime:0.000927s ]
INFO: [ app_begin ] --END-- [ RunTime:0.001060s ]
SQL: SHOW COLUMNS FROM `edu_users` [ RunTime:0.005736s ]
SQL: SELECT * FROM `edu_users` WHERE ( `id` = 55 ) LIMIT 1   [ RunTime:0.000517s ]
SQL: SELECT COUNT(*) AS tp_count FROM `edu_users` WHERE (  (`addtime` BETWEEN '1474191274' AND '1478590589' ) ) LIMIT 1   [ RunTime:0.000338s ]
SQL: SHOW COLUMNS FROM `edu_video` [ RunTime:0.005281s ]
SQL: SELECT COUNT(*) AS tp_count FROM `edu_video` WHERE ( status=1 ) LIMIT 1   [ RunTime:0.000339s ]
SQL: SHOW COLUMNS FROM `edu_library` [ RunTime:0.006031s ]
SQL: SELECT COUNT(*) AS tp_count FROM `edu_library` WHERE ( status=1 ) LIMIT 1   [ RunTime:0.000338s ]
SQL: SHOW COLUMNS FROM `edu_clicknum` [ RunTime:0.005548s ]
SQL: SELECT * FROM `edu_clicknum` WHERE ( `id` = 1 ) LIMIT 1   [ RunTime:0.000463s ]
INFO: [ view_parse ] --START--
INFO: ParseTemplate Behavior ::run [ RunTime:0.042442s ]
INFO: [ view_parse ] --END-- [ RunTime:0.042618s ]
INFO: [ view_filter ] --START--
INFO: ContentReplace Behavior ::run [ RunTime:0.001002s ]
INFO: TokenBuild Behavior ::run [ RunTime:0.000998s ]
INFO: WriteHtmlCache Behavior ::run [ RunTime:0.000752s ]
INFO: ShowRuntime Behavior ::run [ RunTime:0.001074s ]
INFO: [ view_filter ] --END-- [ RunTime:0.004287s ]
INFO: [ view_end ] --START--
INFO: ShowPageTrace Behavior ::run [ RunTime:0.001093s ]
INFO: [ view_end ] --END-- [ RunTime:0.001241s ]

[ 2016-11-08T15:36:32+08:00 ] 0.0.0.0 /edu/admin.php/Users/index?_=1478590592116
INFO: [ route_check ] --START--
INFO: CheckRoute Behavior ::run [ RunTime:0.003543s ]
INFO: [ route_check ] --END-- [ RunTime:0.003852s ]
INFO: [ app_begin ] --START--
INFO: ReadHtmlCache Behavior ::run [ RunTime:0.001703s ]
INFO: [ app_begin ] --END-- [ RunTime:0.001946s ]
SQL: SELECT COUNT(*) AS tp_count FROM `edu_users` LIMIT 1   [ RunTime:0.000207s ]
SQL: SELECT * FROM `edu_users` ORDER BY id desc LIMIT 0,10   [ RunTime:0.000433s ]
NOTIC: [8] Undefined variable: search D:\wamp\www\edu\Admin\Lib\Action\CommonAction.class.php 第 310 行.
NOTIC: [8] Undefined index: values D:\wamp\www\edu\Admin\Lib\Action\CommonAction.class.php 第 311 行.
NOTIC: [8] Undefined index: id D:\wamp\www\edu\Admin\Lib\Action\CatAction.class.php 第 179 行.
SQL: SHOW COLUMNS FROM `edu_cat` [ RunTime:0.005195s ]
SQL: SELECT `id`,`name`,`path` FROM `edu_cat` ORDER BY concat(path,id)  [ RunTime:0.000390s ]
INFO: [ view_parse ] --START--
NOTIC: [8] Undefined index: _order D:\wamp\www\edu\Admin\Runtime\Cache\9b58476071dcf322d7a032b16e5bfba3e2c4a166.file.pagerForm.html.php 第 32 行.
NOTIC: [8] Undefined index: _sort D:\wamp\www\edu\Admin\Runtime\Cache\9b58476071dcf322d7a032b16e5bfba3e2c4a166.file.pagerForm.html.php 第 34 行.
NOTIC: [8] Undefined index: username D:\wamp\www\edu\Admin\Runtime\Cache\837fee60bdf7e913281f29dca31b23be38bc311f.file.index.html.php 第 45 行.
NOTIC: [8] Undefined index: _sort D:\wamp\www\edu\Admin\Runtime\Cache\837fee60bdf7e913281f29dca31b23be38bc311f.file.index.html.php 第 72 行.
INFO: ParseTemplate Behavior ::run [ RunTime:0.065937s ]
INFO: [ view_parse ] --END-- [ RunTime:0.066092s ]
INFO: [ view_filter ] --START--
INFO: ContentReplace Behavior ::run [ RunTime:0.001741s ]
INFO: TokenBuild Behavior ::run [ RunTime:0.000898s ]
INFO: WriteHtmlCache Behavior ::run [ RunTime:0.000749s ]
INFO: ShowRuntime Behavior ::run [ RunTime:0.001034s ]
INFO: [ view_filter ] --END-- [ RunTime:0.004824s ]
INFO: [ view_end ] --START--
INFO: ShowPageTrace Behavior ::run [ RunTime:0.001047s ]
INFO: [ view_end ] --END-- [ RunTime:0.001159s ]

[ 2016-11-08T15:36:34+08:00 ] 0.0.0.0 /edu/admin.php/Users/add?_=1478590593882
INFO: [ route_check ] --START--
INFO: CheckRoute Behavior ::run [ RunTime:0.002612s ]
INFO: [ route_check ] --END-- [ RunTime:0.003112s ]
INFO: [ app_begin ] --START--
INFO: ReadHtmlCache Behavior ::run [ RunTime:0.002013s ]
INFO: [ app_begin ] --END-- [ RunTime:0.002404s ]
NOTIC: [8] Undefined index: id D:\wamp\www\edu\Admin\Lib\Action\CatAction.class.php 第 179 行.
SQL: SHOW COLUMNS FROM `edu_cat` [ RunTime:0.009027s ]
SQL: SELECT `id`,`name`,`path` FROM `edu_cat` ORDER BY concat(path,id)  [ RunTime:0.000477s ]
INFO: [ view_parse ] --START--
INFO: ParseTemplate Behavior ::run [ RunTime:0.046976s ]
INFO: [ view_parse ] --END-- [ RunTime:0.047121s ]
INFO: [ view_filter ] --START--
INFO: ContentReplace Behavior ::run [ RunTime:0.001415s ]
INFO: TokenBuild Behavior ::run [ RunTime:0.002054s ]
INFO: WriteHtmlCache Behavior ::run [ RunTime:0.000666s ]
INFO: ShowRuntime Behavior ::run [ RunTime:0.000831s ]
INFO: [ view_filter ] --END-- [ RunTime:0.005511s ]
INFO: [ view_end ] --START--
INFO: ShowPageTrace Behavior ::run [ RunTime:0.000909s ]
INFO: [ view_end ] --END-- [ RunTime:0.001028s ]

[ 2016-11-08T15:36:39+08:00 ] 0.0.0.0 /edu/admin.php/Note/index?_=1478590599484
INFO: [ route_check ] --START--
INFO: CheckRoute Behavior ::run [ RunTime:0.001814s ]
INFO: [ route_check ] --END-- [ RunTime:0.002208s ]
INFO: [ app_begin ] --START--
INFO: ReadHtmlCache Behavior ::run [ RunTime:0.001230s ]
INFO: [ app_begin ] --END-- [ RunTime:0.001458s ]
SQL: SHOW COLUMNS FROM `edu_note` [ RunTime:0.031197s ]
ERR: 1146:Table 'edu002.edu_note' doesn't exist
 [ SQL语句 ] : SHOW COLUMNS FROM `edu_note`
NOTIC: [2] Invalid argument supplied for foreach() D:\wamp\www\edu\Admin\Lib\Action\CommonAction.class.php 第 219 行.
SQL: SELECT COUNT(*) AS tp_count FROM `edu_note` LIMIT 1   [ RunTime:0.000507s ]
ERR: 1146:Table 'edu002.edu_note' doesn't exist
 [ SQL语句 ] : SELECT COUNT(*) AS tp_count FROM `edu_note` LIMIT 1  
SQL: SELECT * FROM `edu_note` ORDER BY id desc LIMIT 0,10   [ RunTime:0.000432s ]
ERR: 1146:Table 'edu002.edu_note' doesn't exist
 [ SQL语句 ] : SELECT * FROM `edu_note` ORDER BY id desc LIMIT 0,10  
SQL: SHOW COLUMNS FROM `edu_users` [ RunTime:0.005538s ]
SQL: SHOW COLUMNS FROM `edu_video` [ RunTime:0.004895s ]
NOTIC: [2] Invalid argument supplied for foreach() D:\wamp\www\edu\Admin\Lib\Action\NoteAction.class.php 第 48 行.
NOTIC: [8] Undefined variable: search D:\wamp\www\edu\Admin\Lib\Action\CommonAction.class.php 第 310 行.
NOTIC: [8] Undefined index: values D:\wamp\www\edu\Admin\Lib\Action\CommonAction.class.php 第 311 行.
NOTIC: [8] Undefined index: id D:\wamp\www\edu\Admin\Lib\Action\CatAction.class.php 第 179 行.
SQL: SHOW COLUMNS FROM `edu_cat` [ RunTime:0.004529s ]
SQL: SELECT `id`,`name`,`path` FROM `edu_cat` ORDER BY concat(path,id)  [ RunTime:0.000396s ]
INFO: [ view_parse ] --START--
NOTIC: [8] Undefined index: _order D:\wamp\www\edu\Admin\Runtime\Cache\9b58476071dcf322d7a032b16e5bfba3e2c4a166.file.pagerForm.html.php 第 32 行.
NOTIC: [8] Undefined index: _sort D:\wamp\www\edu\Admin\Runtime\Cache\9b58476071dcf322d7a032b16e5bfba3e2c4a166.file.pagerForm.html.php 第 34 行.
NOTIC: [8] Undefined index: username D:\wamp\www\edu\Admin\Runtime\Cache\70cb5ef87f46d5a940520e4b1135932a2e33cb13.file.index.html.php 第 42 行.
NOTIC: [8] Undefined index: videoname D:\wamp\www\edu\Admin\Runtime\Cache\70cb5ef87f46d5a940520e4b1135932a2e33cb13.file.index.html.php 第 46 行.
NOTIC: [8] Undefined index: content D:\wamp\www\edu\Admin\Runtime\Cache\70cb5ef87f46d5a940520e4b1135932a2e33cb13.file.index.html.php 第 50 行.
NOTIC: [8] Undefined index: _sort D:\wamp\www\edu\Admin\Runtime\Cache\70cb5ef87f46d5a940520e4b1135932a2e33cb13.file.index.html.php 第 76 行.
INFO: ParseTemplate Behavior ::run [ RunTime:0.040212s ]
INFO: [ view_parse ] --END-- [ RunTime:0.040340s ]
INFO: [ view_filter ] --START--
INFO: ContentReplace Behavior ::run [ RunTime:0.000846s ]
INFO: TokenBuild Behavior ::run [ RunTime:0.001035s ]
INFO: WriteHtmlCache Behavior ::run [ RunTime:0.000760s ]
INFO: ShowRuntime Behavior ::run [ RunTime:0.001263s ]
INFO: [ view_filter ] --END-- [ RunTime:0.004302s ]
INFO: [ view_end ] --START--
INFO: ShowPageTrace Behavior ::run [ RunTime:0.001095s ]
INFO: [ view_end ] --END-- [ RunTime:0.001296s ]

[ 2016-11-08T15:36:41+08:00 ] 0.0.0.0 /edu/admin.php/Cat/index?_=1478590601855
INFO: [ route_check ] --START--
INFO: CheckRoute Behavior ::run [ RunTime:0.001739s ]
INFO: [ route_check ] --END-- [ RunTime:0.002061s ]
INFO: [ app_begin ] --START--
INFO: ReadHtmlCache Behavior ::run [ RunTime:0.001018s ]
INFO: [ app_begin ] --END-- [ RunTime:0.001203s ]
SQL: SHOW COLUMNS FROM `edu_cat` [ RunTime:0.005560s ]
SQL: SELECT COUNT(*) AS tp_count FROM `edu_cat` WHERE ( `pid` = '0' ) LIMIT 1   [ RunTime:0.000350s ]
SQL: SELECT * FROM `edu_cat` WHERE ( `pid` = '0' ) ORDER BY id asc LIMIT 0,15   [ RunTime:0.000379s ]
SQL: SHOW COLUMNS FROM `edu_users` [ RunTime:0.006140s ]
NOTIC: [8] Undefined index: uid D:\wamp\www\edu\Admin\Lib\Action\CatAction.class.php 第 125 行.
SQL: SELECT `username` FROM `edu_users` LIMIT 1   [ RunTime:0.000312s ]
NOTIC: [8] Undefined index: uid D:\wamp\www\edu\Admin\Lib\Action\CatAction.class.php 第 125 行.
SQL: SELECT `username` FROM `edu_users` LIMIT 1   [ RunTime:0.000238s ]
NOTIC: [8] Undefined index: uid D:\wamp\www\edu\Admin\Lib\Action\CatAction.class.php 第 125 行.
SQL: SELECT `username` FROM `edu_users` LIMIT 1   [ RunTime:0.000285s ]
NOTIC: [8] Undefined index: uid D:\wamp\www\edu\Admin\Lib\Action\CatAction.class.php 第 125 行.
SQL: SELECT `username` FROM `edu_users` LIMIT 1   [ RunTime:0.000459s ]
NOTIC: [8] Undefined index: uid D:\wamp\www\edu\Admin\Lib\Action\CatAction.class.php 第 125 行.
SQL: SELECT `username` FROM `edu_users` LIMIT 1   [ RunTime:0.000350s ]
NOTIC: [8] Undefined index: uid D:\wamp\www\edu\Admin\Lib\Action\CatAction.class.php 第 125 行.
SQL: SELECT `username` FROM `edu_users` LIMIT 1   [ RunTime:0.000197s ]
NOTIC: [8] Undefined index: uid D:\wamp\www\edu\Admin\Lib\Action\CatAction.class.php 第 125 行.
SQL: SELECT `username` FROM `edu_users` LIMIT 1   [ RunTime:0.000263s ]
NOTIC: [8] Undefined index: uid D:\wamp\www\edu\Admin\Lib\Action\CatAction.class.php 第 125 行.
SQL: SELECT `username` FROM `edu_users` LIMIT 1   [ RunTime:0.000236s ]
NOTIC: [8] Undefined index: cid D:\wamp\www\edu\Admin\Lib\Action\CatAction.class.php 第 81 行.
NOTIC: [8] Undefined variable: search D:\wamp\www\edu\Admin\Lib\Action\CatAction.class.php 第 101 行.
NOTIC: [8] Undefined index: values D:\wamp\www\edu\Admin\Lib\Action\CatAction.class.php 第 102 行.
INFO: [ view_parse ] --START--
NOTIC: [8] Undefined index: _order D:\wamp\www\edu\Admin\Runtime\Cache\9b58476071dcf322d7a032b16e5bfba3e2c4a166.file.pagerForm.html.php 第 32 行.
NOTIC: [8] Undefined index: _sort D:\wamp\www\edu\Admin\Runtime\Cache\9b58476071dcf322d7a032b16e5bfba3e2c4a166.file.pagerForm.html.php 第 34 行.
NOTIC: [8] Undefined index: menu D:\wamp\www\edu\Admin\Runtime\Cache\d7064a106058fb5b4a68cbe3af83faa3c0c13d62.file.index.html.php 第 43 行.
NOTIC: [8] Trying to get property of non-object D:\wamp\www\edu\Admin\Runtime\Cache\d7064a106058fb5b4a68cbe3af83faa3c0c13d62.file.index.html.php 第 43 行.
NOTIC: [8] Undefined index: _sort D:\wamp\www\edu\Admin\Runtime\Cache\d7064a106058fb5b4a68cbe3af83faa3c0c13d62.file.index.html.php 第 71 行.
INFO: ParseTemplate Behavior ::run [ RunTime:0.025738s ]
INFO: [ view_parse ] --END-- [ RunTime:0.025852s ]
INFO: [ view_filter ] --START--
INFO: ContentReplace Behavior ::run [ RunTime:0.000809s ]
INFO: TokenBuild Behavior ::run [ RunTime:0.000770s ]
INFO: WriteHtmlCache Behavior ::run [ RunTime:0.000591s ]
INFO: ShowRuntime Behavior ::run [ RunTime:0.000853s ]
INFO: [ view_filter ] --END-- [ RunTime:0.003322s ]
INFO: [ view_end ] --START--
INFO: ShowPageTrace Behavior ::run [ RunTime:0.000917s ]
INFO: [ view_end ] --END-- [ RunTime:0.001023s ]

[ 2016-11-08T15:36:46+08:00 ] 0.0.0.0 /edu/admin.php/Users/index?_=1478590606412
INFO: [ route_check ] --START--
INFO: CheckRoute Behavior ::run [ RunTime:0.001030s ]
INFO: [ route_check ] --END-- [ RunTime:0.001187s ]
INFO: [ app_begin ] --START--
INFO: ReadHtmlCache Behavior ::run [ RunTime:0.000865s ]
INFO: [ app_begin ] --END-- [ RunTime:0.000975s ]
SQL: SELECT COUNT(*) AS tp_count FROM `edu_users` LIMIT 1   [ RunTime:0.000291s ]
SQL: SELECT * FROM `edu_users` ORDER BY id desc LIMIT 0,10   [ RunTime:0.000468s ]
NOTIC: [8] Undefined variable: search D:\wamp\www\edu\Admin\Lib\Action\CommonAction.class.php 第 310 行.
NOTIC: [8] Undefined index: values D:\wamp\www\edu\Admin\Lib\Action\CommonAction.class.php 第 311 行.
NOTIC: [8] Undefined index: id D:\wamp\www\edu\Admin\Lib\Action\CatAction.class.php 第 179 行.
SQL: SHOW COLUMNS FROM `edu_cat` [ RunTime:0.006730s ]
SQL: SELECT `id`,`name`,`path` FROM `edu_cat` ORDER BY concat(path,id)  [ RunTime:0.000371s ]
INFO: [ view_parse ] --START--
NOTIC: [8] Undefined index: _order D:\wamp\www\edu\Admin\Runtime\Cache\9b58476071dcf322d7a032b16e5bfba3e2c4a166.file.pagerForm.html.php 第 32 行.
NOTIC: [8] Undefined index: _sort D:\wamp\www\edu\Admin\Runtime\Cache\9b58476071dcf322d7a032b16e5bfba3e2c4a166.file.pagerForm.html.php 第 34 行.
NOTIC: [8] Undefined index: username D:\wamp\www\edu\Admin\Runtime\Cache\837fee60bdf7e913281f29dca31b23be38bc311f.file.index.html.php 第 45 行.
NOTIC: [8] Undefined index: _sort D:\wamp\www\edu\Admin\Runtime\Cache\837fee60bdf7e913281f29dca31b23be38bc311f.file.index.html.php 第 72 行.
INFO: ParseTemplate Behavior ::run [ RunTime:0.016271s ]
INFO: [ view_parse ] --END-- [ RunTime:0.016389s ]
INFO: [ view_filter ] --START--
INFO: ContentReplace Behavior ::run [ RunTime:0.000757s ]
INFO: TokenBuild Behavior ::run [ RunTime:0.000784s ]
INFO: WriteHtmlCache Behavior ::run [ RunTime:0.000593s ]
INFO: ShowRuntime Behavior ::run [ RunTime:0.000920s ]
INFO: [ view_filter ] --END-- [ RunTime:0.003369s ]
INFO: [ view_end ] --START--
INFO: ShowPageTrace Behavior ::run [ RunTime:0.000920s ]
INFO: [ view_end ] --END-- [ RunTime:0.001050s ]

[ 2016-11-08T15:36:47+08:00 ] 0.0.0.0 /edu/admin.php/Users/add?_=1478590607277
INFO: [ route_check ] --START--
INFO: CheckRoute Behavior ::run [ RunTime:0.002847s ]
INFO: [ route_check ] --END-- [ RunTime:0.003202s ]
INFO: [ app_begin ] --START--
INFO: ReadHtmlCache Behavior ::run [ RunTime:0.001264s ]
INFO: [ app_begin ] --END-- [ RunTime:0.001458s ]
NOTIC: [8] Undefined index: id D:\wamp\www\edu\Admin\Lib\Action\CatAction.class.php 第 179 行.
SQL: SHOW COLUMNS FROM `edu_cat` [ RunTime:0.008962s ]
SQL: SELECT `id`,`name`,`path` FROM `edu_cat` ORDER BY concat(path,id)  [ RunTime:0.000363s ]
INFO: [ view_parse ] --START--
INFO: ParseTemplate Behavior ::run [ RunTime:0.021308s ]
INFO: [ view_parse ] --END-- [ RunTime:0.021497s ]
INFO: [ view_filter ] --START--
INFO: ContentReplace Behavior ::run [ RunTime:0.002214s ]
INFO: TokenBuild Behavior ::run [ RunTime:0.001409s ]
INFO: WriteHtmlCache Behavior ::run [ RunTime:0.000674s ]
INFO: ShowRuntime Behavior ::run [ RunTime:0.001088s ]
INFO: [ view_filter ] --END-- [ RunTime:0.006006s ]
INFO: [ view_end ] --START--
INFO: ShowPageTrace Behavior ::run [ RunTime:0.001016s ]
INFO: [ view_end ] --END-- [ RunTime:0.001223s ]

