[ 2016-10-31T10:41:49+08:00 ] 0.0.0.0 /edu/admin.php
INFO: [ app_begin ] --START--
INFO: ReadHtmlCache Behavior ::run [ RunTime:0.001667s ]
INFO: [ app_begin ] --END-- [ RunTime:0.001958s ]

[ 2016-10-31T10:41:49+08:00 ] 0.0.0.0 /edu/admin.php/Public/login.html
INFO: [ route_check ] --START--
INFO: CheckRoute Behavior ::run [ RunTime:0.000993s ]
INFO: [ route_check ] --END-- [ RunTime:0.001164s ]
INFO: [ app_begin ] --START--
INFO: ReadHtmlCache Behavior ::run [ RunTime:0.000930s ]
INFO: [ app_begin ] --END-- [ RunTime:0.001079s ]
INFO: [ view_parse ] --START--
NOTIC: [8] Undefined index: errorinfo D:\wamp\www\edu\Admin\Runtime\Cache\754afcf016435756ef11c645ae70896ba2ab8d15.file.login.html.php 第 74 行.
NOTIC: [8] Trying to get property of non-object D:\wamp\www\edu\Admin\Runtime\Cache\754afcf016435756ef11c645ae70896ba2ab8d15.file.login.html.php 第 74 行.
INFO: ParseTemplate Behavior ::run [ RunTime:0.066453s ]
INFO: [ view_parse ] --END-- [ RunTime:0.066664s ]
INFO: [ view_filter ] --START--
INFO: ContentReplace Behavior ::run [ RunTime:0.001113s ]
INFO: TokenBuild Behavior ::run [ RunTime:0.000977s ]
INFO: WriteHtmlCache Behavior ::run [ RunTime:0.000732s ]
INFO: ShowRuntime Behavior ::run [ RunTime:0.001154s ]
INFO: [ view_filter ] --END-- [ RunTime:0.004759s ]
INFO: [ view_end ] --START--
INFO: ShowPageTrace Behavior ::run [ RunTime:0.001495s ]
INFO: [ view_end ] --END-- [ RunTime:0.001737s ]

[ 2016-10-31T10:41:50+08:00 ] 0.0.0.0 /edu/admin.php/Public/verify/
INFO: [ route_check ] --START--
INFO: CheckRoute Behavior ::run [ RunTime:0.000900s ]
INFO: [ route_check ] --END-- [ RunTime:0.001073s ]
INFO: [ app_begin ] --START--
INFO: ReadHtmlCache Behavior ::run [ RunTime:0.000726s ]
INFO: [ app_begin ] --END-- [ RunTime:0.000875s ]

[ 2016-10-31T10:42:01+08:00 ] 0.0.0.0 /edu/admin.php/Public/checkLogin
INFO: [ route_check ] --START--
INFO: CheckRoute Behavior ::run [ RunTime:0.002348s ]
INFO: [ route_check ] --END-- [ RunTime:0.002613s ]
INFO: [ app_begin ] --START--
INFO: ReadHtmlCache Behavior ::run [ RunTime:0.001626s ]
INFO: [ app_begin ] --END-- [ RunTime:0.002196s ]
SQL: SHOW COLUMNS FROM `edu_users` [ RunTime:0.079751s ]
SQL: SELECT * FROM `edu_users` WHERE ( username = 'admin' ) LIMIT 1   [ RunTime:0.000538s ]
SQL: SELECT * FROM `edu_users` WHERE ( `id` = 55 ) LIMIT 1   [ RunTime:0.000382s ]
SQL: UPDATE `edu_users` SET `username`='admin',`userpass`='21232f297a57a5a743894a0e4a801fc3',`name`='管理员',`sex`=1,`age`=20,`email`='996204024@qq.com',`class`='74',`picture`='577f104a1cbbe.jpg',`level`=10,`point`=999,`addtime`=1467820800,`introduce`='无',`logintime`=1474190981,`logouttime`=1474191274,`loginnum`=10 WHERE ( `id` = 55 ) [ RunTime:0.000539s ]
SQL: select n.mname,n.aname from edu_userrole ur,edu_role_node rn,edu_node n where ur.rid=rn.rid and rn.nid=n.id and ur.uid=55 [ RunTime:0.270690s ]
SQL: SHOW COLUMNS FROM `edu_userrole` [ RunTime:0.003753s ]
SQL: SELECT * FROM `edu_userrole` WHERE ( uid='55' )  [ RunTime:0.000427s ]
NOTIC: [2] Invalid argument supplied for foreach() D:\wamp\www\edu\Admin\Lib\Action\PublicAction.class.php 第 53 行.

[ 2016-10-31T10:42:01+08:00 ] 0.0.0.0 /edu/admin.php/Index/index.html
INFO: [ route_check ] --START--
INFO: CheckRoute Behavior ::run [ RunTime:0.000938s ]
INFO: [ route_check ] --END-- [ RunTime:0.001109s ]
INFO: [ app_begin ] --START--
INFO: ReadHtmlCache Behavior ::run [ RunTime:0.000886s ]
INFO: [ app_begin ] --END-- [ RunTime:0.001074s ]
SQL: SHOW COLUMNS FROM `edu_users` [ RunTime:0.005959s ]
SQL: SELECT * FROM `edu_users` WHERE ( `id` = 55 ) LIMIT 1   [ RunTime:0.000439s ]
SQL: SELECT COUNT(*) AS tp_count FROM `edu_users` WHERE (  (`addtime` BETWEEN '1474191274' AND '1477881721' ) ) LIMIT 1   [ RunTime:0.000318s ]
SQL: SHOW COLUMNS FROM `edu_video` [ RunTime:0.004392s ]
SQL: SELECT COUNT(*) AS tp_count FROM `edu_video` WHERE ( status=1 ) LIMIT 1   [ RunTime:0.000294s ]
SQL: SHOW COLUMNS FROM `edu_library` [ RunTime:0.004070s ]
SQL: SELECT COUNT(*) AS tp_count FROM `edu_library` WHERE ( status=1 ) LIMIT 1   [ RunTime:0.000469s ]
SQL: SHOW COLUMNS FROM `edu_clicknum` [ RunTime:0.003979s ]
SQL: SELECT * FROM `edu_clicknum` WHERE ( `id` = 1 ) LIMIT 1   [ RunTime:0.000315s ]
INFO: [ view_parse ] --START--
INFO: ParseTemplate Behavior ::run [ RunTime:0.070733s ]
INFO: [ view_parse ] --END-- [ RunTime:0.070897s ]
INFO: [ view_filter ] --START--
INFO: ContentReplace Behavior ::run [ RunTime:0.000778s ]
INFO: TokenBuild Behavior ::run [ RunTime:0.000981s ]
INFO: WriteHtmlCache Behavior ::run [ RunTime:0.000640s ]
INFO: ShowRuntime Behavior ::run [ RunTime:0.000856s ]
INFO: [ view_filter ] --END-- [ RunTime:0.003752s ]
INFO: [ view_end ] --START--
INFO: ShowPageTrace Behavior ::run [ RunTime:0.000857s ]
INFO: [ view_end ] --END-- [ RunTime:0.000984s ]

[ 2016-10-31T10:42:47+08:00 ] 0.0.0.0 /edu/admin.php/Library/index?_=1477881767020
INFO: [ route_check ] --START--
INFO: CheckRoute Behavior ::run [ RunTime:0.000897s ]
INFO: [ route_check ] --END-- [ RunTime:0.001050s ]
INFO: [ app_begin ] --START--
INFO: ReadHtmlCache Behavior ::run [ RunTime:0.000950s ]
INFO: [ app_begin ] --END-- [ RunTime:0.001070s ]
SQL: SELECT COUNT(*) AS tp_count FROM `edu_library` LIMIT 1   [ RunTime:0.000280s ]
SQL: SELECT * FROM `edu_library` ORDER BY id desc LIMIT 0,10   [ RunTime:0.000649s ]
SQL: SHOW COLUMNS FROM `edu_users` [ RunTime:0.037438s ]
SQL: SHOW COLUMNS FROM `edu_cat` [ RunTime:0.005381s ]
SQL: SELECT `username` FROM `edu_users` WHERE ( `id` = 55 ) LIMIT 1   [ RunTime:0.000332s ]
SQL: SELECT `name` FROM `edu_cat` WHERE ( `id` = 1 ) LIMIT 1   [ RunTime:0.000273s ]
SQL: SELECT `username` FROM `edu_users` WHERE ( `id` = 55 ) LIMIT 1   [ RunTime:0.000255s ]
SQL: SELECT `name` FROM `edu_cat` WHERE ( `id` = 23 ) LIMIT 1   [ RunTime:0.000280s ]
NOTIC: [8] Undefined variable: search D:\wamp\www\edu\Admin\Lib\Action\CommonAction.class.php 第 310 行.
NOTIC: [8] Undefined index: values D:\wamp\www\edu\Admin\Lib\Action\CommonAction.class.php 第 311 行.
NOTIC: [8] Undefined index: id D:\wamp\www\edu\Admin\Lib\Action\CatAction.class.php 第 179 行.
SQL: SELECT `id`,`name`,`path` FROM `edu_cat` ORDER BY concat(path,id)  [ RunTime:0.000417s ]
INFO: [ view_parse ] --START--
NOTIC: [8] Undefined index: _order D:\wamp\www\edu\Admin\Runtime\Cache\9b58476071dcf322d7a032b16e5bfba3e2c4a166.file.pagerForm.html.php 第 32 行.
NOTIC: [8] Undefined index: _sort D:\wamp\www\edu\Admin\Runtime\Cache\9b58476071dcf322d7a032b16e5bfba3e2c4a166.file.pagerForm.html.php 第 34 行.
NOTIC: [8] Undefined index: title D:\wamp\www\edu\Admin\Runtime\Cache\68b8faa12b2473ad5f86c5375814ba75b59cef6d.file.index.html.php 第 49 行.
NOTIC: [8] Undefined index: username D:\wamp\www\edu\Admin\Runtime\Cache\68b8faa12b2473ad5f86c5375814ba75b59cef6d.file.index.html.php 第 53 行.
NOTIC: [8] Undefined index: _sort D:\wamp\www\edu\Admin\Runtime\Cache\68b8faa12b2473ad5f86c5375814ba75b59cef6d.file.index.html.php 第 79 行.
INFO: ParseTemplate Behavior ::run [ RunTime:0.060960s ]
INFO: [ view_parse ] --END-- [ RunTime:0.061092s ]
INFO: [ view_filter ] --START--
INFO: ContentReplace Behavior ::run [ RunTime:0.000693s ]
INFO: TokenBuild Behavior ::run [ RunTime:0.000823s ]
INFO: WriteHtmlCache Behavior ::run [ RunTime:0.000524s ]
INFO: ShowRuntime Behavior ::run [ RunTime:0.000837s ]
INFO: [ view_filter ] --END-- [ RunTime:0.003230s ]
INFO: [ view_end ] --START--
INFO: ShowPageTrace Behavior ::run [ RunTime:0.000866s ]
INFO: [ view_end ] --END-- [ RunTime:0.000993s ]

[ 2016-10-31T10:42:56+08:00 ] 0.0.0.0 /edu/admin.php/Video/index?_=1477881776349
INFO: [ route_check ] --START--
INFO: CheckRoute Behavior ::run [ RunTime:0.001636s ]
INFO: [ route_check ] --END-- [ RunTime:0.001950s ]
INFO: [ app_begin ] --START--
INFO: ReadHtmlCache Behavior ::run [ RunTime:0.000833s ]
INFO: [ app_begin ] --END-- [ RunTime:0.000954s ]
SQL: SHOW COLUMNS FROM `edu_video` [ RunTime:0.004391s ]
SQL: SELECT COUNT(*) AS tp_count FROM `edu_video` LIMIT 1   [ RunTime:0.000288s ]
SQL: SELECT * FROM `edu_video` ORDER BY id desc LIMIT 0,10   [ RunTime:0.000410s ]
SQL: SHOW COLUMNS FROM `edu_users` [ RunTime:0.004435s ]
SQL: SHOW COLUMNS FROM `edu_cat` [ RunTime:0.004115s ]
SQL: SELECT `username` FROM `edu_users` WHERE ( `id` = 55 ) LIMIT 1   [ RunTime:0.000339s ]
SQL: SELECT `name` FROM `edu_cat` WHERE ( `id` = 1 ) LIMIT 1   [ RunTime:0.000271s ]
SQL: SELECT `username` FROM `edu_users` WHERE ( `id` = 55 ) LIMIT 1   [ RunTime:0.000267s ]
SQL: SELECT `name` FROM `edu_cat` WHERE ( `id` = 1 ) LIMIT 1   [ RunTime:0.000262s ]
SQL: SELECT `username` FROM `edu_users` WHERE ( `id` = 55 ) LIMIT 1   [ RunTime:0.000263s ]
SQL: SELECT `name` FROM `edu_cat` WHERE ( `id` = 1 ) LIMIT 1   [ RunTime:0.000288s ]
SQL: SELECT `username` FROM `edu_users` WHERE ( `id` = 0 ) LIMIT 1   [ RunTime:0.000252s ]
SQL: SELECT `name` FROM `edu_cat` WHERE ( `id` = 0 ) LIMIT 1   [ RunTime:0.000235s ]
NOTIC: [8] Undefined variable: search D:\wamp\www\edu\Admin\Lib\Action\CommonAction.class.php 第 310 行.
NOTIC: [8] Undefined index: values D:\wamp\www\edu\Admin\Lib\Action\CommonAction.class.php 第 311 行.
NOTIC: [8] Undefined index: id D:\wamp\www\edu\Admin\Lib\Action\CatAction.class.php 第 179 行.
SQL: SELECT `id`,`name`,`path` FROM `edu_cat` ORDER BY concat(path,id)  [ RunTime:0.000602s ]
INFO: [ view_parse ] --START--
NOTIC: [8] Undefined index: _order D:\wamp\www\edu\Admin\Runtime\Cache\9b58476071dcf322d7a032b16e5bfba3e2c4a166.file.pagerForm.html.php 第 32 行.
NOTIC: [8] Undefined index: _sort D:\wamp\www\edu\Admin\Runtime\Cache\9b58476071dcf322d7a032b16e5bfba3e2c4a166.file.pagerForm.html.php 第 34 行.
NOTIC: [8] Undefined index: videoname D:\wamp\www\edu\Admin\Runtime\Cache\8bda5c121dc61930d0dd84fa7a1d8506b8232520.file.index.html.php 第 49 行.
NOTIC: [8] Undefined index: username D:\wamp\www\edu\Admin\Runtime\Cache\8bda5c121dc61930d0dd84fa7a1d8506b8232520.file.index.html.php 第 53 行.
NOTIC: [8] Undefined index: _sort D:\wamp\www\edu\Admin\Runtime\Cache\8bda5c121dc61930d0dd84fa7a1d8506b8232520.file.index.html.php 第 79 行.
INFO: ParseTemplate Behavior ::run [ RunTime:0.053124s ]
INFO: [ view_parse ] --END-- [ RunTime:0.053264s ]
INFO: [ view_filter ] --START--
INFO: ContentReplace Behavior ::run [ RunTime:0.000646s ]
INFO: TokenBuild Behavior ::run [ RunTime:0.000644s ]
INFO: WriteHtmlCache Behavior ::run [ RunTime:0.000494s ]
INFO: ShowRuntime Behavior ::run [ RunTime:0.000756s ]
INFO: [ view_filter ] --END-- [ RunTime:0.002873s ]
INFO: [ view_end ] --START--
INFO: ShowPageTrace Behavior ::run [ RunTime:0.000877s ]
INFO: [ view_end ] --END-- [ RunTime:0.001005s ]

[ 2016-10-31T10:43:02+08:00 ] 0.0.0.0 /edu/admin.php/Video/edit/id/73/navTabId/listvideo?_=1477881781624
INFO: [ route_check ] --START--
INFO: CheckRoute Behavior ::run [ RunTime:0.002518s ]
INFO: [ route_check ] --END-- [ RunTime:0.002764s ]
INFO: [ app_begin ] --START--
INFO: ReadHtmlCache Behavior ::run [ RunTime:0.001769s ]
INFO: [ app_begin ] --END-- [ RunTime:0.002026s ]
SQL: SHOW COLUMNS FROM `edu_video` [ RunTime:0.007967s ]
SQL: SELECT * FROM `edu_video` WHERE ( `id` = 73 ) LIMIT 1   [ RunTime:0.000698s ]
INFO: [ view_parse ] --START--
INFO: ParseTemplate Behavior ::run [ RunTime:0.075332s ]
INFO: [ view_parse ] --END-- [ RunTime:0.075550s ]
INFO: [ view_filter ] --START--
INFO: ContentReplace Behavior ::run [ RunTime:0.001210s ]
INFO: TokenBuild Behavior ::run [ RunTime:0.001886s ]
INFO: WriteHtmlCache Behavior ::run [ RunTime:0.000847s ]
INFO: ShowRuntime Behavior ::run [ RunTime:0.001051s ]
INFO: [ view_filter ] --END-- [ RunTime:0.005589s ]
INFO: [ view_end ] --START--
INFO: ShowPageTrace Behavior ::run [ RunTime:0.000781s ]
INFO: [ view_end ] --END-- [ RunTime:0.000901s ]

[ 2016-10-31T12:39:45+08:00 ] 0.0.0.0 /edu/admin.php
INFO: [ app_begin ] --START--
INFO: ReadHtmlCache Behavior ::run [ RunTime:0.000958s ]
INFO: [ app_begin ] --END-- [ RunTime:0.001138s ]

[ 2016-10-31T12:39:45+08:00 ] 0.0.0.0 /edu/admin.php/Public/login.html
INFO: [ route_check ] --START--
INFO: CheckRoute Behavior ::run [ RunTime:0.001792s ]
INFO: [ route_check ] --END-- [ RunTime:0.001948s ]
INFO: [ app_begin ] --START--
INFO: ReadHtmlCache Behavior ::run [ RunTime:0.000820s ]
INFO: [ app_begin ] --END-- [ RunTime:0.000957s ]
INFO: [ view_parse ] --START--
NOTIC: [8] Undefined index: errorinfo D:\wamp\www\edu\Admin\Runtime\Cache\754afcf016435756ef11c645ae70896ba2ab8d15.file.login.html.php 第 74 行.
NOTIC: [8] Trying to get property of non-object D:\wamp\www\edu\Admin\Runtime\Cache\754afcf016435756ef11c645ae70896ba2ab8d15.file.login.html.php 第 74 行.
INFO: ParseTemplate Behavior ::run [ RunTime:0.013361s ]
INFO: [ view_parse ] --END-- [ RunTime:0.013524s ]
INFO: [ view_filter ] --START--
INFO: ContentReplace Behavior ::run [ RunTime:0.000702s ]
INFO: TokenBuild Behavior ::run [ RunTime:0.000711s ]
INFO: WriteHtmlCache Behavior ::run [ RunTime:0.000602s ]
INFO: ShowRuntime Behavior ::run [ RunTime:0.000993s ]
INFO: [ view_filter ] --END-- [ RunTime:0.003455s ]
INFO: [ view_end ] --START--
INFO: ShowPageTrace Behavior ::run [ RunTime:0.001315s ]
INFO: [ view_end ] --END-- [ RunTime:0.001461s ]

[ 2016-10-31T12:39:45+08:00 ] 0.0.0.0 /edu/admin.php/Public/verify/
INFO: [ route_check ] --START--
INFO: CheckRoute Behavior ::run [ RunTime:0.002773s ]
INFO: [ route_check ] --END-- [ RunTime:0.003099s ]
INFO: [ app_begin ] --START--
INFO: ReadHtmlCache Behavior ::run [ RunTime:0.000862s ]
INFO: [ app_begin ] --END-- [ RunTime:0.001018s ]

