[ 2016-08-20T12:45:04+08:00 ] 0.0.0.0 /edu/index.php
INFO: [ app_begin ] --START--
INFO: ReadHtmlCache Behavior ::run [ RunTime:0.016464s ]
INFO: [ app_begin ] --END-- [ RunTime:0.016783s ]
SQL: SHOW COLUMNS FROM `edu_clicknum` [ RunTime:0.319294s ]
SQL: SELECT * FROM `edu_clicknum` WHERE ( `id` = 1 ) LIMIT 1   [ RunTime:0.000791s ]
NOTIC: [8] Undefined index: clicknum D:\wamp\www\edu\Home\Lib\Action\IndexAction.class.php 第 9 行.
SQL: SHOW COLUMNS FROM `edu_notice` [ RunTime:0.131117s ]
SQL: SELECT * FROM `edu_notice` ORDER BY addtime desc LIMIT 6   [ RunTime:0.063313s ]
SQL: SHOW COLUMNS FROM `edu_library` [ RunTime:0.106288s ]
SQL: SELECT * FROM `edu_library` ORDER BY addtime desc LIMIT 3   [ RunTime:0.001057s ]
NOTIC: [8] Undefined index: _type D:\wamp\www\edu\ThinkPHP\Lib\Core\Model.class.php 第 583 行.
SQL: SELECT `username` FROM `edu_users` WHERE ( `id` = '55' ) LIMIT 1   [ RunTime:0.023507s ]
SQL: SELECT * FROM `edu_library` ORDER BY dwloadnum desc LIMIT 10   [ RunTime:0.000497s ]
NOTIC: [8] Undefined index: _type D:\wamp\www\edu\ThinkPHP\Lib\Core\Model.class.php 第 583 行.
SQL: SELECT `username` FROM `edu_users` WHERE ( `id` = '55' ) LIMIT 1   [ RunTime:0.000336s ]
SQL: select uid,count(*) num from edu_library group by uid order by num desc limit 8 [ RunTime:0.009341s ]
SQL: SHOW COLUMNS FROM `edu_users` [ RunTime:0.005625s ]
SQL: SELECT `username`,`picture` FROM `edu_users` WHERE ( `id` = 55 ) LIMIT 1   [ RunTime:0.000373s ]
SQL: SHOW COLUMNS FROM `edu_friend` [ RunTime:0.077362s ]
SQL: SELECT COUNT(*) AS tp_count FROM `edu_friend` WHERE ( uid=55 ) LIMIT 1   [ RunTime:0.000292s ]
SQL: SHOW COLUMNS FROM `edu_video` [ RunTime:0.007465s ]
SQL: SELECT * FROM `edu_video` ORDER BY addtime desc LIMIT 3   [ RunTime:0.000708s ]
SQL: SELECT * FROM `edu_video` WHERE ( status=2 ) ORDER BY favonum desc LIMIT 8   [ RunTime:0.000463s ]
SQL: SELECT * FROM `edu_video` WHERE ( status=2 ) ORDER BY clicknum desc LIMIT 10   [ RunTime:0.000368s ]
SQL: SHOW COLUMNS FROM `edu_cat` [ RunTime:0.107676s ]
SQL: SELECT `id`,`name` FROM `edu_cat` WHERE ( pid=0 ) LIMIT 6   [ RunTime:0.047485s ]
SQL: SELECT * FROM `edu_video` WHERE ( status=2 ) ORDER BY addtime desc LIMIT 5   [ RunTime:0.000415s ]
SQL: select nid,count(*) num from edu_zan where nid<>0 group by nid order by num desc limit 3 [ RunTime:0.033658s ]
SQL: select uid,count(*) num from edu_note group by uid order by num desc limit 8 [ RunTime:0.000615s ]
ERR: 1146:Table 'edu002.edu_note' doesn't exist
 [ SQL语句 ] : select uid,count(*) num from edu_note group by uid order by num desc limit 8
NOTIC: [2] Invalid argument supplied for foreach() D:\wamp\www\edu\Home\Lib\Action\IndexAction.class.php 第 79 行.
SQL: SHOW COLUMNS FROM `edu_cat` [ RunTime:0.005928s ]
SQL: SELECT `id`,`name` FROM `edu_cat` WHERE ( pid!=0 )  [ RunTime:0.000432s ]
NOTIC: [8] Undefined offset: 4 D:\wamp\www\edu\Home\Lib\Action\IndexAction.class.php 第 92 行.
NOTIC: [8] Undefined offset: 5 D:\wamp\www\edu\Home\Lib\Action\IndexAction.class.php 第 92 行.
SQL: SHOW COLUMNS FROM `bbs_message` [ RunTime:0.129963s ]
SQL: SELECT `id`,`title` FROM `bbs_message` WHERE ( (`keyword` LIKE '32') OR (`keyword` LIKE '%,32') OR (`keyword` LIKE '32,%') OR (`keyword` LIKE '%,32,%') ) AND ( `status` = '1' ) ORDER BY addtime desc LIMIT 3   [ RunTime:0.087845s ]
SQL: SELECT COUNT(*) AS tp_count FROM `bbs_message` WHERE ( (`keyword` LIKE '32') OR (`keyword` LIKE '%,32') OR (`keyword` LIKE '32,%') OR (`keyword` LIKE '%,32,%') ) AND ( `status` = '1' ) LIMIT 1   [ RunTime:0.000456s ]
SQL: SELECT `id`,`title` FROM `bbs_message` WHERE ( (`keyword` LIKE '31') OR (`keyword` LIKE '%,31') OR (`keyword` LIKE '31,%') OR (`keyword` LIKE '%,31,%') ) AND ( `status` = '1' ) ORDER BY addtime desc LIMIT 3   [ RunTime:0.000381s ]
SQL: SELECT COUNT(*) AS tp_count FROM `bbs_message` WHERE ( (`keyword` LIKE '31') OR (`keyword` LIKE '%,31') OR (`keyword` LIKE '31,%') OR (`keyword` LIKE '%,31,%') ) AND ( `status` = '1' ) LIMIT 1   [ RunTime:0.000427s ]
SQL: SELECT `id`,`title` FROM `bbs_message` WHERE ( (`keyword` LIKE '30') OR (`keyword` LIKE '%,30') OR (`keyword` LIKE '30,%') OR (`keyword` LIKE '%,30,%') ) AND ( `status` = '1' ) ORDER BY addtime desc LIMIT 3   [ RunTime:0.000349s ]
SQL: SELECT COUNT(*) AS tp_count FROM `bbs_message` WHERE ( (`keyword` LIKE '30') OR (`keyword` LIKE '%,30') OR (`keyword` LIKE '30,%') OR (`keyword` LIKE '%,30,%') ) AND ( `status` = '1' ) LIMIT 1   [ RunTime:0.000334s ]
SQL: SELECT `id`,`title` FROM `bbs_message` WHERE ( (`keyword` LIKE '33') OR (`keyword` LIKE '%,33') OR (`keyword` LIKE '33,%') OR (`keyword` LIKE '%,33,%') ) AND ( `status` = '1' ) ORDER BY addtime desc LIMIT 3   [ RunTime:0.000403s ]
SQL: SELECT COUNT(*) AS tp_count FROM `bbs_message` WHERE ( (`keyword` LIKE '33') OR (`keyword` LIKE '%,33') OR (`keyword` LIKE '33,%') OR (`keyword` LIKE '%,33,%') ) AND ( `status` = '1' ) LIMIT 1   [ RunTime:0.000319s ]
SQL: SELECT `id`,`title` FROM `bbs_message` WHERE ( (`keyword` LIKE '') OR (`keyword` LIKE '%,') OR (`keyword` LIKE ',%') OR (`keyword` LIKE '%,,%') ) AND ( `status` = '1' ) ORDER BY addtime desc LIMIT 3   [ RunTime:0.000273s ]
SQL: SELECT COUNT(*) AS tp_count FROM `bbs_message` WHERE ( (`keyword` LIKE '') OR (`keyword` LIKE '%,') OR (`keyword` LIKE ',%') OR (`keyword` LIKE '%,,%') ) AND ( `status` = '1' ) LIMIT 1   [ RunTime:0.000250s ]
SQL: SELECT `id`,`title` FROM `bbs_message` WHERE ( (`keyword` LIKE '') OR (`keyword` LIKE '%,') OR (`keyword` LIKE ',%') OR (`keyword` LIKE '%,,%') ) AND ( `status` = '1' ) ORDER BY addtime desc LIMIT 3   [ RunTime:0.000273s ]
SQL: SELECT COUNT(*) AS tp_count FROM `bbs_message` WHERE ( (`keyword` LIKE '') OR (`keyword` LIKE '%,') OR (`keyword` LIKE ',%') OR (`keyword` LIKE '%,,%') ) AND ( `status` = '1' ) LIMIT 1   [ RunTime:0.000250s ]
SQL: SHOW COLUMNS FROM `bbs_question` [ RunTime:0.094596s ]
SQL: SELECT `id`,`uid`,`content` FROM `bbs_question` WHERE ( `status` = '1' ) AND ( `isbest` = '1' ) AND ( `replay` <> '' ) ORDER BY addtime desc LIMIT 6   [ RunTime:0.000341s ]
SQL: SHOW COLUMNS FROM `edu_flink` [ RunTime:0.114254s ]
SQL: SELECT * FROM `edu_flink` WHERE ( status=2 )  [ RunTime:0.000434s ]
NOTIC: [8] Undefined index: user D:\wamp\www\edu\Home\Lib\Action\IndexAction.class.php 第 132 行.
INFO: [ view_parse ] --START--
NOTIC: [8] Undefined index: user D:\wamp\www\edu\Home\Runtime\Cache\a0df498f3fa8ed5d3704c11b76d93149f0b249f5.file.index.html.php 第 145 行.
NOTIC: [8] Undefined index: user D:\wamp\www\edu\Home\Runtime\Cache\a0df498f3fa8ed5d3704c11b76d93149f0b249f5.file.index.html.php 第 204 行.
INFO: ParseTemplate Behavior ::run [ RunTime:0.588859s ]
INFO: [ view_parse ] --END-- [ RunTime:0.589026s ]
INFO: [ view_filter ] --START--
INFO: ContentReplace Behavior ::run [ RunTime:0.005867s ]
INFO: TokenBuild Behavior ::run [ RunTime:0.002810s ]
INFO: WriteHtmlCache Behavior ::run [ RunTime:0.006155s ]
INFO: ShowRuntime Behavior ::run [ RunTime:0.049010s ]
INFO: [ view_filter ] --END-- [ RunTime:0.064248s ]
INFO: [ view_end ] --START--
INFO: ShowPageTrace Behavior ::run [ RunTime:0.007886s ]
INFO: [ view_end ] --END-- [ RunTime:0.008032s ]

