[ 2016-11-08T15:30:26+08:00 ] 0.0.0.0 /edu/
INFO: [ app_begin ] --START--
INFO: ReadHtmlCache Behavior ::run [ RunTime:0.000981s ]
INFO: [ app_begin ] --END-- [ RunTime:0.001132s ]
SQL: SHOW COLUMNS FROM `edu_clicknum` [ RunTime:0.085401s ]
SQL: SELECT * FROM `edu_clicknum` WHERE ( `id` = 1 ) LIMIT 1   [ RunTime:0.020008s ]
NOTIC: [8] Undefined index: clicknum D:\wamp\www\edu\Home\Lib\Action\IndexAction.class.php 第 9 行.
SQL: SHOW COLUMNS FROM `edu_notice` [ RunTime:0.046686s ]
SQL: SELECT * FROM `edu_notice` ORDER BY addtime desc LIMIT 6   [ RunTime:0.015082s ]
SQL: SHOW COLUMNS FROM `edu_library` [ RunTime:0.018105s ]
SQL: SELECT * FROM `edu_library` ORDER BY addtime desc LIMIT 3   [ RunTime:0.039390s ]
NOTIC: [8] Undefined index: _type D:\wamp\www\edu\ThinkPHP\Lib\Core\Model.class.php 第 583 行.
SQL: SELECT `username` FROM `edu_users` WHERE ( `id` = '55' ) LIMIT 1   [ RunTime:0.074604s ]
NOTIC: [8] Undefined index: _type D:\wamp\www\edu\ThinkPHP\Lib\Core\Model.class.php 第 583 行.
SQL: SELECT `username` FROM `edu_users` WHERE ( `id` = '55' ) LIMIT 1   [ RunTime:0.019492s ]
SQL: SELECT * FROM `edu_library` ORDER BY dwloadnum desc LIMIT 10   [ RunTime:0.012950s ]
NOTIC: [8] Undefined index: _type D:\wamp\www\edu\ThinkPHP\Lib\Core\Model.class.php 第 583 行.
SQL: SELECT `username` FROM `edu_users` WHERE ( `id` = '55' ) LIMIT 1   [ RunTime:0.000307s ]
NOTIC: [8] Undefined index: _type D:\wamp\www\edu\ThinkPHP\Lib\Core\Model.class.php 第 583 行.
SQL: SELECT `username` FROM `edu_users` WHERE ( `id` = '55' ) LIMIT 1   [ RunTime:0.000267s ]
SQL: select uid,count(*) num from edu_library group by uid order by num desc limit 8 [ RunTime:0.029722s ]
SQL: SHOW COLUMNS FROM `edu_users` [ RunTime:0.017834s ]
SQL: SELECT `username`,`picture` FROM `edu_users` WHERE ( `id` = 55 ) LIMIT 1   [ RunTime:0.000337s ]
SQL: SHOW COLUMNS FROM `edu_friend` [ RunTime:0.005783s ]
SQL: SELECT COUNT(*) AS tp_count FROM `edu_friend` WHERE ( uid=55 ) LIMIT 1   [ RunTime:0.000338s ]
SQL: SHOW COLUMNS FROM `edu_video` [ RunTime:0.017302s ]
SQL: SELECT * FROM `edu_video` ORDER BY addtime desc LIMIT 3   [ RunTime:0.000820s ]
SQL: SELECT * FROM `edu_video` WHERE ( status=2 ) ORDER BY favonum desc LIMIT 8   [ RunTime:0.012711s ]
SQL: SELECT * FROM `edu_video` WHERE ( status=2 ) ORDER BY clicknum desc LIMIT 10   [ RunTime:0.000721s ]
SQL: SHOW COLUMNS FROM `edu_cat` [ RunTime:0.005472s ]
SQL: SELECT `id`,`name` FROM `edu_cat` WHERE ( pid=0 ) LIMIT 6   [ RunTime:0.019104s ]
SQL: SELECT * FROM `edu_video` WHERE ( status=2 ) ORDER BY addtime desc LIMIT 5   [ RunTime:0.000599s ]
SQL: select nid,count(*) num from edu_zan where nid<>0 group by nid order by num desc limit 3 [ RunTime:0.018569s ]
SQL: select uid,count(*) num from edu_note group by uid order by num desc limit 8 [ RunTime:0.039593s ]
ERR: 1146:Table 'edu002.edu_note' doesn't exist
 [ SQL语句 ] : select uid,count(*) num from edu_note group by uid order by num desc limit 8
NOTIC: [2] Invalid argument supplied for foreach() D:\wamp\www\edu\Home\Lib\Action\IndexAction.class.php 第 79 行.
SQL: SHOW COLUMNS FROM `edu_cat` [ RunTime:0.005976s ]
SQL: SELECT `id`,`name` FROM `edu_cat` WHERE ( pid!=0 )  [ RunTime:0.000347s ]
NOTIC: [8] Undefined offset: 4 D:\wamp\www\edu\Home\Lib\Action\IndexAction.class.php 第 92 行.
NOTIC: [8] Undefined offset: 5 D:\wamp\www\edu\Home\Lib\Action\IndexAction.class.php 第 92 行.
SQL: SHOW COLUMNS FROM `bbs_message` [ RunTime:0.005467s ]
SQL: SELECT `id`,`title` FROM `bbs_message` WHERE ( (`keyword` LIKE '31') OR (`keyword` LIKE '%,31') OR (`keyword` LIKE '31,%') OR (`keyword` LIKE '%,31,%') ) AND ( `status` = '1' ) ORDER BY addtime desc LIMIT 3   [ RunTime:0.015850s ]
SQL: SELECT COUNT(*) AS tp_count FROM `bbs_message` WHERE ( (`keyword` LIKE '31') OR (`keyword` LIKE '%,31') OR (`keyword` LIKE '31,%') OR (`keyword` LIKE '%,31,%') ) AND ( `status` = '1' ) LIMIT 1   [ RunTime:0.000321s ]
SQL: SELECT `id`,`title` FROM `bbs_message` WHERE ( (`keyword` LIKE '33') OR (`keyword` LIKE '%,33') OR (`keyword` LIKE '33,%') OR (`keyword` LIKE '%,33,%') ) AND ( `status` = '1' ) ORDER BY addtime desc LIMIT 3   [ RunTime:0.000318s ]
SQL: SELECT COUNT(*) AS tp_count FROM `bbs_message` WHERE ( (`keyword` LIKE '33') OR (`keyword` LIKE '%,33') OR (`keyword` LIKE '33,%') OR (`keyword` LIKE '%,33,%') ) AND ( `status` = '1' ) LIMIT 1   [ RunTime:0.000288s ]
SQL: SELECT `id`,`title` FROM `bbs_message` WHERE ( (`keyword` LIKE '30') OR (`keyword` LIKE '%,30') OR (`keyword` LIKE '30,%') OR (`keyword` LIKE '%,30,%') ) AND ( `status` = '1' ) ORDER BY addtime desc LIMIT 3   [ RunTime:0.000287s ]
SQL: SELECT COUNT(*) AS tp_count FROM `bbs_message` WHERE ( (`keyword` LIKE '30') OR (`keyword` LIKE '%,30') OR (`keyword` LIKE '30,%') OR (`keyword` LIKE '%,30,%') ) AND ( `status` = '1' ) LIMIT 1   [ RunTime:0.000286s ]
SQL: SELECT `id`,`title` FROM `bbs_message` WHERE ( (`keyword` LIKE '32') OR (`keyword` LIKE '%,32') OR (`keyword` LIKE '32,%') OR (`keyword` LIKE '%,32,%') ) AND ( `status` = '1' ) ORDER BY addtime desc LIMIT 3   [ RunTime:0.000290s ]
SQL: SELECT COUNT(*) AS tp_count FROM `bbs_message` WHERE ( (`keyword` LIKE '32') OR (`keyword` LIKE '%,32') OR (`keyword` LIKE '32,%') OR (`keyword` LIKE '%,32,%') ) AND ( `status` = '1' ) LIMIT 1   [ RunTime:0.000277s ]
SQL: SELECT `id`,`title` FROM `bbs_message` WHERE ( (`keyword` LIKE '') OR (`keyword` LIKE '%,') OR (`keyword` LIKE ',%') OR (`keyword` LIKE '%,,%') ) AND ( `status` = '1' ) ORDER BY addtime desc LIMIT 3   [ RunTime:0.000292s ]
SQL: SELECT COUNT(*) AS tp_count FROM `bbs_message` WHERE ( (`keyword` LIKE '') OR (`keyword` LIKE '%,') OR (`keyword` LIKE ',%') OR (`keyword` LIKE '%,,%') ) AND ( `status` = '1' ) LIMIT 1   [ RunTime:0.000287s ]
SQL: SELECT `id`,`title` FROM `bbs_message` WHERE ( (`keyword` LIKE '') OR (`keyword` LIKE '%,') OR (`keyword` LIKE ',%') OR (`keyword` LIKE '%,,%') ) AND ( `status` = '1' ) ORDER BY addtime desc LIMIT 3   [ RunTime:0.000286s ]
SQL: SELECT COUNT(*) AS tp_count FROM `bbs_message` WHERE ( (`keyword` LIKE '') OR (`keyword` LIKE '%,') OR (`keyword` LIKE ',%') OR (`keyword` LIKE '%,,%') ) AND ( `status` = '1' ) LIMIT 1   [ RunTime:0.000475s ]
SQL: SHOW COLUMNS FROM `bbs_question` [ RunTime:0.005323s ]
SQL: SELECT `id`,`uid`,`content` FROM `bbs_question` WHERE ( `status` = '1' ) AND ( `isbest` = '1' ) AND ( `replay` <> '' ) ORDER BY addtime desc LIMIT 6   [ RunTime:0.000358s ]
SQL: SHOW COLUMNS FROM `edu_flink` [ RunTime:0.005787s ]
SQL: SELECT * FROM `edu_flink` WHERE ( status=2 )  [ RunTime:0.000457s ]
NOTIC: [8] Undefined index: user D:\wamp\www\edu\Home\Lib\Action\IndexAction.class.php 第 132 行.
INFO: [ view_parse ] --START--
NOTIC: [8] Undefined index: user D:\wamp\www\edu\Home\Runtime\Cache\a0df498f3fa8ed5d3704c11b76d93149f0b249f5.file.index.html.php 第 145 行.
NOTIC: [8] Undefined index: user D:\wamp\www\edu\Home\Runtime\Cache\a0df498f3fa8ed5d3704c11b76d93149f0b249f5.file.index.html.php 第 204 行.
NOTIC: [8] Undefined index: id D:\wamp\www\edu\Home\Runtime\Cache\a0df498f3fa8ed5d3704c11b76d93149f0b249f5.file.index.html.php 第 719 行.
NOTIC: [8] Undefined index: name D:\wamp\www\edu\Home\Runtime\Cache\a0df498f3fa8ed5d3704c11b76d93149f0b249f5.file.index.html.php 第 720 行.
NOTIC: [8] Undefined index: id D:\wamp\www\edu\Home\Runtime\Cache\a0df498f3fa8ed5d3704c11b76d93149f0b249f5.file.index.html.php 第 719 行.
NOTIC: [8] Undefined index: name D:\wamp\www\edu\Home\Runtime\Cache\a0df498f3fa8ed5d3704c11b76d93149f0b249f5.file.index.html.php 第 720 行.
INFO: ParseTemplate Behavior ::run [ RunTime:0.186615s ]
INFO: [ view_parse ] --END-- [ RunTime:0.186773s ]
INFO: [ view_filter ] --START--
INFO: ContentReplace Behavior ::run [ RunTime:0.001285s ]
INFO: TokenBuild Behavior ::run [ RunTime:0.000946s ]
INFO: WriteHtmlCache Behavior ::run [ RunTime:0.000672s ]
INFO: ShowRuntime Behavior ::run [ RunTime:0.001391s ]
INFO: [ view_filter ] --END-- [ RunTime:0.004755s ]
INFO: [ view_end ] --START--
INFO: ShowPageTrace Behavior ::run [ RunTime:0.001103s ]
INFO: [ view_end ] --END-- [ RunTime:0.001233s ]

[ 2016-11-08T15:33:34+08:00 ] 0.0.0.0 /edu/index.php/Users/login
INFO: [ route_check ] --START--
INFO: CheckRoute Behavior ::run [ RunTime:0.001491s ]
INFO: [ route_check ] --END-- [ RunTime:0.001685s ]
INFO: [ app_begin ] --START--
INFO: ReadHtmlCache Behavior ::run [ RunTime:0.001140s ]
INFO: [ app_begin ] --END-- [ RunTime:0.001277s ]
NOTIC: [8] A session had already been started - ignoring session_start() D:\wamp\www\edu\Home\Lib\Action\UsersAction.class.php 第 2 行.
INFO: [ view_parse ] --START--
NOTIC: [8] Undefined index: user D:\wamp\www\edu\Home\Runtime\Cache\5eb86b5f52faad6893408a91f10736e2d8252303.file.login.html.php 第 72 行.
NOTIC: [8] Undefined index: user D:\wamp\www\edu\Home\Runtime\Cache\5eb86b5f52faad6893408a91f10736e2d8252303.file.login.html.php 第 81 行.
INFO: ParseTemplate Behavior ::run [ RunTime:0.054672s ]
INFO: [ view_parse ] --END-- [ RunTime:0.054834s ]
INFO: [ view_filter ] --START--
INFO: ContentReplace Behavior ::run [ RunTime:0.001236s ]
INFO: TokenBuild Behavior ::run [ RunTime:0.000993s ]
INFO: WriteHtmlCache Behavior ::run [ RunTime:0.000851s ]
INFO: ShowRuntime Behavior ::run [ RunTime:0.001039s ]
INFO: [ view_filter ] --END-- [ RunTime:0.004548s ]
INFO: [ view_end ] --START--
INFO: ShowPageTrace Behavior ::run [ RunTime:0.001104s ]
INFO: [ view_end ] --END-- [ RunTime:0.001232s ]

[ 2016-11-08T15:33:34+08:00 ] 0.0.0.0 /edu/index.php/Users/edu/Public/css/simple.css
INFO: [ route_check ] --START--
INFO: CheckRoute Behavior ::run [ RunTime:0.001457s ]
INFO: [ route_check ] --END-- [ RunTime:0.001642s ]
INFO: [ app_begin ] --START--
INFO: ReadHtmlCache Behavior ::run [ RunTime:0.001091s ]
INFO: [ app_begin ] --END-- [ RunTime:0.001251s ]
NOTIC: [8] A session had already been started - ignoring session_start() D:\wamp\www\edu\Home\Lib\Action\UsersAction.class.php 第 2 行.
ERR: 非法操作:edu

[ 2016-11-08T15:33:34+08:00 ] 0.0.0.0 /edu/index.php/Users/checkpass
INFO: [ route_check ] --START--
INFO: CheckRoute Behavior ::run [ RunTime:0.001260s ]
INFO: [ route_check ] --END-- [ RunTime:0.001462s ]
INFO: [ app_begin ] --START--
INFO: ReadHtmlCache Behavior ::run [ RunTime:0.001133s ]
INFO: [ app_begin ] --END-- [ RunTime:0.001266s ]
NOTIC: [8] A session had already been started - ignoring session_start() D:\wamp\www\edu\Home\Lib\Action\UsersAction.class.php 第 2 行.
SQL: SELECT * FROM `edu_users` WHERE ( username = '' or email='' ) LIMIT 1   [ RunTime:0.011273s ]

[ 2016-11-08T15:34:18+08:00 ] 0.0.0.0 /edu/index.php/Video/index
INFO: [ route_check ] --START--
INFO: CheckRoute Behavior ::run [ RunTime:0.018319s ]
INFO: [ route_check ] --END-- [ RunTime:0.018556s ]
INFO: [ app_begin ] --START--
INFO: ReadHtmlCache Behavior ::run [ RunTime:0.003284s ]
INFO: [ app_begin ] --END-- [ RunTime:0.003595s ]
SQL: SHOW COLUMNS FROM `edu_video` [ RunTime:0.021261s ]
NOTIC: [8] Undefined index: uid D:\wamp\www\edu\Home\Lib\Action\VideoAction.class.php 第 41 行.
SQL: SELECT COUNT(*) AS tp_count FROM `edu_video` WHERE ( `status` = '2' ) LIMIT 1   [ RunTime:0.000414s ]
SQL: SELECT * FROM `edu_video` WHERE ( `status` = '2' ) ORDER BY clicknum desc LIMIT 0,9   [ RunTime:0.000725s ]
SQL: SELECT * FROM `edu_video` WHERE ( status=2 ) ORDER BY addtime desc LIMIT 16   [ RunTime:0.000412s ]
SQL: SHOW COLUMNS FROM `edu_cat` [ RunTime:0.005672s ]
SQL: SELECT * FROM `edu_cat` WHERE ( pid=0 ) LIMIT 6   [ RunTime:0.000362s ]
NOTIC: [2048] Declaration of CatAction::show() should be compatible with Action::show($content, $charset = '', $contentType = '', $prefix = '') D:\wamp\www\edu\Home\Lib\Action\CatAction.class.php 第 87 行.
NOTIC: [8] Undefined index: id D:\wamp\www\edu\Home\Lib\Action\CatAction.class.php 第 35 行.
SQL: SELECT `id`,`name`,`path` FROM `edu_cat` ORDER BY concat(path,id)  [ RunTime:0.016327s ]
NOTIC: [8] Undefined index: user D:\wamp\www\edu\Home\Lib\Action\VideoAction.class.php 第 91 行.
NOTIC: [8] Undefined index: r D:\wamp\www\edu\Home\Lib\Action\VideoAction.class.php 第 96 行.
NOTIC: [8] Undefined index: q D:\wamp\www\edu\Home\Lib\Action\VideoAction.class.php 第 97 行.
NOTIC: [8] Undefined index: pid D:\wamp\www\edu\Home\Lib\Action\VideoAction.class.php 第 101 行.
NOTIC: [8] Undefined index: q D:\wamp\www\edu\Home\Lib\Action\VideoAction.class.php 第 101 行.
INFO: [ view_parse ] --START--
NOTIC: [8] Undefined index: user D:\wamp\www\edu\Home\Runtime\Cache\59d203b819ba70cf17f46031d2daefdeaa5fc4f8.file.head.html.php 第 43 行.
NOTIC: [8] Undefined index: user D:\wamp\www\edu\Home\Runtime\Cache\59d203b819ba70cf17f46031d2daefdeaa5fc4f8.file.head.html.php 第 59 行.
NOTIC: [8] Undefined index: user D:\wamp\www\edu\Home\Runtime\Cache\96b766e3a87dae98668b126087e13293c9a0b610.file.index.html.php 第 282 行.
NOTIC: [8] Undefined index: user D:\wamp\www\edu\Home\Runtime\Cache\96b766e3a87dae98668b126087e13293c9a0b610.file.index.html.php 第 292 行.
NOTIC: [8] Undefined index: user D:\wamp\www\edu\Home\Runtime\Cache\96b766e3a87dae98668b126087e13293c9a0b610.file.index.html.php 第 299 行.
NOTIC: [8] Undefined index: title D:\wamp\www\edu\Home\Runtime\Cache\96b766e3a87dae98668b126087e13293c9a0b610.file.index.html.php 第 322 行.
NOTIC: [8] Trying to get property of non-object D:\wamp\www\edu\Home\Runtime\Cache\96b766e3a87dae98668b126087e13293c9a0b610.file.index.html.php 第 322 行.
INFO: ParseTemplate Behavior ::run [ RunTime:0.106291s ]
INFO: [ view_parse ] --END-- [ RunTime:0.106445s ]
INFO: [ view_filter ] --START--
INFO: ContentReplace Behavior ::run [ RunTime:0.001116s ]
INFO: TokenBuild Behavior ::run [ RunTime:0.001006s ]
INFO: WriteHtmlCache Behavior ::run [ RunTime:0.000697s ]
INFO: ShowRuntime Behavior ::run [ RunTime:0.001002s ]
INFO: [ view_filter ] --END-- [ RunTime:0.004196s ]
INFO: [ view_end ] --START--
INFO: ShowPageTrace Behavior ::run [ RunTime:0.001561s ]
INFO: [ view_end ] --END-- [ RunTime:0.001779s ]

[ 2016-11-08T15:34:34+08:00 ] 0.0.0.0 /edu/index.php/Note/index
INFO: [ route_check ] --START--
INFO: CheckRoute Behavior ::run [ RunTime:0.001534s ]
INFO: [ route_check ] --END-- [ RunTime:0.002029s ]
INFO: [ app_begin ] --START--
INFO: ReadHtmlCache Behavior ::run [ RunTime:0.001031s ]
INFO: [ app_begin ] --END-- [ RunTime:0.001167s ]
SQL: SHOW COLUMNS FROM `edu_note` [ RunTime:0.007421s ]
ERR: 1146:Table 'edu002.edu_note' doesn't exist
 [ SQL语句 ] : SHOW COLUMNS FROM `edu_note`
NOTIC: [8] Undefined variable: where D:\wamp\www\edu\Home\Lib\Action\NoteAction.class.php 第 48 行.
SQL: SELECT COUNT(*) AS tp_count FROM `edu_note` LIMIT 1   [ RunTime:0.000475s ]
ERR: 1146:Table 'edu002.edu_note' doesn't exist
 [ SQL语句 ] : SELECT COUNT(*) AS tp_count FROM `edu_note` LIMIT 1  
NOTIC: [8] Undefined variable: where D:\wamp\www\edu\Home\Lib\Action\NoteAction.class.php 第 52 行.
SQL: SELECT * FROM `edu_note` ORDER BY addtime desc LIMIT 0,5   [ RunTime:0.000333s ]
ERR: 1146:Table 'edu002.edu_note' doesn't exist
 [ SQL语句 ] : SELECT * FROM `edu_note` ORDER BY addtime desc LIMIT 0,5  
NOTIC: [2] Invalid argument supplied for foreach() D:\wamp\www\edu\Home\Lib\Action\NoteAction.class.php 第 54 行.
NOTIC: [8] Undefined index: user D:\wamp\www\edu\Home\Lib\Action\NoteAction.class.php 第 71 行.
SQL: SELECT * FROM `edu_note` ORDER BY addtime desc LIMIT 16   [ RunTime:0.027810s ]
ERR: 1146:Table 'edu002.edu_note' doesn't exist
 [ SQL语句 ] : SELECT * FROM `edu_note` ORDER BY addtime desc LIMIT 16  
INFO: [ view_parse ] --START--
NOTIC: [8] Undefined index: user D:\wamp\www\edu\Home\Runtime\Cache\59d203b819ba70cf17f46031d2daefdeaa5fc4f8.file.head.html.php 第 43 行.
NOTIC: [8] Undefined index: user D:\wamp\www\edu\Home\Runtime\Cache\59d203b819ba70cf17f46031d2daefdeaa5fc4f8.file.head.html.php 第 59 行.
NOTIC: [8] Undefined index: user D:\wamp\www\edu\Home\Runtime\Cache\f877718030ef7fc1581c208d48fd8c0f9d22c284.file.index.html.php 第 91 行.
NOTIC: [8] Undefined index: user D:\wamp\www\edu\Home\Runtime\Cache\f877718030ef7fc1581c208d48fd8c0f9d22c284.file.index.html.php 第 97 行.
NOTIC: [8] Undefined index: title D:\wamp\www\edu\Home\Runtime\Cache\f877718030ef7fc1581c208d48fd8c0f9d22c284.file.index.html.php 第 123 行.
NOTIC: [8] Trying to get property of non-object D:\wamp\www\edu\Home\Runtime\Cache\f877718030ef7fc1581c208d48fd8c0f9d22c284.file.index.html.php 第 123 行.
INFO: ParseTemplate Behavior ::run [ RunTime:0.042511s ]
INFO: [ view_parse ] --END-- [ RunTime:0.042682s ]
INFO: [ view_filter ] --START--
INFO: ContentReplace Behavior ::run [ RunTime:0.002082s ]
INFO: TokenBuild Behavior ::run [ RunTime:0.001417s ]
INFO: WriteHtmlCache Behavior ::run [ RunTime:0.000986s ]
INFO: ShowRuntime Behavior ::run [ RunTime:0.000972s ]
INFO: [ view_filter ] --END-- [ RunTime:0.006290s ]
INFO: [ view_end ] --START--
INFO: ShowPageTrace Behavior ::run [ RunTime:0.001703s ]
INFO: [ view_end ] --END-- [ RunTime:0.001902s ]

[ 2016-11-08T15:34:36+08:00 ] 0.0.0.0 /edu/index.php/Library/index
INFO: [ route_check ] --START--
INFO: CheckRoute Behavior ::run [ RunTime:0.001190s ]
INFO: [ route_check ] --END-- [ RunTime:0.001345s ]
INFO: [ app_begin ] --START--
INFO: ReadHtmlCache Behavior ::run [ RunTime:0.000978s ]
INFO: [ app_begin ] --END-- [ RunTime:0.001114s ]
SQL: SHOW COLUMNS FROM `edu_library` [ RunTime:0.006119s ]
NOTIC: [8] Undefined index: q D:\wamp\www\edu\Home\Lib\Action\LibraryAction.class.php 第 60 行.
SQL: SELECT COUNT(*) AS tp_count FROM `edu_library` WHERE ( `status` = '2' ) AND ( `title` LIKE '%%' ) LIMIT 1   [ RunTime:0.000547s ]
SQL: SELECT * FROM `edu_library` WHERE ( `status` = '2' ) AND ( `title` LIKE '%%' ) ORDER BY clicknum desc LIMIT 0,5   [ RunTime:0.000556s ]
NOTIC: [8] Undefined index: _type D:\wamp\www\edu\ThinkPHP\Lib\Core\Model.class.php 第 583 行.
SQL: SELECT `username`,`picture` FROM `edu_users` WHERE ( `id` = '55' ) LIMIT 1   [ RunTime:0.000446s ]
NOTIC: [2048] Only variables should be passed by reference D:\wamp\www\edu\Home\Lib\Action\LibraryAction.class.php 第 76 行.
SQL: SELECT * FROM `edu_library` WHERE ( status=2 ) ORDER BY addtime desc LIMIT 16   [ RunTime:0.000816s ]
SQL: SHOW COLUMNS FROM `edu_cat` [ RunTime:0.026066s ]
SQL: SELECT * FROM `edu_cat` WHERE ( pid=0 ) LIMIT 6   [ RunTime:0.000347s ]
NOTIC: [8] Undefined index: user D:\wamp\www\edu\Home\Lib\Action\LibraryAction.class.php 第 96 行.
NOTIC: [8] Undefined index: r D:\wamp\www\edu\Home\Lib\Action\LibraryAction.class.php 第 101 行.
NOTIC: [8] Undefined index: q D:\wamp\www\edu\Home\Lib\Action\LibraryAction.class.php 第 102 行.
NOTIC: [8] Undefined index: pid D:\wamp\www\edu\Home\Lib\Action\LibraryAction.class.php 第 106 行.
NOTIC: [8] Undefined index: q D:\wamp\www\edu\Home\Lib\Action\LibraryAction.class.php 第 106 行.
INFO: [ view_parse ] --START--
NOTIC: [8] Undefined index: user D:\wamp\www\edu\Home\Runtime\Cache\59d203b819ba70cf17f46031d2daefdeaa5fc4f8.file.head.html.php 第 43 行.
NOTIC: [8] Undefined index: user D:\wamp\www\edu\Home\Runtime\Cache\59d203b819ba70cf17f46031d2daefdeaa5fc4f8.file.head.html.php 第 59 行.
NOTIC: [8] Undefined index: user D:\wamp\www\edu\Home\Runtime\Cache\1047c039db239818cd39e9b24ff213b65eb3cdba.file.index.html.php 第 87 行.
NOTIC: [8] Undefined index: user D:\wamp\www\edu\Home\Runtime\Cache\1047c039db239818cd39e9b24ff213b65eb3cdba.file.index.html.php 第 98 行.
NOTIC: [8] Undefined index: user D:\wamp\www\edu\Home\Runtime\Cache\1047c039db239818cd39e9b24ff213b65eb3cdba.file.index.html.php 第 106 行.
NOTIC: [8] Undefined index: title D:\wamp\www\edu\Home\Runtime\Cache\1047c039db239818cd39e9b24ff213b65eb3cdba.file.index.html.php 第 130 行.
NOTIC: [8] Trying to get property of non-object D:\wamp\www\edu\Home\Runtime\Cache\1047c039db239818cd39e9b24ff213b65eb3cdba.file.index.html.php 第 130 行.
INFO: ParseTemplate Behavior ::run [ RunTime:0.039623s ]
INFO: [ view_parse ] --END-- [ RunTime:0.039788s ]
INFO: [ view_filter ] --START--
INFO: ContentReplace Behavior ::run [ RunTime:0.000946s ]
INFO: TokenBuild Behavior ::run [ RunTime:0.000818s ]
INFO: WriteHtmlCache Behavior ::run [ RunTime:0.000632s ]
INFO: ShowRuntime Behavior ::run [ RunTime:0.000938s ]
INFO: [ view_filter ] --END-- [ RunTime:0.003747s ]
INFO: [ view_end ] --START--
INFO: ShowPageTrace Behavior ::run [ RunTime:0.000939s ]
INFO: [ view_end ] --END-- [ RunTime:0.001085s ]

[ 2016-11-08T15:34:38+08:00 ] 0.0.0.0 /edu/index.php/Message/index
INFO: [ route_check ] --START--
INFO: CheckRoute Behavior ::run [ RunTime:0.001030s ]
INFO: [ route_check ] --END-- [ RunTime:0.001182s ]
INFO: [ app_begin ] --START--
INFO: ReadHtmlCache Behavior ::run [ RunTime:0.000916s ]
INFO: [ app_begin ] --END-- [ RunTime:0.001049s ]
NOTIC: [2048] Declaration of MessageAction::show() should be compatible with Action::show($content, $charset = '', $contentType = '', $prefix = '') D:\wamp\www\edu\Home\Lib\Action\MessageAction.class.php 第 1136 行.
SQL: SHOW COLUMNS FROM `bbs_message` [ RunTime:0.005593s ]
SQL: SELECT COUNT(*) AS tp_count FROM `bbs_message` WHERE ( `status` = '1' ) LIMIT 1   [ RunTime:0.000392s ]
SQL: SELECT * FROM `bbs_message` WHERE ( isbest=1 ) ORDER BY addtime desc LIMIT 5   [ RunTime:0.000328s ]
NOTIC: [2] Invalid argument supplied for foreach() D:\wamp\www\edu\Home\Lib\Action\MessageAction.class.php 第 12 行.
SQL: SELECT * FROM `bbs_message` WHERE ( `status` = '1' ) ORDER BY addtime desc LIMIT 0,10   [ RunTime:0.020380s ]
SQL: SHOW COLUMNS FROM `edu_users` [ RunTime:0.006071s ]
SQL: SELECT `username`,`name` FROM `edu_users` WHERE ( id=55 ) LIMIT 1   [ RunTime:0.000330s ]
SQL: SHOW COLUMNS FROM `bbs_comm` [ RunTime:0.062838s ]
SQL: SELECT COUNT(mid) AS tp_count FROM `bbs_comm` WHERE ( mid=39 and pid='0' ) LIMIT 1   [ RunTime:0.000301s ]
NOTIC: [8] Undefined index: user D:\wamp\www\edu\Home\Lib\Action\MessageAction.class.php 第 55 行.
SQL: SHOW COLUMNS FROM `bbs_question` [ RunTime:0.006074s ]
SQL: select uid,count('uid') num from bbs_comm where addtime>'1478331277' group by uid order by num desc [ RunTime:0.000572s ]
SQL: select uid,count('uid') num from bbs_message where addtime>'1478331277' group by uid order by num desc [ RunTime:0.000301s ]
SQL: select uid,count('uid') num from bbs_question where addtime>'1478331277' group by uid order by num desc [ RunTime:0.000243s ]
NOTIC: [2] arsort() expects parameter 1 to be array, null given D:\wamp\www\edu\Home\Lib\Action\MessageAction.class.php 第 1113 行.
NOTIC: [2] Invalid argument supplied for foreach() D:\wamp\www\edu\Home\Lib\Action\MessageAction.class.php 第 1116 行.
NOTIC: [8] Undefined variable: ll D:\wamp\www\edu\Home\Lib\Action\MessageAction.class.php 第 1123 行.
SQL: SHOW COLUMNS FROM `edu_cat` [ RunTime:0.005579s ]
SQL: SELECT `id`,`name` FROM `edu_cat` WHERE ( pid!=0 )  [ RunTime:0.000331s ]
NOTIC: [8] Undefined offset: 4 D:\wamp\www\edu\Home\Lib\Action\MessageAction.class.php 第 1132 行.
NOTIC: [8] Undefined offset: 5 D:\wamp\www\edu\Home\Lib\Action\MessageAction.class.php 第 1132 行.
INFO: [ view_parse ] --START--
NOTIC: [8] Undefined index: user D:\wamp\www\edu\Home\Runtime\Cache\59d203b819ba70cf17f46031d2daefdeaa5fc4f8.file.head.html.php 第 43 行.
NOTIC: [8] Undefined index: user D:\wamp\www\edu\Home\Runtime\Cache\59d203b819ba70cf17f46031d2daefdeaa5fc4f8.file.head.html.php 第 59 行.
INFO: ParseTemplate Behavior ::run [ RunTime:0.066653s ]
INFO: [ view_parse ] --END-- [ RunTime:0.066804s ]
INFO: [ view_filter ] --START--
INFO: ContentReplace Behavior ::run [ RunTime:0.000830s ]
INFO: TokenBuild Behavior ::run [ RunTime:0.000768s ]
INFO: WriteHtmlCache Behavior ::run [ RunTime:0.000619s ]
INFO: ShowRuntime Behavior ::run [ RunTime:0.000856s ]
INFO: [ view_filter ] --END-- [ RunTime:0.003425s ]
INFO: [ view_end ] --START--
INFO: ShowPageTrace Behavior ::run [ RunTime:0.001210s ]
INFO: [ view_end ] --END-- [ RunTime:0.001363s ]

[ 2016-11-08T15:34:39+08:00 ] 0.0.0.0 /edu/index.php/Library/index
INFO: [ route_check ] --START--
INFO: CheckRoute Behavior ::run [ RunTime:0.001197s ]
INFO: [ route_check ] --END-- [ RunTime:0.001376s ]
INFO: [ app_begin ] --START--
INFO: ReadHtmlCache Behavior ::run [ RunTime:0.000980s ]
INFO: [ app_begin ] --END-- [ RunTime:0.001135s ]
SQL: SHOW COLUMNS FROM `edu_library` [ RunTime:0.016908s ]
NOTIC: [8] Undefined index: q D:\wamp\www\edu\Home\Lib\Action\LibraryAction.class.php 第 60 行.
SQL: SELECT COUNT(*) AS tp_count FROM `edu_library` WHERE ( `status` = '2' ) AND ( `title` LIKE '%%' ) LIMIT 1   [ RunTime:0.000374s ]
SQL: SELECT * FROM `edu_library` WHERE ( `status` = '2' ) AND ( `title` LIKE '%%' ) ORDER BY clicknum desc LIMIT 0,5   [ RunTime:0.000442s ]
NOTIC: [8] Undefined index: _type D:\wamp\www\edu\ThinkPHP\Lib\Core\Model.class.php 第 583 行.
SQL: SELECT `username`,`picture` FROM `edu_users` WHERE ( `id` = '55' ) LIMIT 1   [ RunTime:0.000480s ]
NOTIC: [2048] Only variables should be passed by reference D:\wamp\www\edu\Home\Lib\Action\LibraryAction.class.php 第 76 行.
SQL: SELECT * FROM `edu_library` WHERE ( status=2 ) ORDER BY addtime desc LIMIT 16   [ RunTime:0.000343s ]
SQL: SHOW COLUMNS FROM `edu_cat` [ RunTime:0.005409s ]
SQL: SELECT * FROM `edu_cat` WHERE ( pid=0 ) LIMIT 6   [ RunTime:0.000377s ]
NOTIC: [8] Undefined index: user D:\wamp\www\edu\Home\Lib\Action\LibraryAction.class.php 第 96 行.
NOTIC: [8] Undefined index: r D:\wamp\www\edu\Home\Lib\Action\LibraryAction.class.php 第 101 行.
NOTIC: [8] Undefined index: q D:\wamp\www\edu\Home\Lib\Action\LibraryAction.class.php 第 102 行.
NOTIC: [8] Undefined index: pid D:\wamp\www\edu\Home\Lib\Action\LibraryAction.class.php 第 106 行.
NOTIC: [8] Undefined index: q D:\wamp\www\edu\Home\Lib\Action\LibraryAction.class.php 第 106 行.
INFO: [ view_parse ] --START--
NOTIC: [8] Undefined index: user D:\wamp\www\edu\Home\Runtime\Cache\59d203b819ba70cf17f46031d2daefdeaa5fc4f8.file.head.html.php 第 43 行.
NOTIC: [8] Undefined index: user D:\wamp\www\edu\Home\Runtime\Cache\59d203b819ba70cf17f46031d2daefdeaa5fc4f8.file.head.html.php 第 59 行.
NOTIC: [8] Undefined index: user D:\wamp\www\edu\Home\Runtime\Cache\1047c039db239818cd39e9b24ff213b65eb3cdba.file.index.html.php 第 87 行.
NOTIC: [8] Undefined index: user D:\wamp\www\edu\Home\Runtime\Cache\1047c039db239818cd39e9b24ff213b65eb3cdba.file.index.html.php 第 98 行.
NOTIC: [8] Undefined index: user D:\wamp\www\edu\Home\Runtime\Cache\1047c039db239818cd39e9b24ff213b65eb3cdba.file.index.html.php 第 106 行.
NOTIC: [8] Undefined index: title D:\wamp\www\edu\Home\Runtime\Cache\1047c039db239818cd39e9b24ff213b65eb3cdba.file.index.html.php 第 130 行.
NOTIC: [8] Trying to get property of non-object D:\wamp\www\edu\Home\Runtime\Cache\1047c039db239818cd39e9b24ff213b65eb3cdba.file.index.html.php 第 130 行.
INFO: ParseTemplate Behavior ::run [ RunTime:0.017931s ]
INFO: [ view_parse ] --END-- [ RunTime:0.018076s ]
INFO: [ view_filter ] --START--
INFO: ContentReplace Behavior ::run [ RunTime:0.000978s ]
INFO: TokenBuild Behavior ::run [ RunTime:0.000904s ]
INFO: WriteHtmlCache Behavior ::run [ RunTime:0.000749s ]
INFO: ShowRuntime Behavior ::run [ RunTime:0.001907s ]
INFO: [ view_filter ] --END-- [ RunTime:0.005010s ]
INFO: [ view_end ] --START--
INFO: ShowPageTrace Behavior ::run [ RunTime:0.001095s ]
INFO: [ view_end ] --END-- [ RunTime:0.001225s ]

[ 2016-11-08T15:34:40+08:00 ] 0.0.0.0 /edu/index.php/Message/index
INFO: [ route_check ] --START--
INFO: CheckRoute Behavior ::run [ RunTime:0.001132s ]
INFO: [ route_check ] --END-- [ RunTime:0.001283s ]
INFO: [ app_begin ] --START--
INFO: ReadHtmlCache Behavior ::run [ RunTime:0.000939s ]
INFO: [ app_begin ] --END-- [ RunTime:0.001071s ]
NOTIC: [2048] Declaration of MessageAction::show() should be compatible with Action::show($content, $charset = '', $contentType = '', $prefix = '') D:\wamp\www\edu\Home\Lib\Action\MessageAction.class.php 第 1136 行.
SQL: SHOW COLUMNS FROM `bbs_message` [ RunTime:0.006626s ]
SQL: SELECT COUNT(*) AS tp_count FROM `bbs_message` WHERE ( `status` = '1' ) LIMIT 1   [ RunTime:0.000378s ]
SQL: SELECT * FROM `bbs_message` WHERE ( isbest=1 ) ORDER BY addtime desc LIMIT 5   [ RunTime:0.000307s ]
NOTIC: [2] Invalid argument supplied for foreach() D:\wamp\www\edu\Home\Lib\Action\MessageAction.class.php 第 12 行.
SQL: SELECT * FROM `bbs_message` WHERE ( `status` = '1' ) ORDER BY addtime desc LIMIT 0,10   [ RunTime:0.000315s ]
SQL: SHOW COLUMNS FROM `edu_users` [ RunTime:0.005410s ]
SQL: SELECT `username`,`name` FROM `edu_users` WHERE ( id=55 ) LIMIT 1   [ RunTime:0.000326s ]
SQL: SHOW COLUMNS FROM `bbs_comm` [ RunTime:0.006215s ]
SQL: SELECT COUNT(mid) AS tp_count FROM `bbs_comm` WHERE ( mid=39 and pid='0' ) LIMIT 1   [ RunTime:0.000295s ]
NOTIC: [8] Undefined index: user D:\wamp\www\edu\Home\Lib\Action\MessageAction.class.php 第 55 行.
SQL: SHOW COLUMNS FROM `bbs_question` [ RunTime:0.005044s ]
SQL: select uid,count('uid') num from bbs_comm where addtime>'1478331280' group by uid order by num desc [ RunTime:0.000295s ]
SQL: select uid,count('uid') num from bbs_message where addtime>'1478331280' group by uid order by num desc [ RunTime:0.000276s ]
SQL: select uid,count('uid') num from bbs_question where addtime>'1478331280' group by uid order by num desc [ RunTime:0.000237s ]
NOTIC: [2] arsort() expects parameter 1 to be array, null given D:\wamp\www\edu\Home\Lib\Action\MessageAction.class.php 第 1113 行.
NOTIC: [2] Invalid argument supplied for foreach() D:\wamp\www\edu\Home\Lib\Action\MessageAction.class.php 第 1116 行.
NOTIC: [8] Undefined variable: ll D:\wamp\www\edu\Home\Lib\Action\MessageAction.class.php 第 1123 行.
SQL: SHOW COLUMNS FROM `edu_cat` [ RunTime:0.005957s ]
SQL: SELECT `id`,`name` FROM `edu_cat` WHERE ( pid!=0 )  [ RunTime:0.000335s ]
NOTIC: [8] Undefined offset: 4 D:\wamp\www\edu\Home\Lib\Action\MessageAction.class.php 第 1132 行.
NOTIC: [8] Undefined offset: 5 D:\wamp\www\edu\Home\Lib\Action\MessageAction.class.php 第 1132 行.
INFO: [ view_parse ] --START--
NOTIC: [8] Undefined index: user D:\wamp\www\edu\Home\Runtime\Cache\59d203b819ba70cf17f46031d2daefdeaa5fc4f8.file.head.html.php 第 43 行.
NOTIC: [8] Undefined index: user D:\wamp\www\edu\Home\Runtime\Cache\59d203b819ba70cf17f46031d2daefdeaa5fc4f8.file.head.html.php 第 59 行.
INFO: ParseTemplate Behavior ::run [ RunTime:0.018733s ]
INFO: [ view_parse ] --END-- [ RunTime:0.018881s ]
INFO: [ view_filter ] --START--
INFO: ContentReplace Behavior ::run [ RunTime:0.000857s ]
INFO: TokenBuild Behavior ::run [ RunTime:0.000868s ]
INFO: WriteHtmlCache Behavior ::run [ RunTime:0.000650s ]
INFO: ShowRuntime Behavior ::run [ RunTime:0.000953s ]
INFO: [ view_filter ] --END-- [ RunTime:0.003709s ]
INFO: [ view_end ] --START--
INFO: ShowPageTrace Behavior ::run [ RunTime:0.000987s ]
INFO: [ view_end ] --END-- [ RunTime:0.001114s ]

[ 2016-11-08T15:34:41+08:00 ] 0.0.0.0 /edu/index.php/Message/index
INFO: [ route_check ] --START--
INFO: CheckRoute Behavior ::run [ RunTime:0.001133s ]
INFO: [ route_check ] --END-- [ RunTime:0.001289s ]
INFO: [ app_begin ] --START--
INFO: ReadHtmlCache Behavior ::run [ RunTime:0.000945s ]
INFO: [ app_begin ] --END-- [ RunTime:0.001122s ]
NOTIC: [2048] Declaration of MessageAction::show() should be compatible with Action::show($content, $charset = '', $contentType = '', $prefix = '') D:\wamp\www\edu\Home\Lib\Action\MessageAction.class.php 第 1136 行.
SQL: SHOW COLUMNS FROM `bbs_message` [ RunTime:0.005416s ]
SQL: SELECT COUNT(*) AS tp_count FROM `bbs_message` WHERE ( `status` = '1' ) LIMIT 1   [ RunTime:0.000336s ]
SQL: SELECT * FROM `bbs_message` WHERE ( isbest=1 ) ORDER BY addtime desc LIMIT 5   [ RunTime:0.000314s ]
NOTIC: [2] Invalid argument supplied for foreach() D:\wamp\www\edu\Home\Lib\Action\MessageAction.class.php 第 12 行.
SQL: SELECT * FROM `bbs_message` WHERE ( `status` = '1' ) ORDER BY addtime desc LIMIT 0,10   [ RunTime:0.000664s ]
SQL: SHOW COLUMNS FROM `edu_users` [ RunTime:0.005526s ]
SQL: SELECT `username`,`name` FROM `edu_users` WHERE ( id=55 ) LIMIT 1   [ RunTime:0.000325s ]
SQL: SHOW COLUMNS FROM `bbs_comm` [ RunTime:0.005844s ]
SQL: SELECT COUNT(mid) AS tp_count FROM `bbs_comm` WHERE ( mid=39 and pid='0' ) LIMIT 1   [ RunTime:0.000693s ]
NOTIC: [8] Undefined index: user D:\wamp\www\edu\Home\Lib\Action\MessageAction.class.php 第 55 行.
SQL: SHOW COLUMNS FROM `bbs_question` [ RunTime:0.005320s ]
SQL: select uid,count('uid') num from bbs_comm where addtime>'1478331281' group by uid order by num desc [ RunTime:0.000326s ]
SQL: select uid,count('uid') num from bbs_message where addtime>'1478331281' group by uid order by num desc [ RunTime:0.000284s ]
SQL: select uid,count('uid') num from bbs_question where addtime>'1478331281' group by uid order by num desc [ RunTime:0.000238s ]
NOTIC: [2] arsort() expects parameter 1 to be array, null given D:\wamp\www\edu\Home\Lib\Action\MessageAction.class.php 第 1113 行.
NOTIC: [2] Invalid argument supplied for foreach() D:\wamp\www\edu\Home\Lib\Action\MessageAction.class.php 第 1116 行.
NOTIC: [8] Undefined variable: ll D:\wamp\www\edu\Home\Lib\Action\MessageAction.class.php 第 1123 行.
SQL: SHOW COLUMNS FROM `edu_cat` [ RunTime:0.005173s ]
SQL: SELECT `id`,`name` FROM `edu_cat` WHERE ( pid!=0 )  [ RunTime:0.000353s ]
NOTIC: [8] Undefined offset: 4 D:\wamp\www\edu\Home\Lib\Action\MessageAction.class.php 第 1132 行.
NOTIC: [8] Undefined offset: 5 D:\wamp\www\edu\Home\Lib\Action\MessageAction.class.php 第 1132 行.
INFO: [ view_parse ] --START--
NOTIC: [8] Undefined index: user D:\wamp\www\edu\Home\Runtime\Cache\59d203b819ba70cf17f46031d2daefdeaa5fc4f8.file.head.html.php 第 43 行.
NOTIC: [8] Undefined index: user D:\wamp\www\edu\Home\Runtime\Cache\59d203b819ba70cf17f46031d2daefdeaa5fc4f8.file.head.html.php 第 59 行.
INFO: ParseTemplate Behavior ::run [ RunTime:0.019338s ]
INFO: [ view_parse ] --END-- [ RunTime:0.019504s ]
INFO: [ view_filter ] --START--
INFO: ContentReplace Behavior ::run [ RunTime:0.000934s ]
INFO: TokenBuild Behavior ::run [ RunTime:0.000859s ]
INFO: WriteHtmlCache Behavior ::run [ RunTime:0.000684s ]
INFO: ShowRuntime Behavior ::run [ RunTime:0.000987s ]
INFO: [ view_filter ] --END-- [ RunTime:0.003823s ]
INFO: [ view_end ] --START--
INFO: ShowPageTrace Behavior ::run [ RunTime:0.000923s ]
INFO: [ view_end ] --END-- [ RunTime:0.001049s ]

[ 2016-11-08T15:34:44+08:00 ] 0.0.0.0 /edu/index.php/Library/index
INFO: [ route_check ] --START--
INFO: CheckRoute Behavior ::run [ RunTime:0.001175s ]
INFO: [ route_check ] --END-- [ RunTime:0.001344s ]
INFO: [ app_begin ] --START--
INFO: ReadHtmlCache Behavior ::run [ RunTime:0.000946s ]
INFO: [ app_begin ] --END-- [ RunTime:0.001084s ]
SQL: SHOW COLUMNS FROM `edu_library` [ RunTime:0.006954s ]
NOTIC: [8] Undefined index: q D:\wamp\www\edu\Home\Lib\Action\LibraryAction.class.php 第 60 行.
SQL: SELECT COUNT(*) AS tp_count FROM `edu_library` WHERE ( `status` = '2' ) AND ( `title` LIKE '%%' ) LIMIT 1   [ RunTime:0.000426s ]
SQL: SELECT * FROM `edu_library` WHERE ( `status` = '2' ) AND ( `title` LIKE '%%' ) ORDER BY clicknum desc LIMIT 0,5   [ RunTime:0.000364s ]
NOTIC: [8] Undefined index: _type D:\wamp\www\edu\ThinkPHP\Lib\Core\Model.class.php 第 583 行.
SQL: SELECT `username`,`picture` FROM `edu_users` WHERE ( `id` = '55' ) LIMIT 1   [ RunTime:0.000650s ]
NOTIC: [2048] Only variables should be passed by reference D:\wamp\www\edu\Home\Lib\Action\LibraryAction.class.php 第 76 行.
SQL: SELECT * FROM `edu_library` WHERE ( status=2 ) ORDER BY addtime desc LIMIT 16   [ RunTime:0.000343s ]
SQL: SHOW COLUMNS FROM `edu_cat` [ RunTime:0.005199s ]
SQL: SELECT * FROM `edu_cat` WHERE ( pid=0 ) LIMIT 6   [ RunTime:0.000367s ]
NOTIC: [8] Undefined index: user D:\wamp\www\edu\Home\Lib\Action\LibraryAction.class.php 第 96 行.
NOTIC: [8] Undefined index: r D:\wamp\www\edu\Home\Lib\Action\LibraryAction.class.php 第 101 行.
NOTIC: [8] Undefined index: q D:\wamp\www\edu\Home\Lib\Action\LibraryAction.class.php 第 102 行.
NOTIC: [8] Undefined index: pid D:\wamp\www\edu\Home\Lib\Action\LibraryAction.class.php 第 106 行.
NOTIC: [8] Undefined index: q D:\wamp\www\edu\Home\Lib\Action\LibraryAction.class.php 第 106 行.
INFO: [ view_parse ] --START--
NOTIC: [8] Undefined index: user D:\wamp\www\edu\Home\Runtime\Cache\59d203b819ba70cf17f46031d2daefdeaa5fc4f8.file.head.html.php 第 43 行.
NOTIC: [8] Undefined index: user D:\wamp\www\edu\Home\Runtime\Cache\59d203b819ba70cf17f46031d2daefdeaa5fc4f8.file.head.html.php 第 59 行.
NOTIC: [8] Undefined index: user D:\wamp\www\edu\Home\Runtime\Cache\1047c039db239818cd39e9b24ff213b65eb3cdba.file.index.html.php 第 87 行.
NOTIC: [8] Undefined index: user D:\wamp\www\edu\Home\Runtime\Cache\1047c039db239818cd39e9b24ff213b65eb3cdba.file.index.html.php 第 98 行.
NOTIC: [8] Undefined index: user D:\wamp\www\edu\Home\Runtime\Cache\1047c039db239818cd39e9b24ff213b65eb3cdba.file.index.html.php 第 106 行.
NOTIC: [8] Undefined index: title D:\wamp\www\edu\Home\Runtime\Cache\1047c039db239818cd39e9b24ff213b65eb3cdba.file.index.html.php 第 130 行.
NOTIC: [8] Trying to get property of non-object D:\wamp\www\edu\Home\Runtime\Cache\1047c039db239818cd39e9b24ff213b65eb3cdba.file.index.html.php 第 130 行.
INFO: ParseTemplate Behavior ::run [ RunTime:0.021136s ]
INFO: [ view_parse ] --END-- [ RunTime:0.021430s ]
INFO: [ view_filter ] --START--
INFO: ContentReplace Behavior ::run [ RunTime:0.001038s ]
INFO: TokenBuild Behavior ::run [ RunTime:0.001374s ]
INFO: WriteHtmlCache Behavior ::run [ RunTime:0.000702s ]
INFO: ShowRuntime Behavior ::run [ RunTime:0.000982s ]
INFO: [ view_filter ] --END-- [ RunTime:0.004538s ]
INFO: [ view_end ] --START--
INFO: ShowPageTrace Behavior ::run [ RunTime:0.001077s ]
INFO: [ view_end ] --END-- [ RunTime:0.001226s ]

[ 2016-11-08T15:45:24+08:00 ] 0.0.0.0 /edu/index.php/Video/index
INFO: [ route_check ] --START--
INFO: CheckRoute Behavior ::run [ RunTime:0.001336s ]
INFO: [ route_check ] --END-- [ RunTime:0.001512s ]
INFO: [ app_begin ] --START--
INFO: ReadHtmlCache Behavior ::run [ RunTime:0.001010s ]
INFO: [ app_begin ] --END-- [ RunTime:0.001156s ]
SQL: SHOW COLUMNS FROM `edu_video` [ RunTime:0.006349s ]
NOTIC: [8] Undefined index: uid D:\wamp\www\edu\Home\Lib\Action\VideoAction.class.php 第 41 行.
SQL: SELECT COUNT(*) AS tp_count FROM `edu_video` WHERE ( `status` = '2' ) LIMIT 1   [ RunTime:0.000409s ]
SQL: SELECT * FROM `edu_video` WHERE ( `status` = '2' ) ORDER BY clicknum desc LIMIT 0,9   [ RunTime:0.000387s ]
SQL: SELECT * FROM `edu_video` WHERE ( status=2 ) ORDER BY addtime desc LIMIT 16   [ RunTime:0.000351s ]
SQL: SHOW COLUMNS FROM `edu_cat` [ RunTime:0.031189s ]
SQL: SELECT * FROM `edu_cat` WHERE ( pid=0 ) LIMIT 6   [ RunTime:0.000360s ]
NOTIC: [2048] Declaration of CatAction::show() should be compatible with Action::show($content, $charset = '', $contentType = '', $prefix = '') D:\wamp\www\edu\Home\Lib\Action\CatAction.class.php 第 87 行.
NOTIC: [8] Undefined index: id D:\wamp\www\edu\Home\Lib\Action\CatAction.class.php 第 35 行.
SQL: SELECT `id`,`name`,`path` FROM `edu_cat` ORDER BY concat(path,id)  [ RunTime:0.000478s ]
NOTIC: [8] Undefined index: user D:\wamp\www\edu\Home\Lib\Action\VideoAction.class.php 第 91 行.
NOTIC: [8] Undefined index: r D:\wamp\www\edu\Home\Lib\Action\VideoAction.class.php 第 96 行.
NOTIC: [8] Undefined index: q D:\wamp\www\edu\Home\Lib\Action\VideoAction.class.php 第 97 行.
NOTIC: [8] Undefined index: pid D:\wamp\www\edu\Home\Lib\Action\VideoAction.class.php 第 101 行.
NOTIC: [8] Undefined index: q D:\wamp\www\edu\Home\Lib\Action\VideoAction.class.php 第 101 行.
INFO: [ view_parse ] --START--
NOTIC: [8] Undefined index: user D:\wamp\www\edu\Home\Runtime\Cache\59d203b819ba70cf17f46031d2daefdeaa5fc4f8.file.head.html.php 第 43 行.
NOTIC: [8] Undefined index: user D:\wamp\www\edu\Home\Runtime\Cache\59d203b819ba70cf17f46031d2daefdeaa5fc4f8.file.head.html.php 第 59 行.
NOTIC: [8] Undefined index: user D:\wamp\www\edu\Home\Runtime\Cache\96b766e3a87dae98668b126087e13293c9a0b610.file.index.html.php 第 282 行.
NOTIC: [8] Undefined index: user D:\wamp\www\edu\Home\Runtime\Cache\96b766e3a87dae98668b126087e13293c9a0b610.file.index.html.php 第 292 行.
NOTIC: [8] Undefined index: user D:\wamp\www\edu\Home\Runtime\Cache\96b766e3a87dae98668b126087e13293c9a0b610.file.index.html.php 第 299 行.
NOTIC: [8] Undefined index: title D:\wamp\www\edu\Home\Runtime\Cache\96b766e3a87dae98668b126087e13293c9a0b610.file.index.html.php 第 322 行.
NOTIC: [8] Trying to get property of non-object D:\wamp\www\edu\Home\Runtime\Cache\96b766e3a87dae98668b126087e13293c9a0b610.file.index.html.php 第 322 行.
INFO: ParseTemplate Behavior ::run [ RunTime:0.061725s ]
INFO: [ view_parse ] --END-- [ RunTime:0.062025s ]
INFO: [ view_filter ] --START--
INFO: ContentReplace Behavior ::run [ RunTime:0.001159s ]
INFO: TokenBuild Behavior ::run [ RunTime:0.000900s ]
INFO: WriteHtmlCache Behavior ::run [ RunTime:0.000702s ]
INFO: ShowRuntime Behavior ::run [ RunTime:0.001024s ]
INFO: [ view_filter ] --END-- [ RunTime:0.004203s ]
INFO: [ view_end ] --START--
INFO: ShowPageTrace Behavior ::run [ RunTime:0.001040s ]
INFO: [ view_end ] --END-- [ RunTime:0.001167s ]

[ 2016-11-08T15:45:25+08:00 ] 0.0.0.0 /edu/index.php/Note/index
INFO: [ route_check ] --START--
INFO: CheckRoute Behavior ::run [ RunTime:0.011884s ]
INFO: [ route_check ] --END-- [ RunTime:0.012045s ]
INFO: [ app_begin ] --START--
INFO: ReadHtmlCache Behavior ::run [ RunTime:0.015455s ]
INFO: [ app_begin ] --END-- [ RunTime:0.015607s ]
SQL: SHOW COLUMNS FROM `edu_note` [ RunTime:0.007059s ]
ERR: 1146:Table 'edu002.edu_note' doesn't exist
 [ SQL语句 ] : SHOW COLUMNS FROM `edu_note`
NOTIC: [8] Undefined variable: where D:\wamp\www\edu\Home\Lib\Action\NoteAction.class.php 第 48 行.
SQL: SELECT COUNT(*) AS tp_count FROM `edu_note` LIMIT 1   [ RunTime:0.000495s ]
ERR: 1146:Table 'edu002.edu_note' doesn't exist
 [ SQL语句 ] : SELECT COUNT(*) AS tp_count FROM `edu_note` LIMIT 1  
NOTIC: [8] Undefined variable: where D:\wamp\www\edu\Home\Lib\Action\NoteAction.class.php 第 52 行.
SQL: SELECT * FROM `edu_note` ORDER BY addtime desc LIMIT 0,5   [ RunTime:0.000465s ]
ERR: 1146:Table 'edu002.edu_note' doesn't exist
 [ SQL语句 ] : SELECT * FROM `edu_note` ORDER BY addtime desc LIMIT 0,5  
NOTIC: [2] Invalid argument supplied for foreach() D:\wamp\www\edu\Home\Lib\Action\NoteAction.class.php 第 54 行.
NOTIC: [8] Undefined index: user D:\wamp\www\edu\Home\Lib\Action\NoteAction.class.php 第 71 行.
SQL: SELECT * FROM `edu_note` ORDER BY addtime desc LIMIT 16   [ RunTime:0.000966s ]
ERR: 1146:Table 'edu002.edu_note' doesn't exist
 [ SQL语句 ] : SELECT * FROM `edu_note` ORDER BY addtime desc LIMIT 16  
INFO: [ view_parse ] --START--
NOTIC: [8] Undefined index: user D:\wamp\www\edu\Home\Runtime\Cache\59d203b819ba70cf17f46031d2daefdeaa5fc4f8.file.head.html.php 第 43 行.
NOTIC: [8] Undefined index: user D:\wamp\www\edu\Home\Runtime\Cache\59d203b819ba70cf17f46031d2daefdeaa5fc4f8.file.head.html.php 第 59 行.
NOTIC: [8] Undefined index: user D:\wamp\www\edu\Home\Runtime\Cache\f877718030ef7fc1581c208d48fd8c0f9d22c284.file.index.html.php 第 91 行.
NOTIC: [8] Undefined index: user D:\wamp\www\edu\Home\Runtime\Cache\f877718030ef7fc1581c208d48fd8c0f9d22c284.file.index.html.php 第 97 行.
NOTIC: [8] Undefined index: title D:\wamp\www\edu\Home\Runtime\Cache\f877718030ef7fc1581c208d48fd8c0f9d22c284.file.index.html.php 第 123 行.
NOTIC: [8] Trying to get property of non-object D:\wamp\www\edu\Home\Runtime\Cache\f877718030ef7fc1581c208d48fd8c0f9d22c284.file.index.html.php 第 123 行.
INFO: ParseTemplate Behavior ::run [ RunTime:0.087405s ]
INFO: [ view_parse ] --END-- [ RunTime:0.087549s ]
INFO: [ view_filter ] --START--
INFO: ContentReplace Behavior ::run [ RunTime:0.000865s ]
INFO: TokenBuild Behavior ::run [ RunTime:0.000785s ]
INFO: WriteHtmlCache Behavior ::run [ RunTime:0.000627s ]
INFO: ShowRuntime Behavior ::run [ RunTime:0.000914s ]
INFO: [ view_filter ] --END-- [ RunTime:0.003552s ]
INFO: [ view_end ] --START--
INFO: ShowPageTrace Behavior ::run [ RunTime:0.000987s ]
INFO: [ view_end ] --END-- [ RunTime:0.001133s ]

[ 2016-11-08T15:45:51+08:00 ] 0.0.0.0 /edu/index.php/Message/index
INFO: [ route_check ] --START--
INFO: CheckRoute Behavior ::run [ RunTime:0.011865s ]
INFO: [ route_check ] --END-- [ RunTime:0.012043s ]
INFO: [ app_begin ] --START--
INFO: ReadHtmlCache Behavior ::run [ RunTime:0.015808s ]
INFO: [ app_begin ] --END-- [ RunTime:0.015963s ]
NOTIC: [2048] Declaration of MessageAction::show() should be compatible with Action::show($content, $charset = '', $contentType = '', $prefix = '') D:\wamp\www\edu\Home\Lib\Action\MessageAction.class.php 第 1136 行.
SQL: SHOW COLUMNS FROM `bbs_message` [ RunTime:0.005577s ]
SQL: SELECT COUNT(*) AS tp_count FROM `bbs_message` WHERE ( `status` = '1' ) LIMIT 1   [ RunTime:0.000411s ]
SQL: SELECT * FROM `bbs_message` WHERE ( isbest=1 ) ORDER BY addtime desc LIMIT 5   [ RunTime:0.000289s ]
NOTIC: [2] Invalid argument supplied for foreach() D:\wamp\www\edu\Home\Lib\Action\MessageAction.class.php 第 12 行.
SQL: SELECT * FROM `bbs_message` WHERE ( `status` = '1' ) ORDER BY addtime desc LIMIT 0,10   [ RunTime:0.000326s ]
SQL: SHOW COLUMNS FROM `edu_users` [ RunTime:0.006951s ]
SQL: SELECT `username`,`name` FROM `edu_users` WHERE ( id=55 ) LIMIT 1   [ RunTime:0.000332s ]
SQL: SHOW COLUMNS FROM `bbs_comm` [ RunTime:0.005287s ]
SQL: SELECT COUNT(mid) AS tp_count FROM `bbs_comm` WHERE ( mid=39 and pid='0' ) LIMIT 1   [ RunTime:0.000305s ]
NOTIC: [8] Undefined index: user D:\wamp\www\edu\Home\Lib\Action\MessageAction.class.php 第 55 行.
SQL: SHOW COLUMNS FROM `bbs_question` [ RunTime:0.006567s ]
SQL: select uid,count('uid') num from bbs_comm where addtime>'1478331950' group by uid order by num desc [ RunTime:0.000301s ]
SQL: select uid,count('uid') num from bbs_message where addtime>'1478331950' group by uid order by num desc [ RunTime:0.000270s ]
SQL: select uid,count('uid') num from bbs_question where addtime>'1478331950' group by uid order by num desc [ RunTime:0.000244s ]
NOTIC: [2] arsort() expects parameter 1 to be array, null given D:\wamp\www\edu\Home\Lib\Action\MessageAction.class.php 第 1113 行.
NOTIC: [2] Invalid argument supplied for foreach() D:\wamp\www\edu\Home\Lib\Action\MessageAction.class.php 第 1116 行.
NOTIC: [8] Undefined variable: ll D:\wamp\www\edu\Home\Lib\Action\MessageAction.class.php 第 1123 行.
SQL: SHOW COLUMNS FROM `edu_cat` [ RunTime:0.005552s ]
SQL: SELECT `id`,`name` FROM `edu_cat` WHERE ( pid!=0 )  [ RunTime:0.000437s ]
NOTIC: [8] Undefined offset: 4 D:\wamp\www\edu\Home\Lib\Action\MessageAction.class.php 第 1132 行.
NOTIC: [8] Undefined offset: 5 D:\wamp\www\edu\Home\Lib\Action\MessageAction.class.php 第 1132 行.
INFO: [ view_parse ] --START--
NOTIC: [8] Undefined index: user D:\wamp\www\edu\Home\Runtime\Cache\59d203b819ba70cf17f46031d2daefdeaa5fc4f8.file.head.html.php 第 43 行.
NOTIC: [8] Undefined index: user D:\wamp\www\edu\Home\Runtime\Cache\59d203b819ba70cf17f46031d2daefdeaa5fc4f8.file.head.html.php 第 59 行.
INFO: ParseTemplate Behavior ::run [ RunTime:0.168623s ]
INFO: [ view_parse ] --END-- [ RunTime:0.168794s ]
INFO: [ view_filter ] --START--
INFO: ContentReplace Behavior ::run [ RunTime:0.005591s ]
INFO: TokenBuild Behavior ::run [ RunTime:0.002817s ]
INFO: WriteHtmlCache Behavior ::run [ RunTime:0.006166s ]
INFO: ShowRuntime Behavior ::run [ RunTime:0.004741s ]
INFO: [ view_filter ] --END-- [ RunTime:0.019741s ]
INFO: [ view_end ] --START--
INFO: ShowPageTrace Behavior ::run [ RunTime:0.008083s ]
INFO: [ view_end ] --END-- [ RunTime:0.008288s ]

[ 2016-11-08T15:45:52+08:00 ] 0.0.0.0 /edu/index.php/Library/index
INFO: [ route_check ] --START--
INFO: CheckRoute Behavior ::run [ RunTime:0.001143s ]
INFO: [ route_check ] --END-- [ RunTime:0.001334s ]
INFO: [ app_begin ] --START--
INFO: ReadHtmlCache Behavior ::run [ RunTime:0.000906s ]
INFO: [ app_begin ] --END-- [ RunTime:0.001040s ]
SQL: SHOW COLUMNS FROM `edu_library` [ RunTime:0.006489s ]
NOTIC: [8] Undefined index: q D:\wamp\www\edu\Home\Lib\Action\LibraryAction.class.php 第 60 行.
SQL: SELECT COUNT(*) AS tp_count FROM `edu_library` WHERE ( `status` = '2' ) AND ( `title` LIKE '%%' ) LIMIT 1   [ RunTime:0.000410s ]
SQL: SELECT * FROM `edu_library` WHERE ( `status` = '2' ) AND ( `title` LIKE '%%' ) ORDER BY clicknum desc LIMIT 0,5   [ RunTime:0.000376s ]
NOTIC: [8] Undefined index: _type D:\wamp\www\edu\ThinkPHP\Lib\Core\Model.class.php 第 583 行.
SQL: SELECT `username`,`picture` FROM `edu_users` WHERE ( `id` = '55' ) LIMIT 1   [ RunTime:0.000316s ]
NOTIC: [2048] Only variables should be passed by reference D:\wamp\www\edu\Home\Lib\Action\LibraryAction.class.php 第 76 行.
SQL: SELECT * FROM `edu_library` WHERE ( status=2 ) ORDER BY addtime desc LIMIT 16   [ RunTime:0.000359s ]
SQL: SHOW COLUMNS FROM `edu_cat` [ RunTime:0.005741s ]
SQL: SELECT * FROM `edu_cat` WHERE ( pid=0 ) LIMIT 6   [ RunTime:0.000380s ]
NOTIC: [8] Undefined index: user D:\wamp\www\edu\Home\Lib\Action\LibraryAction.class.php 第 96 行.
NOTIC: [8] Undefined index: r D:\wamp\www\edu\Home\Lib\Action\LibraryAction.class.php 第 101 行.
NOTIC: [8] Undefined index: q D:\wamp\www\edu\Home\Lib\Action\LibraryAction.class.php 第 102 行.
NOTIC: [8] Undefined index: pid D:\wamp\www\edu\Home\Lib\Action\LibraryAction.class.php 第 106 行.
NOTIC: [8] Undefined index: q D:\wamp\www\edu\Home\Lib\Action\LibraryAction.class.php 第 106 行.
INFO: [ view_parse ] --START--
NOTIC: [8] Undefined index: user D:\wamp\www\edu\Home\Runtime\Cache\59d203b819ba70cf17f46031d2daefdeaa5fc4f8.file.head.html.php 第 43 行.
NOTIC: [8] Undefined index: user D:\wamp\www\edu\Home\Runtime\Cache\59d203b819ba70cf17f46031d2daefdeaa5fc4f8.file.head.html.php 第 59 行.
NOTIC: [8] Undefined index: user D:\wamp\www\edu\Home\Runtime\Cache\1047c039db239818cd39e9b24ff213b65eb3cdba.file.index.html.php 第 87 行.
NOTIC: [8] Undefined index: user D:\wamp\www\edu\Home\Runtime\Cache\1047c039db239818cd39e9b24ff213b65eb3cdba.file.index.html.php 第 98 行.
NOTIC: [8] Undefined index: user D:\wamp\www\edu\Home\Runtime\Cache\1047c039db239818cd39e9b24ff213b65eb3cdba.file.index.html.php 第 106 行.
NOTIC: [8] Undefined index: title D:\wamp\www\edu\Home\Runtime\Cache\1047c039db239818cd39e9b24ff213b65eb3cdba.file.index.html.php 第 130 行.
NOTIC: [8] Trying to get property of non-object D:\wamp\www\edu\Home\Runtime\Cache\1047c039db239818cd39e9b24ff213b65eb3cdba.file.index.html.php 第 130 行.
INFO: ParseTemplate Behavior ::run [ RunTime:0.020970s ]
INFO: [ view_parse ] --END-- [ RunTime:0.021124s ]
INFO: [ view_filter ] --START--
INFO: ContentReplace Behavior ::run [ RunTime:0.001071s ]
INFO: TokenBuild Behavior ::run [ RunTime:0.001036s ]
INFO: WriteHtmlCache Behavior ::run [ RunTime:0.000827s ]
INFO: ShowRuntime Behavior ::run [ RunTime:0.001091s ]
INFO: [ view_filter ] --END-- [ RunTime:0.004398s ]
INFO: [ view_end ] --START--
INFO: ShowPageTrace Behavior ::run [ RunTime:0.001185s ]
INFO: [ view_end ] --END-- [ RunTime:0.001355s ]

[ 2016-11-08T15:45:53+08:00 ] 0.0.0.0 /edu/index.php/Note/index
INFO: [ route_check ] --START--
INFO: CheckRoute Behavior ::run [ RunTime:0.001067s ]
INFO: [ route_check ] --END-- [ RunTime:0.001222s ]
INFO: [ app_begin ] --START--
INFO: ReadHtmlCache Behavior ::run [ RunTime:0.000932s ]
INFO: [ app_begin ] --END-- [ RunTime:0.001067s ]
SQL: SHOW COLUMNS FROM `edu_note` [ RunTime:0.004565s ]
ERR: 1146:Table 'edu002.edu_note' doesn't exist
 [ SQL语句 ] : SHOW COLUMNS FROM `edu_note`
NOTIC: [8] Undefined variable: where D:\wamp\www\edu\Home\Lib\Action\NoteAction.class.php 第 48 行.
SQL: SELECT COUNT(*) AS tp_count FROM `edu_note` LIMIT 1   [ RunTime:0.000432s ]
ERR: 1146:Table 'edu002.edu_note' doesn't exist
 [ SQL语句 ] : SELECT COUNT(*) AS tp_count FROM `edu_note` LIMIT 1  
NOTIC: [8] Undefined variable: where D:\wamp\www\edu\Home\Lib\Action\NoteAction.class.php 第 52 行.
SQL: SELECT * FROM `edu_note` ORDER BY addtime desc LIMIT 0,5   [ RunTime:0.000324s ]
ERR: 1146:Table 'edu002.edu_note' doesn't exist
 [ SQL语句 ] : SELECT * FROM `edu_note` ORDER BY addtime desc LIMIT 0,5  
NOTIC: [2] Invalid argument supplied for foreach() D:\wamp\www\edu\Home\Lib\Action\NoteAction.class.php 第 54 行.
NOTIC: [8] Undefined index: user D:\wamp\www\edu\Home\Lib\Action\NoteAction.class.php 第 71 行.
SQL: SELECT * FROM `edu_note` ORDER BY addtime desc LIMIT 16   [ RunTime:0.000323s ]
ERR: 1146:Table 'edu002.edu_note' doesn't exist
 [ SQL语句 ] : SELECT * FROM `edu_note` ORDER BY addtime desc LIMIT 16  
INFO: [ view_parse ] --START--
NOTIC: [8] Undefined index: user D:\wamp\www\edu\Home\Runtime\Cache\59d203b819ba70cf17f46031d2daefdeaa5fc4f8.file.head.html.php 第 43 行.
NOTIC: [8] Undefined index: user D:\wamp\www\edu\Home\Runtime\Cache\59d203b819ba70cf17f46031d2daefdeaa5fc4f8.file.head.html.php 第 59 行.
NOTIC: [8] Undefined index: user D:\wamp\www\edu\Home\Runtime\Cache\f877718030ef7fc1581c208d48fd8c0f9d22c284.file.index.html.php 第 91 行.
NOTIC: [8] Undefined index: user D:\wamp\www\edu\Home\Runtime\Cache\f877718030ef7fc1581c208d48fd8c0f9d22c284.file.index.html.php 第 97 行.
NOTIC: [8] Undefined index: title D:\wamp\www\edu\Home\Runtime\Cache\f877718030ef7fc1581c208d48fd8c0f9d22c284.file.index.html.php 第 123 行.
NOTIC: [8] Trying to get property of non-object D:\wamp\www\edu\Home\Runtime\Cache\f877718030ef7fc1581c208d48fd8c0f9d22c284.file.index.html.php 第 123 行.
INFO: ParseTemplate Behavior ::run [ RunTime:0.107616s ]
INFO: [ view_parse ] --END-- [ RunTime:0.107772s ]
INFO: [ view_filter ] --START--
INFO: ContentReplace Behavior ::run [ RunTime:0.005498s ]
INFO: TokenBuild Behavior ::run [ RunTime:0.002975s ]
INFO: WriteHtmlCache Behavior ::run [ RunTime:0.006264s ]
INFO: ShowRuntime Behavior ::run [ RunTime:0.004410s ]
INFO: [ view_filter ] --END-- [ RunTime:0.019598s ]
INFO: [ view_end ] --START--
INFO: ShowPageTrace Behavior ::run [ RunTime:0.007923s ]
INFO: [ view_end ] --END-- [ RunTime:0.008064s ]

[ 2016-11-08T15:45:54+08:00 ] 0.0.0.0 /edu/index.php/Video/index
INFO: [ route_check ] --START--
INFO: CheckRoute Behavior ::run [ RunTime:0.001116s ]
INFO: [ route_check ] --END-- [ RunTime:0.001306s ]
INFO: [ app_begin ] --START--
INFO: ReadHtmlCache Behavior ::run [ RunTime:0.000908s ]
INFO: [ app_begin ] --END-- [ RunTime:0.001048s ]
SQL: SHOW COLUMNS FROM `edu_video` [ RunTime:0.005367s ]
NOTIC: [8] Undefined index: uid D:\wamp\www\edu\Home\Lib\Action\VideoAction.class.php 第 41 行.
SQL: SELECT COUNT(*) AS tp_count FROM `edu_video` WHERE ( `status` = '2' ) LIMIT 1   [ RunTime:0.000358s ]
SQL: SELECT * FROM `edu_video` WHERE ( `status` = '2' ) ORDER BY clicknum desc LIMIT 0,9   [ RunTime:0.000392s ]
SQL: SELECT * FROM `edu_video` WHERE ( status=2 ) ORDER BY addtime desc LIMIT 16   [ RunTime:0.000352s ]
SQL: SHOW COLUMNS FROM `edu_cat` [ RunTime:0.005788s ]
SQL: SELECT * FROM `edu_cat` WHERE ( pid=0 ) LIMIT 6   [ RunTime:0.000350s ]
NOTIC: [2048] Declaration of CatAction::show() should be compatible with Action::show($content, $charset = '', $contentType = '', $prefix = '') D:\wamp\www\edu\Home\Lib\Action\CatAction.class.php 第 87 行.
NOTIC: [8] Undefined index: id D:\wamp\www\edu\Home\Lib\Action\CatAction.class.php 第 35 行.
SQL: SELECT `id`,`name`,`path` FROM `edu_cat` ORDER BY concat(path,id)  [ RunTime:0.000447s ]
NOTIC: [8] Undefined index: user D:\wamp\www\edu\Home\Lib\Action\VideoAction.class.php 第 91 行.
NOTIC: [8] Undefined index: r D:\wamp\www\edu\Home\Lib\Action\VideoAction.class.php 第 96 行.
NOTIC: [8] Undefined index: q D:\wamp\www\edu\Home\Lib\Action\VideoAction.class.php 第 97 行.
NOTIC: [8] Undefined index: pid D:\wamp\www\edu\Home\Lib\Action\VideoAction.class.php 第 101 行.
NOTIC: [8] Undefined index: q D:\wamp\www\edu\Home\Lib\Action\VideoAction.class.php 第 101 行.
INFO: [ view_parse ] --START--
NOTIC: [8] Undefined index: user D:\wamp\www\edu\Home\Runtime\Cache\59d203b819ba70cf17f46031d2daefdeaa5fc4f8.file.head.html.php 第 43 行.
NOTIC: [8] Undefined index: user D:\wamp\www\edu\Home\Runtime\Cache\59d203b819ba70cf17f46031d2daefdeaa5fc4f8.file.head.html.php 第 59 行.
NOTIC: [8] Undefined index: user D:\wamp\www\edu\Home\Runtime\Cache\96b766e3a87dae98668b126087e13293c9a0b610.file.index.html.php 第 282 行.
NOTIC: [8] Undefined index: user D:\wamp\www\edu\Home\Runtime\Cache\96b766e3a87dae98668b126087e13293c9a0b610.file.index.html.php 第 292 行.
NOTIC: [8] Undefined index: user D:\wamp\www\edu\Home\Runtime\Cache\96b766e3a87dae98668b126087e13293c9a0b610.file.index.html.php 第 299 行.
NOTIC: [8] Undefined index: title D:\wamp\www\edu\Home\Runtime\Cache\96b766e3a87dae98668b126087e13293c9a0b610.file.index.html.php 第 322 行.
NOTIC: [8] Trying to get property of non-object D:\wamp\www\edu\Home\Runtime\Cache\96b766e3a87dae98668b126087e13293c9a0b610.file.index.html.php 第 322 行.
INFO: ParseTemplate Behavior ::run [ RunTime:0.040133s ]
INFO: [ view_parse ] --END-- [ RunTime:0.040280s ]
INFO: [ view_filter ] --START--
INFO: ContentReplace Behavior ::run [ RunTime:0.000989s ]
INFO: TokenBuild Behavior ::run [ RunTime:0.000926s ]
INFO: WriteHtmlCache Behavior ::run [ RunTime:0.000910s ]
INFO: ShowRuntime Behavior ::run [ RunTime:0.000904s ]
INFO: [ view_filter ] --END-- [ RunTime:0.004162s ]
INFO: [ view_end ] --START--
INFO: ShowPageTrace Behavior ::run [ RunTime:0.000838s ]
INFO: [ view_end ] --END-- [ RunTime:0.000967s ]

[ 2016-11-08T15:45:58+08:00 ] 0.0.0.0 /edu/index.php/Video/index
INFO: [ route_check ] --START--
INFO: CheckRoute Behavior ::run [ RunTime:0.002135s ]
INFO: [ route_check ] --END-- [ RunTime:0.002400s ]
INFO: [ app_begin ] --START--
INFO: ReadHtmlCache Behavior ::run [ RunTime:0.001993s ]
INFO: [ app_begin ] --END-- [ RunTime:0.002302s ]
SQL: SHOW COLUMNS FROM `edu_video` [ RunTime:0.005680s ]
NOTIC: [8] Undefined index: uid D:\wamp\www\edu\Home\Lib\Action\VideoAction.class.php 第 41 行.
SQL: SELECT COUNT(*) AS tp_count FROM `edu_video` WHERE ( `status` = '2' ) LIMIT 1   [ RunTime:0.000601s ]
SQL: SELECT * FROM `edu_video` WHERE ( `status` = '2' ) ORDER BY clicknum desc LIMIT 0,9   [ RunTime:0.000527s ]
SQL: SELECT * FROM `edu_video` WHERE ( status=2 ) ORDER BY addtime desc LIMIT 16   [ RunTime:0.000976s ]
SQL: SHOW COLUMNS FROM `edu_cat` [ RunTime:0.007431s ]
SQL: SELECT * FROM `edu_cat` WHERE ( pid=0 ) LIMIT 6   [ RunTime:0.000348s ]
NOTIC: [2048] Declaration of CatAction::show() should be compatible with Action::show($content, $charset = '', $contentType = '', $prefix = '') D:\wamp\www\edu\Home\Lib\Action\CatAction.class.php 第 87 行.
NOTIC: [8] Undefined index: id D:\wamp\www\edu\Home\Lib\Action\CatAction.class.php 第 35 行.
SQL: SELECT `id`,`name`,`path` FROM `edu_cat` ORDER BY concat(path,id)  [ RunTime:0.000353s ]
NOTIC: [8] Undefined index: user D:\wamp\www\edu\Home\Lib\Action\VideoAction.class.php 第 91 行.
NOTIC: [8] Undefined index: r D:\wamp\www\edu\Home\Lib\Action\VideoAction.class.php 第 96 行.
NOTIC: [8] Undefined index: q D:\wamp\www\edu\Home\Lib\Action\VideoAction.class.php 第 97 行.
NOTIC: [8] Undefined index: pid D:\wamp\www\edu\Home\Lib\Action\VideoAction.class.php 第 101 行.
NOTIC: [8] Undefined index: q D:\wamp\www\edu\Home\Lib\Action\VideoAction.class.php 第 101 行.
INFO: [ view_parse ] --START--
NOTIC: [8] Undefined index: user D:\wamp\www\edu\Home\Runtime\Cache\59d203b819ba70cf17f46031d2daefdeaa5fc4f8.file.head.html.php 第 43 行.
NOTIC: [8] Undefined index: user D:\wamp\www\edu\Home\Runtime\Cache\59d203b819ba70cf17f46031d2daefdeaa5fc4f8.file.head.html.php 第 59 行.
NOTIC: [8] Undefined index: user D:\wamp\www\edu\Home\Runtime\Cache\96b766e3a87dae98668b126087e13293c9a0b610.file.index.html.php 第 282 行.
NOTIC: [8] Undefined index: user D:\wamp\www\edu\Home\Runtime\Cache\96b766e3a87dae98668b126087e13293c9a0b610.file.index.html.php 第 292 行.
NOTIC: [8] Undefined index: user D:\wamp\www\edu\Home\Runtime\Cache\96b766e3a87dae98668b126087e13293c9a0b610.file.index.html.php 第 299 行.
NOTIC: [8] Undefined index: title D:\wamp\www\edu\Home\Runtime\Cache\96b766e3a87dae98668b126087e13293c9a0b610.file.index.html.php 第 322 行.
NOTIC: [8] Trying to get property of non-object D:\wamp\www\edu\Home\Runtime\Cache\96b766e3a87dae98668b126087e13293c9a0b610.file.index.html.php 第 322 行.
INFO: ParseTemplate Behavior ::run [ RunTime:0.028577s ]
INFO: [ view_parse ] --END-- [ RunTime:0.028776s ]
INFO: [ view_filter ] --START--
INFO: ContentReplace Behavior ::run [ RunTime:0.001056s ]
INFO: TokenBuild Behavior ::run [ RunTime:0.000866s ]
INFO: WriteHtmlCache Behavior ::run [ RunTime:0.000715s ]
INFO: ShowRuntime Behavior ::run [ RunTime:0.001031s ]
INFO: [ view_filter ] --END-- [ RunTime:0.004098s ]
INFO: [ view_end ] --START--
INFO: ShowPageTrace Behavior ::run [ RunTime:0.002436s ]
INFO: [ view_end ] --END-- [ RunTime:0.003085s ]

[ 2016-11-08T15:45:59+08:00 ] 0.0.0.0 /edu/index.php/Index/index
INFO: [ route_check ] --START--
INFO: CheckRoute Behavior ::run [ RunTime:0.001049s ]
INFO: [ route_check ] --END-- [ RunTime:0.001208s ]
INFO: [ app_begin ] --START--
INFO: ReadHtmlCache Behavior ::run [ RunTime:0.000870s ]
INFO: [ app_begin ] --END-- [ RunTime:0.001004s ]
SQL: SHOW COLUMNS FROM `edu_clicknum` [ RunTime:0.004989s ]
SQL: SELECT * FROM `edu_clicknum` WHERE ( `id` = 1 ) LIMIT 1   [ RunTime:0.000303s ]
NOTIC: [8] Undefined index: clicknum D:\wamp\www\edu\Home\Lib\Action\IndexAction.class.php 第 9 行.
SQL: SHOW COLUMNS FROM `edu_notice` [ RunTime:0.006228s ]
SQL: SELECT * FROM `edu_notice` ORDER BY addtime desc LIMIT 6   [ RunTime:0.000317s ]
SQL: SHOW COLUMNS FROM `edu_library` [ RunTime:0.005246s ]
SQL: SELECT * FROM `edu_library` ORDER BY addtime desc LIMIT 3   [ RunTime:0.000382s ]
NOTIC: [8] Undefined index: _type D:\wamp\www\edu\ThinkPHP\Lib\Core\Model.class.php 第 583 行.
SQL: SELECT `username` FROM `edu_users` WHERE ( `id` = '55' ) LIMIT 1   [ RunTime:0.000634s ]
NOTIC: [8] Undefined index: _type D:\wamp\www\edu\ThinkPHP\Lib\Core\Model.class.php 第 583 行.
SQL: SELECT `username` FROM `edu_users` WHERE ( `id` = '55' ) LIMIT 1   [ RunTime:0.000748s ]
SQL: SELECT * FROM `edu_library` ORDER BY dwloadnum desc LIMIT 10   [ RunTime:0.000414s ]
NOTIC: [8] Undefined index: _type D:\wamp\www\edu\ThinkPHP\Lib\Core\Model.class.php 第 583 行.
SQL: SELECT `username` FROM `edu_users` WHERE ( `id` = '55' ) LIMIT 1   [ RunTime:0.000268s ]
NOTIC: [8] Undefined index: _type D:\wamp\www\edu\ThinkPHP\Lib\Core\Model.class.php 第 583 行.
SQL: SELECT `username` FROM `edu_users` WHERE ( `id` = '55' ) LIMIT 1   [ RunTime:0.000260s ]
SQL: select uid,count(*) num from edu_library group by uid order by num desc limit 8 [ RunTime:0.000435s ]
SQL: SHOW COLUMNS FROM `edu_users` [ RunTime:0.005326s ]
SQL: SELECT `username`,`picture` FROM `edu_users` WHERE ( `id` = 55 ) LIMIT 1   [ RunTime:0.000324s ]
SQL: SHOW COLUMNS FROM `edu_friend` [ RunTime:0.005062s ]
SQL: SELECT COUNT(*) AS tp_count FROM `edu_friend` WHERE ( uid=55 ) LIMIT 1   [ RunTime:0.000283s ]
SQL: SHOW COLUMNS FROM `edu_video` [ RunTime:0.005332s ]
SQL: SELECT * FROM `edu_video` ORDER BY addtime desc LIMIT 3   [ RunTime:0.000421s ]
SQL: SELECT * FROM `edu_video` WHERE ( status=2 ) ORDER BY favonum desc LIMIT 8   [ RunTime:0.000360s ]
SQL: SELECT * FROM `edu_video` WHERE ( status=2 ) ORDER BY clicknum desc LIMIT 10   [ RunTime:0.000353s ]
SQL: SHOW COLUMNS FROM `edu_cat` [ RunTime:0.005516s ]
SQL: SELECT `id`,`name` FROM `edu_cat` WHERE ( pid=0 ) LIMIT 6   [ RunTime:0.000403s ]
SQL: SELECT * FROM `edu_video` WHERE ( status=2 ) ORDER BY addtime desc LIMIT 5   [ RunTime:0.000815s ]
SQL: select nid,count(*) num from edu_zan where nid<>0 group by nid order by num desc limit 3 [ RunTime:0.000313s ]
SQL: select uid,count(*) num from edu_note group by uid order by num desc limit 8 [ RunTime:0.000373s ]
ERR: 1146:Table 'edu002.edu_note' doesn't exist
 [ SQL语句 ] : select uid,count(*) num from edu_note group by uid order by num desc limit 8
NOTIC: [2] Invalid argument supplied for foreach() D:\wamp\www\edu\Home\Lib\Action\IndexAction.class.php 第 79 行.
SQL: SHOW COLUMNS FROM `edu_cat` [ RunTime:0.005402s ]
SQL: SELECT `id`,`name` FROM `edu_cat` WHERE ( pid!=0 )  [ RunTime:0.000339s ]
NOTIC: [8] Undefined offset: 4 D:\wamp\www\edu\Home\Lib\Action\IndexAction.class.php 第 92 行.
NOTIC: [8] Undefined offset: 5 D:\wamp\www\edu\Home\Lib\Action\IndexAction.class.php 第 92 行.
SQL: SHOW COLUMNS FROM `bbs_message` [ RunTime:0.005401s ]
SQL: SELECT `id`,`title` FROM `bbs_message` WHERE ( (`keyword` LIKE '31') OR (`keyword` LIKE '%,31') OR (`keyword` LIKE '31,%') OR (`keyword` LIKE '%,31,%') ) AND ( `status` = '1' ) ORDER BY addtime desc LIMIT 3   [ RunTime:0.000381s ]
SQL: SELECT COUNT(*) AS tp_count FROM `bbs_message` WHERE ( (`keyword` LIKE '31') OR (`keyword` LIKE '%,31') OR (`keyword` LIKE '31,%') OR (`keyword` LIKE '%,31,%') ) AND ( `status` = '1' ) LIMIT 1   [ RunTime:0.000294s ]
SQL: SELECT `id`,`title` FROM `bbs_message` WHERE ( (`keyword` LIKE '32') OR (`keyword` LIKE '%,32') OR (`keyword` LIKE '32,%') OR (`keyword` LIKE '%,32,%') ) AND ( `status` = '1' ) ORDER BY addtime desc LIMIT 3   [ RunTime:0.000287s ]
SQL: SELECT COUNT(*) AS tp_count FROM `bbs_message` WHERE ( (`keyword` LIKE '32') OR (`keyword` LIKE '%,32') OR (`keyword` LIKE '32,%') OR (`keyword` LIKE '%,32,%') ) AND ( `status` = '1' ) LIMIT 1   [ RunTime:0.000283s ]
SQL: SELECT `id`,`title` FROM `bbs_message` WHERE ( (`keyword` LIKE '33') OR (`keyword` LIKE '%,33') OR (`keyword` LIKE '33,%') OR (`keyword` LIKE '%,33,%') ) AND ( `status` = '1' ) ORDER BY addtime desc LIMIT 3   [ RunTime:0.000283s ]
SQL: SELECT COUNT(*) AS tp_count FROM `bbs_message` WHERE ( (`keyword` LIKE '33') OR (`keyword` LIKE '%,33') OR (`keyword` LIKE '33,%') OR (`keyword` LIKE '%,33,%') ) AND ( `status` = '1' ) LIMIT 1   [ RunTime:0.000272s ]
SQL: SELECT `id`,`title` FROM `bbs_message` WHERE ( (`keyword` LIKE '30') OR (`keyword` LIKE '%,30') OR (`keyword` LIKE '30,%') OR (`keyword` LIKE '%,30,%') ) AND ( `status` = '1' ) ORDER BY addtime desc LIMIT 3   [ RunTime:0.000286s ]
SQL: SELECT COUNT(*) AS tp_count FROM `bbs_message` WHERE ( (`keyword` LIKE '30') OR (`keyword` LIKE '%,30') OR (`keyword` LIKE '30,%') OR (`keyword` LIKE '%,30,%') ) AND ( `status` = '1' ) LIMIT 1   [ RunTime:0.000274s ]
SQL: SELECT `id`,`title` FROM `bbs_message` WHERE ( (`keyword` LIKE '') OR (`keyword` LIKE '%,') OR (`keyword` LIKE ',%') OR (`keyword` LIKE '%,,%') ) AND ( `status` = '1' ) ORDER BY addtime desc LIMIT 3   [ RunTime:0.000286s ]
SQL: SELECT COUNT(*) AS tp_count FROM `bbs_message` WHERE ( (`keyword` LIKE '') OR (`keyword` LIKE '%,') OR (`keyword` LIKE ',%') OR (`keyword` LIKE '%,,%') ) AND ( `status` = '1' ) LIMIT 1   [ RunTime:0.000302s ]
SQL: SELECT `id`,`title` FROM `bbs_message` WHERE ( (`keyword` LIKE '') OR (`keyword` LIKE '%,') OR (`keyword` LIKE ',%') OR (`keyword` LIKE '%,,%') ) AND ( `status` = '1' ) ORDER BY addtime desc LIMIT 3   [ RunTime:0.000294s ]
SQL: SELECT COUNT(*) AS tp_count FROM `bbs_message` WHERE ( (`keyword` LIKE '') OR (`keyword` LIKE '%,') OR (`keyword` LIKE ',%') OR (`keyword` LIKE '%,,%') ) AND ( `status` = '1' ) LIMIT 1   [ RunTime:0.000276s ]
SQL: SHOW COLUMNS FROM `bbs_question` [ RunTime:0.006173s ]
SQL: SELECT `id`,`uid`,`content` FROM `bbs_question` WHERE ( `status` = '1' ) AND ( `isbest` = '1' ) AND ( `replay` <> '' ) ORDER BY addtime desc LIMIT 6   [ RunTime:0.000313s ]
SQL: SHOW COLUMNS FROM `edu_flink` [ RunTime:0.005319s ]
SQL: SELECT * FROM `edu_flink` WHERE ( status=2 )  [ RunTime:0.000352s ]
NOTIC: [8] Undefined index: user D:\wamp\www\edu\Home\Lib\Action\IndexAction.class.php 第 132 行.
INFO: [ view_parse ] --START--
NOTIC: [8] Undefined index: user D:\wamp\www\edu\Home\Runtime\Cache\a0df498f3fa8ed5d3704c11b76d93149f0b249f5.file.index.html.php 第 145 行.
NOTIC: [8] Undefined index: user D:\wamp\www\edu\Home\Runtime\Cache\a0df498f3fa8ed5d3704c11b76d93149f0b249f5.file.index.html.php 第 204 行.
NOTIC: [8] Undefined index: id D:\wamp\www\edu\Home\Runtime\Cache\a0df498f3fa8ed5d3704c11b76d93149f0b249f5.file.index.html.php 第 719 行.
NOTIC: [8] Undefined index: name D:\wamp\www\edu\Home\Runtime\Cache\a0df498f3fa8ed5d3704c11b76d93149f0b249f5.file.index.html.php 第 720 行.
NOTIC: [8] Undefined index: id D:\wamp\www\edu\Home\Runtime\Cache\a0df498f3fa8ed5d3704c11b76d93149f0b249f5.file.index.html.php 第 719 行.
NOTIC: [8] Undefined index: name D:\wamp\www\edu\Home\Runtime\Cache\a0df498f3fa8ed5d3704c11b76d93149f0b249f5.file.index.html.php 第 720 行.
INFO: ParseTemplate Behavior ::run [ RunTime:0.048072s ]
INFO: [ view_parse ] --END-- [ RunTime:0.048211s ]
INFO: [ view_filter ] --START--
INFO: ContentReplace Behavior ::run [ RunTime:0.001256s ]
INFO: TokenBuild Behavior ::run [ RunTime:0.000818s ]
INFO: WriteHtmlCache Behavior ::run [ RunTime:0.000593s ]
INFO: ShowRuntime Behavior ::run [ RunTime:0.000884s ]
INFO: [ view_filter ] --END-- [ RunTime:0.003914s ]
INFO: [ view_end ] --START--
INFO: ShowPageTrace Behavior ::run [ RunTime:0.000834s ]
INFO: [ view_end ] --END-- [ RunTime:0.000963s ]

[ 2016-11-08T20:35:19+08:00 ] 0.0.0.0 /edu/
INFO: [ app_begin ] --START--
INFO: ReadHtmlCache Behavior ::run [ RunTime:0.012335s ]
INFO: [ app_begin ] --END-- [ RunTime:0.012513s ]
SQL: SHOW COLUMNS FROM `edu_clicknum` [ RunTime:0.004261s ]
SQL: SELECT * FROM `edu_clicknum` WHERE ( `id` = 1 ) LIMIT 1   [ RunTime:0.000356s ]
NOTIC: [8] Undefined index: clicknum D:\wamp\www\edu\Home\Lib\Action\IndexAction.class.php 第 9 行.
SQL: SHOW COLUMNS FROM `edu_notice` [ RunTime:0.004703s ]
SQL: SELECT * FROM `edu_notice` ORDER BY addtime desc LIMIT 6   [ RunTime:0.011120s ]
SQL: SHOW COLUMNS FROM `edu_library` [ RunTime:0.004427s ]
SQL: SELECT * FROM `edu_library` ORDER BY addtime desc LIMIT 3   [ RunTime:0.008792s ]
NOTIC: [8] Undefined index: _type D:\wamp\www\edu\ThinkPHP\Lib\Core\Model.class.php 第 583 行.
SQL: SELECT `username` FROM `edu_users` WHERE ( `id` = '55' ) LIMIT 1   [ RunTime:0.008325s ]
NOTIC: [8] Undefined index: _type D:\wamp\www\edu\ThinkPHP\Lib\Core\Model.class.php 第 583 行.
SQL: SELECT `username` FROM `edu_users` WHERE ( `id` = '55' ) LIMIT 1   [ RunTime:0.000359s ]
SQL: SELECT * FROM `edu_library` ORDER BY dwloadnum desc LIMIT 10   [ RunTime:0.000413s ]
NOTIC: [8] Undefined index: _type D:\wamp\www\edu\ThinkPHP\Lib\Core\Model.class.php 第 583 行.
SQL: SELECT `username` FROM `edu_users` WHERE ( `id` = '55' ) LIMIT 1   [ RunTime:0.000272s ]
NOTIC: [8] Undefined index: _type D:\wamp\www\edu\ThinkPHP\Lib\Core\Model.class.php 第 583 行.
SQL: SELECT `username` FROM `edu_users` WHERE ( `id` = '55' ) LIMIT 1   [ RunTime:0.000258s ]
SQL: select uid,count(*) num from edu_library group by uid order by num desc limit 8 [ RunTime:0.000641s ]
SQL: SHOW COLUMNS FROM `edu_users` [ RunTime:0.005561s ]
SQL: SELECT `username`,`picture` FROM `edu_users` WHERE ( `id` = 55 ) LIMIT 1   [ RunTime:0.000319s ]
SQL: SHOW COLUMNS FROM `edu_friend` [ RunTime:0.005517s ]
SQL: SELECT COUNT(*) AS tp_count FROM `edu_friend` WHERE ( uid=55 ) LIMIT 1   [ RunTime:0.000346s ]
SQL: SHOW COLUMNS FROM `edu_video` [ RunTime:0.004585s ]
SQL: SELECT * FROM `edu_video` ORDER BY addtime desc LIMIT 3   [ RunTime:0.000847s ]
SQL: SELECT * FROM `edu_video` WHERE ( status=2 ) ORDER BY favonum desc LIMIT 8   [ RunTime:0.000368s ]
SQL: SELECT * FROM `edu_video` WHERE ( status=2 ) ORDER BY clicknum desc LIMIT 10   [ RunTime:0.000340s ]
SQL: SHOW COLUMNS FROM `edu_cat` [ RunTime:0.004720s ]
SQL: SELECT `id`,`name` FROM `edu_cat` WHERE ( pid=0 ) LIMIT 6   [ RunTime:0.010799s ]
SQL: SELECT * FROM `edu_video` WHERE ( status=2 ) ORDER BY addtime desc LIMIT 5   [ RunTime:0.000424s ]
SQL: select nid,count(*) num from edu_zan where nid<>0 group by nid order by num desc limit 3 [ RunTime:0.000312s ]
SQL: select uid,count(*) num from edu_note group by uid order by num desc limit 8 [ RunTime:0.010414s ]
ERR: 1146:Table 'edu002.edu_note' doesn't exist
 [ SQL语句 ] : select uid,count(*) num from edu_note group by uid order by num desc limit 8
NOTIC: [2] Invalid argument supplied for foreach() D:\wamp\www\edu\Home\Lib\Action\IndexAction.class.php 第 79 行.
SQL: SHOW COLUMNS FROM `edu_cat` [ RunTime:0.004192s ]
SQL: SELECT `id`,`name` FROM `edu_cat` WHERE ( pid!=0 )  [ RunTime:0.000354s ]
NOTIC: [8] Undefined offset: 4 D:\wamp\www\edu\Home\Lib\Action\IndexAction.class.php 第 92 行.
NOTIC: [8] Undefined offset: 5 D:\wamp\www\edu\Home\Lib\Action\IndexAction.class.php 第 92 行.
SQL: SHOW COLUMNS FROM `bbs_message` [ RunTime:0.004409s ]
SQL: SELECT `id`,`title` FROM `bbs_message` WHERE ( (`keyword` LIKE '32') OR (`keyword` LIKE '%,32') OR (`keyword` LIKE '32,%') OR (`keyword` LIKE '%,32,%') ) AND ( `status` = '1' ) ORDER BY addtime desc LIMIT 3   [ RunTime:0.021065s ]
SQL: SELECT COUNT(*) AS tp_count FROM `bbs_message` WHERE ( (`keyword` LIKE '32') OR (`keyword` LIKE '%,32') OR (`keyword` LIKE '32,%') OR (`keyword` LIKE '%,32,%') ) AND ( `status` = '1' ) LIMIT 1   [ RunTime:0.000432s ]
SQL: SELECT `id`,`title` FROM `bbs_message` WHERE ( (`keyword` LIKE '31') OR (`keyword` LIKE '%,31') OR (`keyword` LIKE '31,%') OR (`keyword` LIKE '%,31,%') ) AND ( `status` = '1' ) ORDER BY addtime desc LIMIT 3   [ RunTime:0.000461s ]
SQL: SELECT COUNT(*) AS tp_count FROM `bbs_message` WHERE ( (`keyword` LIKE '31') OR (`keyword` LIKE '%,31') OR (`keyword` LIKE '31,%') OR (`keyword` LIKE '%,31,%') ) AND ( `status` = '1' ) LIMIT 1   [ RunTime:0.000597s ]
SQL: SELECT `id`,`title` FROM `bbs_message` WHERE ( (`keyword` LIKE '33') OR (`keyword` LIKE '%,33') OR (`keyword` LIKE '33,%') OR (`keyword` LIKE '%,33,%') ) AND ( `status` = '1' ) ORDER BY addtime desc LIMIT 3   [ RunTime:0.000301s ]
SQL: SELECT COUNT(*) AS tp_count FROM `bbs_message` WHERE ( (`keyword` LIKE '33') OR (`keyword` LIKE '%,33') OR (`keyword` LIKE '33,%') OR (`keyword` LIKE '%,33,%') ) AND ( `status` = '1' ) LIMIT 1   [ RunTime:0.000279s ]
SQL: SELECT `id`,`title` FROM `bbs_message` WHERE ( (`keyword` LIKE '30') OR (`keyword` LIKE '%,30') OR (`keyword` LIKE '30,%') OR (`keyword` LIKE '%,30,%') ) AND ( `status` = '1' ) ORDER BY addtime desc LIMIT 3   [ RunTime:0.000316s ]
SQL: SELECT COUNT(*) AS tp_count FROM `bbs_message` WHERE ( (`keyword` LIKE '30') OR (`keyword` LIKE '%,30') OR (`keyword` LIKE '30,%') OR (`keyword` LIKE '%,30,%') ) AND ( `status` = '1' ) LIMIT 1   [ RunTime:0.000303s ]
SQL: SELECT `id`,`title` FROM `bbs_message` WHERE ( (`keyword` LIKE '') OR (`keyword` LIKE '%,') OR (`keyword` LIKE ',%') OR (`keyword` LIKE '%,,%') ) AND ( `status` = '1' ) ORDER BY addtime desc LIMIT 3   [ RunTime:0.000341s ]
SQL: SELECT COUNT(*) AS tp_count FROM `bbs_message` WHERE ( (`keyword` LIKE '') OR (`keyword` LIKE '%,') OR (`keyword` LIKE ',%') OR (`keyword` LIKE '%,,%') ) AND ( `status` = '1' ) LIMIT 1   [ RunTime:0.000295s ]
SQL: SELECT `id`,`title` FROM `bbs_message` WHERE ( (`keyword` LIKE '') OR (`keyword` LIKE '%,') OR (`keyword` LIKE ',%') OR (`keyword` LIKE '%,,%') ) AND ( `status` = '1' ) ORDER BY addtime desc LIMIT 3   [ RunTime:0.000303s ]
SQL: SELECT COUNT(*) AS tp_count FROM `bbs_message` WHERE ( (`keyword` LIKE '') OR (`keyword` LIKE '%,') OR (`keyword` LIKE ',%') OR (`keyword` LIKE '%,,%') ) AND ( `status` = '1' ) LIMIT 1   [ RunTime:0.000282s ]
SQL: SHOW COLUMNS FROM `bbs_question` [ RunTime:0.004476s ]
SQL: SELECT `id`,`uid`,`content` FROM `bbs_question` WHERE ( `status` = '1' ) AND ( `isbest` = '1' ) AND ( `replay` <> '' ) ORDER BY addtime desc LIMIT 6   [ RunTime:0.000503s ]
SQL: SHOW COLUMNS FROM `edu_flink` [ RunTime:0.005306s ]
SQL: SELECT * FROM `edu_flink` WHERE ( status=2 )  [ RunTime:0.000446s ]
NOTIC: [8] Undefined index: user D:\wamp\www\edu\Home\Lib\Action\IndexAction.class.php 第 132 行.
INFO: [ view_parse ] --START--
NOTIC: [8] Undefined index: user D:\wamp\www\edu\Home\Runtime\Cache\a0df498f3fa8ed5d3704c11b76d93149f0b249f5.file.index.html.php 第 145 行.
NOTIC: [8] Undefined index: user D:\wamp\www\edu\Home\Runtime\Cache\a0df498f3fa8ed5d3704c11b76d93149f0b249f5.file.index.html.php 第 204 行.
NOTIC: [8] Undefined index: id D:\wamp\www\edu\Home\Runtime\Cache\a0df498f3fa8ed5d3704c11b76d93149f0b249f5.file.index.html.php 第 719 行.
NOTIC: [8] Undefined index: name D:\wamp\www\edu\Home\Runtime\Cache\a0df498f3fa8ed5d3704c11b76d93149f0b249f5.file.index.html.php 第 720 行.
NOTIC: [8] Undefined index: id D:\wamp\www\edu\Home\Runtime\Cache\a0df498f3fa8ed5d3704c11b76d93149f0b249f5.file.index.html.php 第 719 行.
NOTIC: [8] Undefined index: name D:\wamp\www\edu\Home\Runtime\Cache\a0df498f3fa8ed5d3704c11b76d93149f0b249f5.file.index.html.php 第 720 行.
INFO: ParseTemplate Behavior ::run [ RunTime:0.260513s ]
INFO: [ view_parse ] --END-- [ RunTime:0.260676s ]
INFO: [ view_filter ] --START--
INFO: ContentReplace Behavior ::run [ RunTime:0.047383s ]
INFO: TokenBuild Behavior ::run [ RunTime:0.002611s ]
INFO: WriteHtmlCache Behavior ::run [ RunTime:0.006157s ]
INFO: ShowRuntime Behavior ::run [ RunTime:0.004624s ]
INFO: [ view_filter ] --END-- [ RunTime:0.061202s ]
INFO: [ view_end ] --START--
INFO: ShowPageTrace Behavior ::run [ RunTime:0.007812s ]
INFO: [ view_end ] --END-- [ RunTime:0.007946s ]

[ 2016-11-08T20:41:13+08:00 ] 0.0.0.0 /edu/
INFO: [ app_begin ] --START--
INFO: ReadHtmlCache Behavior ::run [ RunTime:0.001083s ]
INFO: [ app_begin ] --END-- [ RunTime:0.001256s ]
SQL: SHOW COLUMNS FROM `edu_clicknum` [ RunTime:0.004334s ]
SQL: SELECT * FROM `edu_clicknum` WHERE ( `id` = 1 ) LIMIT 1   [ RunTime:0.000313s ]
NOTIC: [8] Undefined index: clicknum D:\wamp\www\edu\Home\Lib\Action\IndexAction.class.php 第 9 行.
SQL: SHOW COLUMNS FROM `edu_notice` [ RunTime:0.004350s ]
SQL: SELECT * FROM `edu_notice` ORDER BY addtime desc LIMIT 6   [ RunTime:0.000288s ]
SQL: SHOW COLUMNS FROM `edu_library` [ RunTime:0.005687s ]
SQL: SELECT * FROM `edu_library` ORDER BY addtime desc LIMIT 3   [ RunTime:0.000419s ]
NOTIC: [8] Undefined index: _type D:\wamp\www\edu\ThinkPHP\Lib\Core\Model.class.php 第 583 行.
SQL: SELECT `username` FROM `edu_users` WHERE ( `id` = '55' ) LIMIT 1   [ RunTime:0.000330s ]
NOTIC: [8] Undefined index: _type D:\wamp\www\edu\ThinkPHP\Lib\Core\Model.class.php 第 583 行.
SQL: SELECT `username` FROM `edu_users` WHERE ( `id` = '55' ) LIMIT 1   [ RunTime:0.000241s ]
SQL: SELECT * FROM `edu_library` ORDER BY dwloadnum desc LIMIT 10   [ RunTime:0.000332s ]
NOTIC: [8] Undefined index: _type D:\wamp\www\edu\ThinkPHP\Lib\Core\Model.class.php 第 583 行.
SQL: SELECT `username` FROM `edu_users` WHERE ( `id` = '55' ) LIMIT 1   [ RunTime:0.000258s ]
NOTIC: [8] Undefined index: _type D:\wamp\www\edu\ThinkPHP\Lib\Core\Model.class.php 第 583 行.
SQL: SELECT `username` FROM `edu_users` WHERE ( `id` = '55' ) LIMIT 1   [ RunTime:0.000233s ]
SQL: select uid,count(*) num from edu_library group by uid order by num desc limit 8 [ RunTime:0.000428s ]
SQL: SHOW COLUMNS FROM `edu_users` [ RunTime:0.004866s ]
SQL: SELECT `username`,`picture` FROM `edu_users` WHERE ( `id` = 55 ) LIMIT 1   [ RunTime:0.000347s ]
SQL: SHOW COLUMNS FROM `edu_friend` [ RunTime:0.004121s ]
SQL: SELECT COUNT(*) AS tp_count FROM `edu_friend` WHERE ( uid=55 ) LIMIT 1   [ RunTime:0.000310s ]
SQL: SHOW COLUMNS FROM `edu_video` [ RunTime:0.005305s ]
SQL: SELECT * FROM `edu_video` ORDER BY addtime desc LIMIT 3   [ RunTime:0.000468s ]
SQL: SELECT * FROM `edu_video` WHERE ( status=2 ) ORDER BY favonum desc LIMIT 8   [ RunTime:0.000444s ]
SQL: SELECT * FROM `edu_video` WHERE ( status=2 ) ORDER BY clicknum desc LIMIT 10   [ RunTime:0.000594s ]
SQL: SHOW COLUMNS FROM `edu_cat` [ RunTime:0.004584s ]
SQL: SELECT `id`,`name` FROM `edu_cat` WHERE ( pid=0 ) LIMIT 6   [ RunTime:0.000339s ]
SQL: SELECT * FROM `edu_video` WHERE ( status=2 ) ORDER BY addtime desc LIMIT 5   [ RunTime:0.000375s ]
SQL: select nid,count(*) num from edu_zan where nid<>0 group by nid order by num desc limit 3 [ RunTime:0.000227s ]
SQL: select uid,count(*) num from edu_note group by uid order by num desc limit 8 [ RunTime:0.000447s ]
ERR: 1146:Table 'edu002.edu_note' doesn't exist
 [ SQL语句 ] : select uid,count(*) num from edu_note group by uid order by num desc limit 8
NOTIC: [2] Invalid argument supplied for foreach() D:\wamp\www\edu\Home\Lib\Action\IndexAction.class.php 第 79 行.
SQL: SHOW COLUMNS FROM `edu_cat` [ RunTime:0.004229s ]
SQL: SELECT `id`,`name` FROM `edu_cat` WHERE ( pid!=0 )  [ RunTime:0.000335s ]
NOTIC: [8] Undefined offset: 4 D:\wamp\www\edu\Home\Lib\Action\IndexAction.class.php 第 92 行.
NOTIC: [8] Undefined offset: 5 D:\wamp\www\edu\Home\Lib\Action\IndexAction.class.php 第 92 行.
SQL: SHOW COLUMNS FROM `bbs_message` [ RunTime:0.004930s ]
SQL: SELECT `id`,`title` FROM `bbs_message` WHERE ( (`keyword` LIKE '30') OR (`keyword` LIKE '%,30') OR (`keyword` LIKE '30,%') OR (`keyword` LIKE '%,30,%') ) AND ( `status` = '1' ) ORDER BY addtime desc LIMIT 3   [ RunTime:0.000364s ]
SQL: SELECT COUNT(*) AS tp_count FROM `bbs_message` WHERE ( (`keyword` LIKE '30') OR (`keyword` LIKE '%,30') OR (`keyword` LIKE '30,%') OR (`keyword` LIKE '%,30,%') ) AND ( `status` = '1' ) LIMIT 1   [ RunTime:0.000302s ]
SQL: SELECT `id`,`title` FROM `bbs_message` WHERE ( (`keyword` LIKE '32') OR (`keyword` LIKE '%,32') OR (`keyword` LIKE '32,%') OR (`keyword` LIKE '%,32,%') ) AND ( `status` = '1' ) ORDER BY addtime desc LIMIT 3   [ RunTime:0.000379s ]
SQL: SELECT COUNT(*) AS tp_count FROM `bbs_message` WHERE ( (`keyword` LIKE '32') OR (`keyword` LIKE '%,32') OR (`keyword` LIKE '32,%') OR (`keyword` LIKE '%,32,%') ) AND ( `status` = '1' ) LIMIT 1   [ RunTime:0.000531s ]
SQL: SELECT `id`,`title` FROM `bbs_message` WHERE ( (`keyword` LIKE '33') OR (`keyword` LIKE '%,33') OR (`keyword` LIKE '33,%') OR (`keyword` LIKE '%,33,%') ) AND ( `status` = '1' ) ORDER BY addtime desc LIMIT 3   [ RunTime:0.000368s ]
SQL: SELECT COUNT(*) AS tp_count FROM `bbs_message` WHERE ( (`keyword` LIKE '33') OR (`keyword` LIKE '%,33') OR (`keyword` LIKE '33,%') OR (`keyword` LIKE '%,33,%') ) AND ( `status` = '1' ) LIMIT 1   [ RunTime:0.000297s ]
SQL: SELECT `id`,`title` FROM `bbs_message` WHERE ( (`keyword` LIKE '31') OR (`keyword` LIKE '%,31') OR (`keyword` LIKE '31,%') OR (`keyword` LIKE '%,31,%') ) AND ( `status` = '1' ) ORDER BY addtime desc LIMIT 3   [ RunTime:0.000319s ]
SQL: SELECT COUNT(*) AS tp_count FROM `bbs_message` WHERE ( (`keyword` LIKE '31') OR (`keyword` LIKE '%,31') OR (`keyword` LIKE '31,%') OR (`keyword` LIKE '%,31,%') ) AND ( `status` = '1' ) LIMIT 1   [ RunTime:0.000285s ]
SQL: SELECT `id`,`title` FROM `bbs_message` WHERE ( (`keyword` LIKE '') OR (`keyword` LIKE '%,') OR (`keyword` LIKE ',%') OR (`keyword` LIKE '%,,%') ) AND ( `status` = '1' ) ORDER BY addtime desc LIMIT 3   [ RunTime:0.000292s ]
SQL: SELECT COUNT(*) AS tp_count FROM `bbs_message` WHERE ( (`keyword` LIKE '') OR (`keyword` LIKE '%,') OR (`keyword` LIKE ',%') OR (`keyword` LIKE '%,,%') ) AND ( `status` = '1' ) LIMIT 1   [ RunTime:0.000290s ]
SQL: SELECT `id`,`title` FROM `bbs_message` WHERE ( (`keyword` LIKE '') OR (`keyword` LIKE '%,') OR (`keyword` LIKE ',%') OR (`keyword` LIKE '%,,%') ) AND ( `status` = '1' ) ORDER BY addtime desc LIMIT 3   [ RunTime:0.000295s ]
SQL: SELECT COUNT(*) AS tp_count FROM `bbs_message` WHERE ( (`keyword` LIKE '') OR (`keyword` LIKE '%,') OR (`keyword` LIKE ',%') OR (`keyword` LIKE '%,,%') ) AND ( `status` = '1' ) LIMIT 1   [ RunTime:0.000276s ]
SQL: SHOW COLUMNS FROM `bbs_question` [ RunTime:0.004663s ]
SQL: SELECT `id`,`uid`,`content` FROM `bbs_question` WHERE ( `status` = '1' ) AND ( `isbest` = '1' ) AND ( `replay` <> '' ) ORDER BY addtime desc LIMIT 6   [ RunTime:0.000327s ]
SQL: SHOW COLUMNS FROM `edu_flink` [ RunTime:0.004242s ]
SQL: SELECT * FROM `edu_flink` WHERE ( status=2 )  [ RunTime:0.000364s ]
NOTIC: [8] Undefined index: user D:\wamp\www\edu\Home\Lib\Action\IndexAction.class.php 第 132 行.
INFO: [ view_parse ] --START--
NOTIC: [8] Undefined index: user D:\wamp\www\edu\Home\Runtime\Cache\a0df498f3fa8ed5d3704c11b76d93149f0b249f5.file.index.html.php 第 145 行.
NOTIC: [8] Undefined index: user D:\wamp\www\edu\Home\Runtime\Cache\a0df498f3fa8ed5d3704c11b76d93149f0b249f5.file.index.html.php 第 204 行.
NOTIC: [8] Undefined index: id D:\wamp\www\edu\Home\Runtime\Cache\a0df498f3fa8ed5d3704c11b76d93149f0b249f5.file.index.html.php 第 719 行.
NOTIC: [8] Undefined index: name D:\wamp\www\edu\Home\Runtime\Cache\a0df498f3fa8ed5d3704c11b76d93149f0b249f5.file.index.html.php 第 720 行.
NOTIC: [8] Undefined index: id D:\wamp\www\edu\Home\Runtime\Cache\a0df498f3fa8ed5d3704c11b76d93149f0b249f5.file.index.html.php 第 719 行.
NOTIC: [8] Undefined index: name D:\wamp\www\edu\Home\Runtime\Cache\a0df498f3fa8ed5d3704c11b76d93149f0b249f5.file.index.html.php 第 720 行.
INFO: ParseTemplate Behavior ::run [ RunTime:0.019001s ]
INFO: [ view_parse ] --END-- [ RunTime:0.019145s ]
INFO: [ view_filter ] --START--
INFO: ContentReplace Behavior ::run [ RunTime:0.001407s ]
INFO: TokenBuild Behavior ::run [ RunTime:0.001025s ]
INFO: WriteHtmlCache Behavior ::run [ RunTime:0.000795s ]
INFO: ShowRuntime Behavior ::run [ RunTime:0.000981s ]
INFO: [ view_filter ] --END-- [ RunTime:0.004615s ]
INFO: [ view_end ] --START--
INFO: ShowPageTrace Behavior ::run [ RunTime:0.001074s ]
INFO: [ view_end ] --END-- [ RunTime:0.001211s ]

